[0.009s] Invoking command in '/home/abhishek/my_ws/build/my_bot': CMAKE_PREFIX_PATH=/home/abhishek/ros2_ws/install/my_robot_control:/opt/ros/humble /usr/bin/cmake /home/abhishek/my_ws/src2/my_robo -DAMENT_CMAKE_SYMLINK_INSTALL=1 -DCMAKE_INSTALL_PREFIX=/home/abhishek/my_ws/install/my_bot
[0.091s] -- The C compiler identification is GNU 11.4.0
[0.156s] -- The CXX compiler identification is GNU 11.4.0
[0.163s] -- Detecting C compiler ABI info
[0.209s] -- Detecting C compiler ABI info - done
[0.214s] -- Check for working C compiler: /usr/bin/cc - skipped
[0.215s] -- Detecting C compile features
[0.215s] -- Detecting C compile features - done
[0.218s] -- Detecting CXX compiler ABI info
[0.271s] -- Detecting CXX compiler ABI info - done
[0.276s] -- Check for working CXX compiler: /usr/bin/c++ - skipped
[0.276s] -- Detecting CXX compile features
[0.276s] -- Detecting CXX compile features - done
[0.282s] -- Found ament_cmake: 1.3.9 (/opt/ros/humble/share/ament_cmake/cmake)
[0.383s] -- Found Python3: /usr/bin/python3 (found version "3.10.12") found components: Interpreter 
[0.426s] -- Override CMake install command with custom implementation using symlinks instead of copying resources
[0.446s] -- Found ament_lint_auto: 0.12.11 (/opt/ros/humble/share/ament_lint_auto/cmake)
[0.501s] -- Added test 'copyright' to check source files copyright and LICENSE
[0.504s] -- Added test 'flake8' to check Python code syntax and style conventions
[0.504s] -- Added test 'lint_cmake' to check CMake code style
[0.505s] -- Added test 'pep257' to check Python code against some of the docstring style conventions in PEP 257
[0.506s] -- Added test 'xmllint' to check XML markup files
[0.507s] -- Configuring done
[0.509s] -- Generating done
[0.509s] -- Build files have been written to: /home/abhishek/my_ws/build/my_bot
[0.513s] Invoked command in '/home/abhishek/my_ws/build/my_bot' returned '0': CMAKE_PREFIX_PATH=/home/abhishek/ros2_ws/install/my_robot_control:/opt/ros/humble /usr/bin/cmake /home/abhishek/my_ws/src2/my_robo -DAMENT_CMAKE_SYMLINK_INSTALL=1 -DCMAKE_INSTALL_PREFIX=/home/abhishek/my_ws/install/my_bot
[0.514s] Invoking command in '/home/abhishek/my_ws/build/my_bot': CMAKE_PREFIX_PATH=/home/abhishek/ros2_ws/install/my_robot_control:/opt/ros/humble /usr/bin/cmake --build /home/abhishek/my_ws/build/my_bot -- -j16 -l16
[0.540s] Invoked command in '/home/abhishek/my_ws/build/my_bot' returned '0': CMAKE_PREFIX_PATH=/home/abhishek/ros2_ws/install/my_robot_control:/opt/ros/humble /usr/bin/cmake --build /home/abhishek/my_ws/build/my_bot -- -j16 -l16
[0.561s] Invoking command in '/home/abhishek/my_ws/build/my_bot': CMAKE_PREFIX_PATH=/home/abhishek/ros2_ws/install/my_robot_control:/opt/ros/humble /usr/bin/cmake --install /home/abhishek/my_ws/build/my_bot
[0.566s] -- Install configuration: ""
[0.566s] -- Execute custom install script
[0.566s] -- Symlinking: /home/abhishek/my_ws/install/my_bot/share/my_bot/config/empty.yaml
[0.573s] -- Symlinking: /home/abhishek/my_ws/install/my_bot/share/my_bot/description/inertial_macros.xacro
[0.578s] -- Symlinking: /home/abhishek/my_ws/install/my_bot/share/my_bot/description/robot.urdf.xacro
[0.583s] -- Symlinking: /home/abhishek/my_ws/install/my_bot/share/my_bot/description/robot_core.xacro
[0.589s] -- Symlinking: /home/abhishek/my_ws/install/my_bot/share/my_bot/launch/launch_sim.launch.py
[0.594s] -- Symlinking: /home/abhishek/my_ws/install/my_bot/share/my_bot/launch/rsp.launch.py
[0.600s] -- Symlinking: /home/abhishek/my_ws/install/my_bot/share/my_bot/worlds/empty.world
[0.606s] -- Symlinking: /home/abhishek/my_ws/install/my_bot/share/ament_index/resource_index/package_run_dependencies/my_bot
[0.611s] -- Symlinking: /home/abhishek/my_ws/install/my_bot/share/ament_index/resource_index/parent_prefix_path/my_bot
[0.617s] -- Symlinking: /home/abhishek/my_ws/install/my_bot/share/my_bot/environment/ament_prefix_path.sh
[0.622s] -- Symlinking: /home/abhishek/my_ws/install/my_bot/share/my_bot/environment/ament_prefix_path.dsv
[0.628s] -- Symlinking: /home/abhishek/my_ws/install/my_bot/share/my_bot/environment/path.sh
[0.635s] -- Symlinking: /home/abhishek/my_ws/install/my_bot/share/my_bot/environment/path.dsv
[0.640s] -- Symlinking: /home/abhishek/my_ws/install/my_bot/share/my_bot/local_setup.bash
[0.645s] -- Symlinking: /home/abhishek/my_ws/install/my_bot/share/my_bot/local_setup.sh
[0.650s] -- Symlinking: /home/abhishek/my_ws/install/my_bot/share/my_bot/local_setup.zsh
[0.655s] -- Symlinking: /home/abhishek/my_ws/install/my_bot/share/my_bot/local_setup.dsv
[0.661s] -- Symlinking: /home/abhishek/my_ws/install/my_bot/share/my_bot/package.dsv
[0.667s] -- Symlinking: /home/abhishek/my_ws/install/my_bot/share/ament_index/resource_index/packages/my_bot
[0.673s] -- Symlinking: /home/abhishek/my_ws/install/my_bot/share/my_bot/cmake/my_botConfig.cmake
[0.678s] -- Symlinking: /home/abhishek/my_ws/install/my_bot/share/my_bot/cmake/my_botConfig-version.cmake
[0.684s] -- Symlinking: /home/abhishek/my_ws/install/my_bot/share/my_bot/package.xml
[0.691s] Invoked command in '/home/abhishek/my_ws/build/my_bot' returned '0': CMAKE_PREFIX_PATH=/home/abhishek/ros2_ws/install/my_robot_control:/opt/ros/humble /usr/bin/cmake --install /home/abhishek/my_ws/build/my_bot
