[1.063s] Invoking command in '/home/abhishek/my_ws/build/ball_tracker': PYTHONPATH=/home/abhishek/my_ws/build/ball_tracker/prefix_override:/home/abhishek/my_ws/install/ball_tracker/lib/python3.10/site-packages:${PYTHONPATH} /usr/bin/python3 -W ignore:setup.py install is deprecated setup.py develop --editable --build-directory /home/abhishek/my_ws/build/ball_tracker/build --no-deps symlink_data
[1.227s] /home/abhishek/.local/lib/python3.10/site-packages/setuptools/dist.py:476: SetuptoolsDeprecationWarning: Invalid dash-separated options
[1.228s] !!
[1.228s] 
[1.228s]         ********************************************************************************
[1.228s]         Usage of dash-separated 'script-dir' will not be supported in future
[1.228s]         versions. Please use the underscore name 'script_dir' instead.
[1.228s] 
[1.228s]         By 2024-Sep-26, you need to update your project and remove deprecated calls
[1.228s]         or your builds will no longer be supported.
[1.228s] 
[1.228s]         See https://setuptools.pypa.io/en/latest/userguide/declarative_config.html for details.
[1.228s]         ********************************************************************************
[1.228s] 
[1.228s] !!
[1.228s]   opt = self.warn_dash_deprecation(opt, section)
[1.502s] running develop
[1.504s] /home/abhishek/.local/lib/python3.10/site-packages/setuptools/command/develop.py:42: EasyInstallDeprecationWarning: easy_install command is deprecated.
[1.504s] !!
[1.504s] 
[1.504s]         ********************************************************************************
[1.504s]         Please avoid running ``setup.py`` and ``easy_install``.
[1.505s]         Instead, use pypa/build, pypa/installer or other
[1.505s]         standards-based tools.
[1.505s] 
[1.505s]         See https://github.com/pypa/setuptools/issues/917 for details.
[1.505s]         ********************************************************************************
[1.505s] 
[1.505s] !!
[1.505s]   easy_install.initialize_options(self)
[2.093s] running egg_info
[2.119s] writing ball_tracker.egg-info/PKG-INFO
[2.119s] writing dependency_links to ball_tracker.egg-info/dependency_links.txt
[2.120s] writing entry points to ball_tracker.egg-info/entry_points.txt
[2.120s] writing requirements to ball_tracker.egg-info/requires.txt
[2.120s] writing top-level names to ball_tracker.egg-info/top_level.txt
[2.165s] reading manifest file 'ball_tracker.egg-info/SOURCES.txt'
[2.167s] writing manifest file 'ball_tracker.egg-info/SOURCES.txt'
[2.185s] running build_ext
[2.185s] Creating /home/abhishek/my_ws/install/ball_tracker/lib/python3.10/site-packages/ball-tracker.egg-link (link to .)
[2.186s] Installing detect_ball script to /home/abhishek/my_ws/install/ball_tracker/lib/ball_tracker
[2.186s] Installing detect_ball_3d script to /home/abhishek/my_ws/install/ball_tracker/lib/ball_tracker
[2.186s] Installing follow_ball script to /home/abhishek/my_ws/install/ball_tracker/lib/ball_tracker
[2.187s] 
[2.187s] Installed /home/abhishek/my_ws/build/ball_tracker
[2.187s] running symlink_data
[2.227s] Invoked command in '/home/abhishek/my_ws/build/ball_tracker' returned '0': PYTHONPATH=/home/abhishek/my_ws/build/ball_tracker/prefix_override:/home/abhishek/my_ws/install/ball_tracker/lib/python3.10/site-packages:${PYTHONPATH} /usr/bin/python3 -W ignore:setup.py install is deprecated setup.py develop --editable --build-directory /home/abhishek/my_ws/build/ball_tracker/build --no-deps symlink_data
