[0.063s] DEBUG:colcon:Command line arguments: ['/usr/bin/colcon', 'build', '--symlink-install']
[0.063s] DEBUG:colcon:Parsed command line arguments: Namespace(log_base=None, log_level=None, verb_name='build', build_base='build', install_base='install', merge_install=False, symlink_install=True, test_result_base=None, continue_on_error=False, executor='parallel', parallel_workers=16, event_handlers=None, ignore_user_meta=False, metas=['./colcon.meta'], base_paths=['.'], packages_ignore=None, packages_ignore_regex=None, paths=None, packages_up_to=None, packages_up_to_regex=None, packages_above=None, packages_above_and_dependencies=None, packages_above_depth=None, packages_select_by_dep=None, packages_skip_by_dep=None, packages_skip_up_to=None, packages_select_build_failed=False, packages_skip_build_finished=False, packages_select_test_failures=False, packages_skip_test_passed=False, packages_select=None, packages_skip=None, packages_select_regex=None, packages_skip_regex=None, packages_start=None, packages_end=None, allow_overriding=[], cmake_args=None, cmake_target=None, cmake_target_skip_unavailable=False, cmake_clean_cache=False, cmake_clean_first=False, cmake_force_configure=False, ament_cmake_args=None, catkin_cmake_args=None, catkin_skip_building_tests=False, mixin_files=None, mixin=None, verb_parser=<colcon_mixin.mixin.mixin_argument.MixinArgumentDecorator object at 0x7add2b33dba0>, verb_extension=<colcon_core.verb.build.BuildVerb object at 0x7add2b33d6c0>, main=<bound method BuildVerb.main of <colcon_core.verb.build.BuildVerb object at 0x7add2b33d6c0>>, mixin_verb=('build',))
[0.156s] Level 1:colcon.colcon_core.package_discovery:discover_packages(colcon_meta) check parameters
[0.156s] Level 1:colcon.colcon_core.package_discovery:discover_packages(recursive) check parameters
[0.156s] Level 1:colcon.colcon_core.package_discovery:discover_packages(ignore) check parameters
[0.156s] Level 1:colcon.colcon_core.package_discovery:discover_packages(path) check parameters
[0.156s] Level 1:colcon.colcon_core.package_discovery:discover_packages(colcon_meta) discover
[0.156s] Level 1:colcon.colcon_core.package_discovery:discover_packages(recursive) discover
[0.156s] INFO:colcon.colcon_core.package_discovery:Crawling recursively for packages in '/home/abhishek/my_ws'
[0.156s] Level 1:colcon.colcon_core.package_identification:_identify(.) by extensions ['ignore', 'ignore_ament_install']
[0.156s] Level 1:colcon.colcon_core.package_identification:_identify(.) by extension 'ignore'
[0.156s] Level 1:colcon.colcon_core.package_identification:_identify(.) by extension 'ignore_ament_install'
[0.156s] Level 1:colcon.colcon_core.package_identification:_identify(.) by extensions ['colcon_pkg']
[0.156s] Level 1:colcon.colcon_core.package_identification:_identify(.) by extension 'colcon_pkg'
[0.156s] Level 1:colcon.colcon_core.package_identification:_identify(.) by extensions ['colcon_meta']
[0.156s] Level 1:colcon.colcon_core.package_identification:_identify(.) by extension 'colcon_meta'
[0.156s] Level 1:colcon.colcon_core.package_identification:_identify(.) by extensions ['ros']
[0.156s] Level 1:colcon.colcon_core.package_identification:_identify(.) by extension 'ros'
[0.163s] Level 1:colcon.colcon_core.package_identification:_identify(.) by extensions ['cmake', 'python']
[0.163s] Level 1:colcon.colcon_core.package_identification:_identify(.) by extension 'cmake'
[0.163s] Level 1:colcon.colcon_core.package_identification:_identify(.) by extension 'python'
[0.163s] Level 1:colcon.colcon_core.package_identification:_identify(.) by extensions ['python_setup_py']
[0.163s] Level 1:colcon.colcon_core.package_identification:_identify(.) by extension 'python_setup_py'
[0.163s] Level 1:colcon.colcon_core.package_identification:_identify(build) by extensions ['ignore', 'ignore_ament_install']
[0.163s] Level 1:colcon.colcon_core.package_identification:_identify(build) by extension 'ignore'
[0.163s] Level 1:colcon.colcon_core.package_identification:_identify(build) ignored
[0.163s] Level 1:colcon.colcon_core.package_identification:_identify(install) by extensions ['ignore', 'ignore_ament_install']
[0.163s] Level 1:colcon.colcon_core.package_identification:_identify(install) by extension 'ignore'
[0.163s] Level 1:colcon.colcon_core.package_identification:_identify(install) ignored
[0.163s] Level 1:colcon.colcon_core.package_identification:_identify(log) by extensions ['ignore', 'ignore_ament_install']
[0.163s] Level 1:colcon.colcon_core.package_identification:_identify(log) by extension 'ignore'
[0.163s] Level 1:colcon.colcon_core.package_identification:_identify(log) ignored
[0.163s] Level 1:colcon.colcon_core.package_identification:_identify(my_robo) by extensions ['ignore', 'ignore_ament_install']
[0.163s] Level 1:colcon.colcon_core.package_identification:_identify(my_robo) by extension 'ignore'
[0.163s] Level 1:colcon.colcon_core.package_identification:_identify(my_robo) by extension 'ignore_ament_install'
[0.163s] Level 1:colcon.colcon_core.package_identification:_identify(my_robo) by extensions ['colcon_pkg']
[0.163s] Level 1:colcon.colcon_core.package_identification:_identify(my_robo) by extension 'colcon_pkg'
[0.163s] Level 1:colcon.colcon_core.package_identification:_identify(my_robo) by extensions ['colcon_meta']
[0.163s] Level 1:colcon.colcon_core.package_identification:_identify(my_robo) by extension 'colcon_meta'
[0.163s] Level 1:colcon.colcon_core.package_identification:_identify(my_robo) by extensions ['ros']
[0.163s] Level 1:colcon.colcon_core.package_identification:_identify(my_robo) by extension 'ros'
[0.165s] DEBUG:colcon.colcon_core.package_identification:Package 'my_robo' with type 'ros.ament_python' and name 'my_robo'
[0.165s] Level 1:colcon.colcon_core.package_identification:_identify(src2) by extensions ['ignore', 'ignore_ament_install']
[0.165s] Level 1:colcon.colcon_core.package_identification:_identify(src2) by extension 'ignore'
[0.165s] Level 1:colcon.colcon_core.package_identification:_identify(src2) by extension 'ignore_ament_install'
[0.165s] Level 1:colcon.colcon_core.package_identification:_identify(src2) by extensions ['colcon_pkg']
[0.165s] Level 1:colcon.colcon_core.package_identification:_identify(src2) by extension 'colcon_pkg'
[0.165s] Level 1:colcon.colcon_core.package_identification:_identify(src2) by extensions ['colcon_meta']
[0.165s] Level 1:colcon.colcon_core.package_identification:_identify(src2) by extension 'colcon_meta'
[0.165s] Level 1:colcon.colcon_core.package_identification:_identify(src2) by extensions ['ros']
[0.165s] Level 1:colcon.colcon_core.package_identification:_identify(src2) by extension 'ros'
[0.165s] Level 1:colcon.colcon_core.package_identification:_identify(src2) by extensions ['cmake', 'python']
[0.165s] Level 1:colcon.colcon_core.package_identification:_identify(src2) by extension 'cmake'
[0.165s] Level 1:colcon.colcon_core.package_identification:_identify(src2) by extension 'python'
[0.165s] Level 1:colcon.colcon_core.package_identification:_identify(src2) by extensions ['python_setup_py']
[0.165s] Level 1:colcon.colcon_core.package_identification:_identify(src2) by extension 'python_setup_py'
[0.165s] Level 1:colcon.colcon_core.package_identification:_identify(src2/build) by extensions ['ignore', 'ignore_ament_install']
[0.165s] Level 1:colcon.colcon_core.package_identification:_identify(src2/build) by extension 'ignore'
[0.165s] Level 1:colcon.colcon_core.package_identification:_identify(src2/build) by extension 'ignore_ament_install'
[0.165s] Level 1:colcon.colcon_core.package_identification:_identify(src2/build) by extensions ['colcon_pkg']
[0.165s] Level 1:colcon.colcon_core.package_identification:_identify(src2/build) by extension 'colcon_pkg'
[0.165s] Level 1:colcon.colcon_core.package_identification:_identify(src2/build) by extensions ['colcon_meta']
[0.165s] Level 1:colcon.colcon_core.package_identification:_identify(src2/build) by extension 'colcon_meta'
[0.165s] Level 1:colcon.colcon_core.package_identification:_identify(src2/build) by extensions ['ros']
[0.165s] Level 1:colcon.colcon_core.package_identification:_identify(src2/build) by extension 'ros'
[0.165s] Level 1:colcon.colcon_core.package_identification:_identify(src2/build) by extensions ['cmake', 'python']
[0.165s] Level 1:colcon.colcon_core.package_identification:_identify(src2/build) by extension 'cmake'
[0.165s] Level 1:colcon.colcon_core.package_identification:_identify(src2/build) by extension 'python'
[0.165s] Level 1:colcon.colcon_core.package_identification:_identify(src2/build) by extensions ['python_setup_py']
[0.165s] Level 1:colcon.colcon_core.package_identification:_identify(src2/build) by extension 'python_setup_py'
[0.165s] Level 1:colcon.colcon_core.package_identification:_identify(src2/build/my_robo) by extensions ['ignore', 'ignore_ament_install']
[0.166s] Level 1:colcon.colcon_core.package_identification:_identify(src2/build/my_robo) by extension 'ignore'
[0.166s] Level 1:colcon.colcon_core.package_identification:_identify(src2/build/my_robo) by extension 'ignore_ament_install'
[0.166s] Level 1:colcon.colcon_core.package_identification:_identify(src2/build/my_robo) by extensions ['colcon_pkg']
[0.166s] Level 1:colcon.colcon_core.package_identification:_identify(src2/build/my_robo) by extension 'colcon_pkg'
[0.166s] Level 1:colcon.colcon_core.package_identification:_identify(src2/build/my_robo) by extensions ['colcon_meta']
[0.166s] Level 1:colcon.colcon_core.package_identification:_identify(src2/build/my_robo) by extension 'colcon_meta'
[0.166s] Level 1:colcon.colcon_core.package_identification:_identify(src2/build/my_robo) by extensions ['ros']
[0.166s] Level 1:colcon.colcon_core.package_identification:_identify(src2/build/my_robo) by extension 'ros'
[0.166s] Level 1:colcon.colcon_core.package_identification:_identify(src2/build/my_robo) by extensions ['cmake', 'python']
[0.166s] Level 1:colcon.colcon_core.package_identification:_identify(src2/build/my_robo) by extension 'cmake'
[0.166s] Level 1:colcon.colcon_core.package_identification:_identify(src2/build/my_robo) by extension 'python'
[0.166s] Level 1:colcon.colcon_core.package_identification:_identify(src2/build/my_robo) by extensions ['python_setup_py']
[0.166s] Level 1:colcon.colcon_core.package_identification:_identify(src2/build/my_robo) by extension 'python_setup_py'
[0.166s] Level 1:colcon.colcon_core.package_identification:_identify(src2/build/my_robo/CMakeFiles) by extensions ['ignore', 'ignore_ament_install']
[0.166s] Level 1:colcon.colcon_core.package_identification:_identify(src2/build/my_robo/CMakeFiles) by extension 'ignore'
[0.166s] Level 1:colcon.colcon_core.package_identification:_identify(src2/build/my_robo/CMakeFiles) by extension 'ignore_ament_install'
[0.166s] Level 1:colcon.colcon_core.package_identification:_identify(src2/build/my_robo/CMakeFiles) by extensions ['colcon_pkg']
[0.166s] Level 1:colcon.colcon_core.package_identification:_identify(src2/build/my_robo/CMakeFiles) by extension 'colcon_pkg'
[0.166s] Level 1:colcon.colcon_core.package_identification:_identify(src2/build/my_robo/CMakeFiles) by extensions ['colcon_meta']
[0.166s] Level 1:colcon.colcon_core.package_identification:_identify(src2/build/my_robo/CMakeFiles) by extension 'colcon_meta'
[0.166s] Level 1:colcon.colcon_core.package_identification:_identify(src2/build/my_robo/CMakeFiles) by extensions ['ros']
[0.166s] Level 1:colcon.colcon_core.package_identification:_identify(src2/build/my_robo/CMakeFiles) by extension 'ros'
[0.166s] Level 1:colcon.colcon_core.package_identification:_identify(src2/build/my_robo/CMakeFiles) by extensions ['cmake', 'python']
[0.166s] Level 1:colcon.colcon_core.package_identification:_identify(src2/build/my_robo/CMakeFiles) by extension 'cmake'
[0.166s] Level 1:colcon.colcon_core.package_identification:_identify(src2/build/my_robo/CMakeFiles) by extension 'python'
[0.166s] Level 1:colcon.colcon_core.package_identification:_identify(src2/build/my_robo/CMakeFiles) by extensions ['python_setup_py']
[0.166s] Level 1:colcon.colcon_core.package_identification:_identify(src2/build/my_robo/CMakeFiles) by extension 'python_setup_py'
[0.166s] Level 1:colcon.colcon_core.package_identification:_identify(src2/build/my_robo/CMakeFiles/3.22.1) by extensions ['ignore', 'ignore_ament_install']
[0.166s] Level 1:colcon.colcon_core.package_identification:_identify(src2/build/my_robo/CMakeFiles/3.22.1) by extension 'ignore'
[0.166s] Level 1:colcon.colcon_core.package_identification:_identify(src2/build/my_robo/CMakeFiles/3.22.1) by extension 'ignore_ament_install'
[0.166s] Level 1:colcon.colcon_core.package_identification:_identify(src2/build/my_robo/CMakeFiles/3.22.1) by extensions ['colcon_pkg']
[0.166s] Level 1:colcon.colcon_core.package_identification:_identify(src2/build/my_robo/CMakeFiles/3.22.1) by extension 'colcon_pkg'
[0.166s] Level 1:colcon.colcon_core.package_identification:_identify(src2/build/my_robo/CMakeFiles/3.22.1) by extensions ['colcon_meta']
[0.166s] Level 1:colcon.colcon_core.package_identification:_identify(src2/build/my_robo/CMakeFiles/3.22.1) by extension 'colcon_meta'
[0.166s] Level 1:colcon.colcon_core.package_identification:_identify(src2/build/my_robo/CMakeFiles/3.22.1) by extensions ['ros']
[0.166s] Level 1:colcon.colcon_core.package_identification:_identify(src2/build/my_robo/CMakeFiles/3.22.1) by extension 'ros'
[0.166s] Level 1:colcon.colcon_core.package_identification:_identify(src2/build/my_robo/CMakeFiles/3.22.1) by extensions ['cmake', 'python']
[0.166s] Level 1:colcon.colcon_core.package_identification:_identify(src2/build/my_robo/CMakeFiles/3.22.1) by extension 'cmake'
[0.166s] Level 1:colcon.colcon_core.package_identification:_identify(src2/build/my_robo/CMakeFiles/3.22.1) by extension 'python'
[0.166s] Level 1:colcon.colcon_core.package_identification:_identify(src2/build/my_robo/CMakeFiles/3.22.1) by extensions ['python_setup_py']
[0.166s] Level 1:colcon.colcon_core.package_identification:_identify(src2/build/my_robo/CMakeFiles/3.22.1) by extension 'python_setup_py'
[0.166s] Level 1:colcon.colcon_core.package_identification:_identify(src2/build/my_robo/CMakeFiles/3.22.1/CompilerIdC) by extensions ['ignore', 'ignore_ament_install']
[0.166s] Level 1:colcon.colcon_core.package_identification:_identify(src2/build/my_robo/CMakeFiles/3.22.1/CompilerIdC) by extension 'ignore'
[0.167s] Level 1:colcon.colcon_core.package_identification:_identify(src2/build/my_robo/CMakeFiles/3.22.1/CompilerIdC) by extension 'ignore_ament_install'
[0.167s] Level 1:colcon.colcon_core.package_identification:_identify(src2/build/my_robo/CMakeFiles/3.22.1/CompilerIdC) by extensions ['colcon_pkg']
[0.167s] Level 1:colcon.colcon_core.package_identification:_identify(src2/build/my_robo/CMakeFiles/3.22.1/CompilerIdC) by extension 'colcon_pkg'
[0.167s] Level 1:colcon.colcon_core.package_identification:_identify(src2/build/my_robo/CMakeFiles/3.22.1/CompilerIdC) by extensions ['colcon_meta']
[0.167s] Level 1:colcon.colcon_core.package_identification:_identify(src2/build/my_robo/CMakeFiles/3.22.1/CompilerIdC) by extension 'colcon_meta'
[0.167s] Level 1:colcon.colcon_core.package_identification:_identify(src2/build/my_robo/CMakeFiles/3.22.1/CompilerIdC) by extensions ['ros']
[0.167s] Level 1:colcon.colcon_core.package_identification:_identify(src2/build/my_robo/CMakeFiles/3.22.1/CompilerIdC) by extension 'ros'
[0.167s] Level 1:colcon.colcon_core.package_identification:_identify(src2/build/my_robo/CMakeFiles/3.22.1/CompilerIdC) by extensions ['cmake', 'python']
[0.167s] Level 1:colcon.colcon_core.package_identification:_identify(src2/build/my_robo/CMakeFiles/3.22.1/CompilerIdC) by extension 'cmake'
[0.167s] Level 1:colcon.colcon_core.package_identification:_identify(src2/build/my_robo/CMakeFiles/3.22.1/CompilerIdC) by extension 'python'
[0.167s] Level 1:colcon.colcon_core.package_identification:_identify(src2/build/my_robo/CMakeFiles/3.22.1/CompilerIdC) by extensions ['python_setup_py']
[0.167s] Level 1:colcon.colcon_core.package_identification:_identify(src2/build/my_robo/CMakeFiles/3.22.1/CompilerIdC) by extension 'python_setup_py'
[0.167s] Level 1:colcon.colcon_core.package_identification:_identify(src2/build/my_robo/CMakeFiles/3.22.1/CompilerIdC/tmp) by extensions ['ignore', 'ignore_ament_install']
[0.167s] Level 1:colcon.colcon_core.package_identification:_identify(src2/build/my_robo/CMakeFiles/3.22.1/CompilerIdC/tmp) by extension 'ignore'
[0.167s] Level 1:colcon.colcon_core.package_identification:_identify(src2/build/my_robo/CMakeFiles/3.22.1/CompilerIdC/tmp) by extension 'ignore_ament_install'
[0.167s] Level 1:colcon.colcon_core.package_identification:_identify(src2/build/my_robo/CMakeFiles/3.22.1/CompilerIdC/tmp) by extensions ['colcon_pkg']
[0.167s] Level 1:colcon.colcon_core.package_identification:_identify(src2/build/my_robo/CMakeFiles/3.22.1/CompilerIdC/tmp) by extension 'colcon_pkg'
[0.167s] Level 1:colcon.colcon_core.package_identification:_identify(src2/build/my_robo/CMakeFiles/3.22.1/CompilerIdC/tmp) by extensions ['colcon_meta']
[0.167s] Level 1:colcon.colcon_core.package_identification:_identify(src2/build/my_robo/CMakeFiles/3.22.1/CompilerIdC/tmp) by extension 'colcon_meta'
[0.167s] Level 1:colcon.colcon_core.package_identification:_identify(src2/build/my_robo/CMakeFiles/3.22.1/CompilerIdC/tmp) by extensions ['ros']
[0.167s] Level 1:colcon.colcon_core.package_identification:_identify(src2/build/my_robo/CMakeFiles/3.22.1/CompilerIdC/tmp) by extension 'ros'
[0.167s] Level 1:colcon.colcon_core.package_identification:_identify(src2/build/my_robo/CMakeFiles/3.22.1/CompilerIdC/tmp) by extensions ['cmake', 'python']
[0.167s] Level 1:colcon.colcon_core.package_identification:_identify(src2/build/my_robo/CMakeFiles/3.22.1/CompilerIdC/tmp) by extension 'cmake'
[0.167s] Level 1:colcon.colcon_core.package_identification:_identify(src2/build/my_robo/CMakeFiles/3.22.1/CompilerIdC/tmp) by extension 'python'
[0.167s] Level 1:colcon.colcon_core.package_identification:_identify(src2/build/my_robo/CMakeFiles/3.22.1/CompilerIdC/tmp) by extensions ['python_setup_py']
[0.167s] Level 1:colcon.colcon_core.package_identification:_identify(src2/build/my_robo/CMakeFiles/3.22.1/CompilerIdC/tmp) by extension 'python_setup_py'
[0.167s] Level 1:colcon.colcon_core.package_identification:_identify(src2/build/my_robo/CMakeFiles/3.22.1/CompilerIdCXX) by extensions ['ignore', 'ignore_ament_install']
[0.167s] Level 1:colcon.colcon_core.package_identification:_identify(src2/build/my_robo/CMakeFiles/3.22.1/CompilerIdCXX) by extension 'ignore'
[0.167s] Level 1:colcon.colcon_core.package_identification:_identify(src2/build/my_robo/CMakeFiles/3.22.1/CompilerIdCXX) by extension 'ignore_ament_install'
[0.167s] Level 1:colcon.colcon_core.package_identification:_identify(src2/build/my_robo/CMakeFiles/3.22.1/CompilerIdCXX) by extensions ['colcon_pkg']
[0.167s] Level 1:colcon.colcon_core.package_identification:_identify(src2/build/my_robo/CMakeFiles/3.22.1/CompilerIdCXX) by extension 'colcon_pkg'
[0.167s] Level 1:colcon.colcon_core.package_identification:_identify(src2/build/my_robo/CMakeFiles/3.22.1/CompilerIdCXX) by extensions ['colcon_meta']
[0.167s] Level 1:colcon.colcon_core.package_identification:_identify(src2/build/my_robo/CMakeFiles/3.22.1/CompilerIdCXX) by extension 'colcon_meta'
[0.167s] Level 1:colcon.colcon_core.package_identification:_identify(src2/build/my_robo/CMakeFiles/3.22.1/CompilerIdCXX) by extensions ['ros']
[0.167s] Level 1:colcon.colcon_core.package_identification:_identify(src2/build/my_robo/CMakeFiles/3.22.1/CompilerIdCXX) by extension 'ros'
[0.167s] Level 1:colcon.colcon_core.package_identification:_identify(src2/build/my_robo/CMakeFiles/3.22.1/CompilerIdCXX) by extensions ['cmake', 'python']
[0.167s] Level 1:colcon.colcon_core.package_identification:_identify(src2/build/my_robo/CMakeFiles/3.22.1/CompilerIdCXX) by extension 'cmake'
[0.167s] Level 1:colcon.colcon_core.package_identification:_identify(src2/build/my_robo/CMakeFiles/3.22.1/CompilerIdCXX) by extension 'python'
[0.167s] Level 1:colcon.colcon_core.package_identification:_identify(src2/build/my_robo/CMakeFiles/3.22.1/CompilerIdCXX) by extensions ['python_setup_py']
[0.167s] Level 1:colcon.colcon_core.package_identification:_identify(src2/build/my_robo/CMakeFiles/3.22.1/CompilerIdCXX) by extension 'python_setup_py'
[0.167s] Level 1:colcon.colcon_core.package_identification:_identify(src2/build/my_robo/CMakeFiles/3.22.1/CompilerIdCXX/tmp) by extensions ['ignore', 'ignore_ament_install']
[0.167s] Level 1:colcon.colcon_core.package_identification:_identify(src2/build/my_robo/CMakeFiles/3.22.1/CompilerIdCXX/tmp) by extension 'ignore'
[0.167s] Level 1:colcon.colcon_core.package_identification:_identify(src2/build/my_robo/CMakeFiles/3.22.1/CompilerIdCXX/tmp) by extension 'ignore_ament_install'
[0.167s] Level 1:colcon.colcon_core.package_identification:_identify(src2/build/my_robo/CMakeFiles/3.22.1/CompilerIdCXX/tmp) by extensions ['colcon_pkg']
[0.167s] Level 1:colcon.colcon_core.package_identification:_identify(src2/build/my_robo/CMakeFiles/3.22.1/CompilerIdCXX/tmp) by extension 'colcon_pkg'
[0.167s] Level 1:colcon.colcon_core.package_identification:_identify(src2/build/my_robo/CMakeFiles/3.22.1/CompilerIdCXX/tmp) by extensions ['colcon_meta']
[0.168s] Level 1:colcon.colcon_core.package_identification:_identify(src2/build/my_robo/CMakeFiles/3.22.1/CompilerIdCXX/tmp) by extension 'colcon_meta'
[0.168s] Level 1:colcon.colcon_core.package_identification:_identify(src2/build/my_robo/CMakeFiles/3.22.1/CompilerIdCXX/tmp) by extensions ['ros']
[0.168s] Level 1:colcon.colcon_core.package_identification:_identify(src2/build/my_robo/CMakeFiles/3.22.1/CompilerIdCXX/tmp) by extension 'ros'
[0.168s] Level 1:colcon.colcon_core.package_identification:_identify(src2/build/my_robo/CMakeFiles/3.22.1/CompilerIdCXX/tmp) by extensions ['cmake', 'python']
[0.168s] Level 1:colcon.colcon_core.package_identification:_identify(src2/build/my_robo/CMakeFiles/3.22.1/CompilerIdCXX/tmp) by extension 'cmake'
[0.168s] Level 1:colcon.colcon_core.package_identification:_identify(src2/build/my_robo/CMakeFiles/3.22.1/CompilerIdCXX/tmp) by extension 'python'
[0.168s] Level 1:colcon.colcon_core.package_identification:_identify(src2/build/my_robo/CMakeFiles/3.22.1/CompilerIdCXX/tmp) by extensions ['python_setup_py']
[0.168s] Level 1:colcon.colcon_core.package_identification:_identify(src2/build/my_robo/CMakeFiles/3.22.1/CompilerIdCXX/tmp) by extension 'python_setup_py'
[0.168s] Level 1:colcon.colcon_core.package_identification:_identify(src2/build/my_robo/CMakeFiles/CMakeTmp) by extensions ['ignore', 'ignore_ament_install']
[0.168s] Level 1:colcon.colcon_core.package_identification:_identify(src2/build/my_robo/CMakeFiles/CMakeTmp) by extension 'ignore'
[0.168s] Level 1:colcon.colcon_core.package_identification:_identify(src2/build/my_robo/CMakeFiles/CMakeTmp) by extension 'ignore_ament_install'
[0.168s] Level 1:colcon.colcon_core.package_identification:_identify(src2/build/my_robo/CMakeFiles/CMakeTmp) by extensions ['colcon_pkg']
[0.168s] Level 1:colcon.colcon_core.package_identification:_identify(src2/build/my_robo/CMakeFiles/CMakeTmp) by extension 'colcon_pkg'
[0.168s] Level 1:colcon.colcon_core.package_identification:_identify(src2/build/my_robo/CMakeFiles/CMakeTmp) by extensions ['colcon_meta']
[0.168s] Level 1:colcon.colcon_core.package_identification:_identify(src2/build/my_robo/CMakeFiles/CMakeTmp) by extension 'colcon_meta'
[0.168s] Level 1:colcon.colcon_core.package_identification:_identify(src2/build/my_robo/CMakeFiles/CMakeTmp) by extensions ['ros']
[0.168s] Level 1:colcon.colcon_core.package_identification:_identify(src2/build/my_robo/CMakeFiles/CMakeTmp) by extension 'ros'
[0.168s] Level 1:colcon.colcon_core.package_identification:_identify(src2/build/my_robo/CMakeFiles/CMakeTmp) by extensions ['cmake', 'python']
[0.168s] Level 1:colcon.colcon_core.package_identification:_identify(src2/build/my_robo/CMakeFiles/CMakeTmp) by extension 'cmake'
[0.168s] Level 1:colcon.colcon_core.package_identification:_identify(src2/build/my_robo/CMakeFiles/CMakeTmp) by extension 'python'
[0.168s] Level 1:colcon.colcon_core.package_identification:_identify(src2/build/my_robo/CMakeFiles/CMakeTmp) by extensions ['python_setup_py']
[0.168s] Level 1:colcon.colcon_core.package_identification:_identify(src2/build/my_robo/CMakeFiles/CMakeTmp) by extension 'python_setup_py'
[0.168s] Level 1:colcon.colcon_core.package_identification:_identify(src2/build/my_robo/CMakeFiles/my_robo_uninstall.dir) by extensions ['ignore', 'ignore_ament_install']
[0.168s] Level 1:colcon.colcon_core.package_identification:_identify(src2/build/my_robo/CMakeFiles/my_robo_uninstall.dir) by extension 'ignore'
[0.168s] Level 1:colcon.colcon_core.package_identification:_identify(src2/build/my_robo/CMakeFiles/my_robo_uninstall.dir) by extension 'ignore_ament_install'
[0.168s] Level 1:colcon.colcon_core.package_identification:_identify(src2/build/my_robo/CMakeFiles/my_robo_uninstall.dir) by extensions ['colcon_pkg']
[0.168s] Level 1:colcon.colcon_core.package_identification:_identify(src2/build/my_robo/CMakeFiles/my_robo_uninstall.dir) by extension 'colcon_pkg'
[0.168s] Level 1:colcon.colcon_core.package_identification:_identify(src2/build/my_robo/CMakeFiles/my_robo_uninstall.dir) by extensions ['colcon_meta']
[0.168s] Level 1:colcon.colcon_core.package_identification:_identify(src2/build/my_robo/CMakeFiles/my_robo_uninstall.dir) by extension 'colcon_meta'
[0.168s] Level 1:colcon.colcon_core.package_identification:_identify(src2/build/my_robo/CMakeFiles/my_robo_uninstall.dir) by extensions ['ros']
[0.168s] Level 1:colcon.colcon_core.package_identification:_identify(src2/build/my_robo/CMakeFiles/my_robo_uninstall.dir) by extension 'ros'
[0.168s] Level 1:colcon.colcon_core.package_identification:_identify(src2/build/my_robo/CMakeFiles/my_robo_uninstall.dir) by extensions ['cmake', 'python']
[0.168s] Level 1:colcon.colcon_core.package_identification:_identify(src2/build/my_robo/CMakeFiles/my_robo_uninstall.dir) by extension 'cmake'
[0.168s] Level 1:colcon.colcon_core.package_identification:_identify(src2/build/my_robo/CMakeFiles/my_robo_uninstall.dir) by extension 'python'
[0.168s] Level 1:colcon.colcon_core.package_identification:_identify(src2/build/my_robo/CMakeFiles/my_robo_uninstall.dir) by extensions ['python_setup_py']
[0.168s] Level 1:colcon.colcon_core.package_identification:_identify(src2/build/my_robo/CMakeFiles/my_robo_uninstall.dir) by extension 'python_setup_py'
[0.168s] Level 1:colcon.colcon_core.package_identification:_identify(src2/build/my_robo/CMakeFiles/uninstall.dir) by extensions ['ignore', 'ignore_ament_install']
[0.168s] Level 1:colcon.colcon_core.package_identification:_identify(src2/build/my_robo/CMakeFiles/uninstall.dir) by extension 'ignore'
[0.168s] Level 1:colcon.colcon_core.package_identification:_identify(src2/build/my_robo/CMakeFiles/uninstall.dir) by extension 'ignore_ament_install'
[0.168s] Level 1:colcon.colcon_core.package_identification:_identify(src2/build/my_robo/CMakeFiles/uninstall.dir) by extensions ['colcon_pkg']
[0.168s] Level 1:colcon.colcon_core.package_identification:_identify(src2/build/my_robo/CMakeFiles/uninstall.dir) by extension 'colcon_pkg'
[0.168s] Level 1:colcon.colcon_core.package_identification:_identify(src2/build/my_robo/CMakeFiles/uninstall.dir) by extensions ['colcon_meta']
[0.168s] Level 1:colcon.colcon_core.package_identification:_identify(src2/build/my_robo/CMakeFiles/uninstall.dir) by extension 'colcon_meta'
[0.168s] Level 1:colcon.colcon_core.package_identification:_identify(src2/build/my_robo/CMakeFiles/uninstall.dir) by extensions ['ros']
[0.168s] Level 1:colcon.colcon_core.package_identification:_identify(src2/build/my_robo/CMakeFiles/uninstall.dir) by extension 'ros'
[0.168s] Level 1:colcon.colcon_core.package_identification:_identify(src2/build/my_robo/CMakeFiles/uninstall.dir) by extensions ['cmake', 'python']
[0.168s] Level 1:colcon.colcon_core.package_identification:_identify(src2/build/my_robo/CMakeFiles/uninstall.dir) by extension 'cmake'
[0.169s] Level 1:colcon.colcon_core.package_identification:_identify(src2/build/my_robo/CMakeFiles/uninstall.dir) by extension 'python'
[0.169s] Level 1:colcon.colcon_core.package_identification:_identify(src2/build/my_robo/CMakeFiles/uninstall.dir) by extensions ['python_setup_py']
[0.169s] Level 1:colcon.colcon_core.package_identification:_identify(src2/build/my_robo/CMakeFiles/uninstall.dir) by extension 'python_setup_py'
[0.169s] Level 1:colcon.colcon_core.package_identification:_identify(src2/build/my_robo/ament_cmake_core) by extensions ['ignore', 'ignore_ament_install']
[0.169s] Level 1:colcon.colcon_core.package_identification:_identify(src2/build/my_robo/ament_cmake_core) by extension 'ignore'
[0.169s] Level 1:colcon.colcon_core.package_identification:_identify(src2/build/my_robo/ament_cmake_core) by extension 'ignore_ament_install'
[0.169s] Level 1:colcon.colcon_core.package_identification:_identify(src2/build/my_robo/ament_cmake_core) by extensions ['colcon_pkg']
[0.169s] Level 1:colcon.colcon_core.package_identification:_identify(src2/build/my_robo/ament_cmake_core) by extension 'colcon_pkg'
[0.169s] Level 1:colcon.colcon_core.package_identification:_identify(src2/build/my_robo/ament_cmake_core) by extensions ['colcon_meta']
[0.169s] Level 1:colcon.colcon_core.package_identification:_identify(src2/build/my_robo/ament_cmake_core) by extension 'colcon_meta'
[0.169s] Level 1:colcon.colcon_core.package_identification:_identify(src2/build/my_robo/ament_cmake_core) by extensions ['ros']
[0.169s] Level 1:colcon.colcon_core.package_identification:_identify(src2/build/my_robo/ament_cmake_core) by extension 'ros'
[0.169s] Level 1:colcon.colcon_core.package_identification:_identify(src2/build/my_robo/ament_cmake_core) by extensions ['cmake', 'python']
[0.169s] Level 1:colcon.colcon_core.package_identification:_identify(src2/build/my_robo/ament_cmake_core) by extension 'cmake'
[0.169s] Level 1:colcon.colcon_core.package_identification:_identify(src2/build/my_robo/ament_cmake_core) by extension 'python'
[0.169s] Level 1:colcon.colcon_core.package_identification:_identify(src2/build/my_robo/ament_cmake_core) by extensions ['python_setup_py']
[0.169s] Level 1:colcon.colcon_core.package_identification:_identify(src2/build/my_robo/ament_cmake_core) by extension 'python_setup_py'
[0.169s] Level 1:colcon.colcon_core.package_identification:_identify(src2/build/my_robo/ament_cmake_core/stamps) by extensions ['ignore', 'ignore_ament_install']
[0.169s] Level 1:colcon.colcon_core.package_identification:_identify(src2/build/my_robo/ament_cmake_core/stamps) by extension 'ignore'
[0.169s] Level 1:colcon.colcon_core.package_identification:_identify(src2/build/my_robo/ament_cmake_core/stamps) by extension 'ignore_ament_install'
[0.169s] Level 1:colcon.colcon_core.package_identification:_identify(src2/build/my_robo/ament_cmake_core/stamps) by extensions ['colcon_pkg']
[0.169s] Level 1:colcon.colcon_core.package_identification:_identify(src2/build/my_robo/ament_cmake_core/stamps) by extension 'colcon_pkg'
[0.169s] Level 1:colcon.colcon_core.package_identification:_identify(src2/build/my_robo/ament_cmake_core/stamps) by extensions ['colcon_meta']
[0.169s] Level 1:colcon.colcon_core.package_identification:_identify(src2/build/my_robo/ament_cmake_core/stamps) by extension 'colcon_meta'
[0.169s] Level 1:colcon.colcon_core.package_identification:_identify(src2/build/my_robo/ament_cmake_core/stamps) by extensions ['ros']
[0.169s] Level 1:colcon.colcon_core.package_identification:_identify(src2/build/my_robo/ament_cmake_core/stamps) by extension 'ros'
[0.169s] Level 1:colcon.colcon_core.package_identification:_identify(src2/build/my_robo/ament_cmake_core/stamps) by extensions ['cmake', 'python']
[0.169s] Level 1:colcon.colcon_core.package_identification:_identify(src2/build/my_robo/ament_cmake_core/stamps) by extension 'cmake'
[0.169s] Level 1:colcon.colcon_core.package_identification:_identify(src2/build/my_robo/ament_cmake_core/stamps) by extension 'python'
[0.169s] Level 1:colcon.colcon_core.package_identification:_identify(src2/build/my_robo/ament_cmake_core/stamps) by extensions ['python_setup_py']
[0.169s] Level 1:colcon.colcon_core.package_identification:_identify(src2/build/my_robo/ament_cmake_core/stamps) by extension 'python_setup_py'
[0.169s] Level 1:colcon.colcon_core.package_identification:_identify(src2/build/my_robo/ament_cmake_environment_hooks) by extensions ['ignore', 'ignore_ament_install']
[0.169s] Level 1:colcon.colcon_core.package_identification:_identify(src2/build/my_robo/ament_cmake_environment_hooks) by extension 'ignore'
[0.169s] Level 1:colcon.colcon_core.package_identification:_identify(src2/build/my_robo/ament_cmake_environment_hooks) by extension 'ignore_ament_install'
[0.169s] Level 1:colcon.colcon_core.package_identification:_identify(src2/build/my_robo/ament_cmake_environment_hooks) by extensions ['colcon_pkg']
[0.169s] Level 1:colcon.colcon_core.package_identification:_identify(src2/build/my_robo/ament_cmake_environment_hooks) by extension 'colcon_pkg'
[0.169s] Level 1:colcon.colcon_core.package_identification:_identify(src2/build/my_robo/ament_cmake_environment_hooks) by extensions ['colcon_meta']
[0.169s] Level 1:colcon.colcon_core.package_identification:_identify(src2/build/my_robo/ament_cmake_environment_hooks) by extension 'colcon_meta'
[0.169s] Level 1:colcon.colcon_core.package_identification:_identify(src2/build/my_robo/ament_cmake_environment_hooks) by extensions ['ros']
[0.169s] Level 1:colcon.colcon_core.package_identification:_identify(src2/build/my_robo/ament_cmake_environment_hooks) by extension 'ros'
[0.169s] Level 1:colcon.colcon_core.package_identification:_identify(src2/build/my_robo/ament_cmake_environment_hooks) by extensions ['cmake', 'python']
[0.169s] Level 1:colcon.colcon_core.package_identification:_identify(src2/build/my_robo/ament_cmake_environment_hooks) by extension 'cmake'
[0.169s] Level 1:colcon.colcon_core.package_identification:_identify(src2/build/my_robo/ament_cmake_environment_hooks) by extension 'python'
[0.169s] Level 1:colcon.colcon_core.package_identification:_identify(src2/build/my_robo/ament_cmake_environment_hooks) by extensions ['python_setup_py']
[0.169s] Level 1:colcon.colcon_core.package_identification:_identify(src2/build/my_robo/ament_cmake_environment_hooks) by extension 'python_setup_py'
[0.169s] Level 1:colcon.colcon_core.package_identification:_identify(src2/build/my_robo/ament_cmake_index) by extensions ['ignore', 'ignore_ament_install']
[0.170s] Level 1:colcon.colcon_core.package_identification:_identify(src2/build/my_robo/ament_cmake_index) by extension 'ignore'
[0.170s] Level 1:colcon.colcon_core.package_identification:_identify(src2/build/my_robo/ament_cmake_index) by extension 'ignore_ament_install'
[0.170s] Level 1:colcon.colcon_core.package_identification:_identify(src2/build/my_robo/ament_cmake_index) by extensions ['colcon_pkg']
[0.170s] Level 1:colcon.colcon_core.package_identification:_identify(src2/build/my_robo/ament_cmake_index) by extension 'colcon_pkg'
[0.170s] Level 1:colcon.colcon_core.package_identification:_identify(src2/build/my_robo/ament_cmake_index) by extensions ['colcon_meta']
[0.170s] Level 1:colcon.colcon_core.package_identification:_identify(src2/build/my_robo/ament_cmake_index) by extension 'colcon_meta'
[0.170s] Level 1:colcon.colcon_core.package_identification:_identify(src2/build/my_robo/ament_cmake_index) by extensions ['ros']
[0.170s] Level 1:colcon.colcon_core.package_identification:_identify(src2/build/my_robo/ament_cmake_index) by extension 'ros'
[0.170s] Level 1:colcon.colcon_core.package_identification:_identify(src2/build/my_robo/ament_cmake_index) by extensions ['cmake', 'python']
[0.170s] Level 1:colcon.colcon_core.package_identification:_identify(src2/build/my_robo/ament_cmake_index) by extension 'cmake'
[0.170s] Level 1:colcon.colcon_core.package_identification:_identify(src2/build/my_robo/ament_cmake_index) by extension 'python'
[0.170s] Level 1:colcon.colcon_core.package_identification:_identify(src2/build/my_robo/ament_cmake_index) by extensions ['python_setup_py']
[0.170s] Level 1:colcon.colcon_core.package_identification:_identify(src2/build/my_robo/ament_cmake_index) by extension 'python_setup_py'
[0.170s] Level 1:colcon.colcon_core.package_identification:_identify(src2/build/my_robo/ament_cmake_index/share) by extensions ['ignore', 'ignore_ament_install']
[0.170s] Level 1:colcon.colcon_core.package_identification:_identify(src2/build/my_robo/ament_cmake_index/share) by extension 'ignore'
[0.170s] Level 1:colcon.colcon_core.package_identification:_identify(src2/build/my_robo/ament_cmake_index/share) by extension 'ignore_ament_install'
[0.170s] Level 1:colcon.colcon_core.package_identification:_identify(src2/build/my_robo/ament_cmake_index/share) by extensions ['colcon_pkg']
[0.170s] Level 1:colcon.colcon_core.package_identification:_identify(src2/build/my_robo/ament_cmake_index/share) by extension 'colcon_pkg'
[0.170s] Level 1:colcon.colcon_core.package_identification:_identify(src2/build/my_robo/ament_cmake_index/share) by extensions ['colcon_meta']
[0.170s] Level 1:colcon.colcon_core.package_identification:_identify(src2/build/my_robo/ament_cmake_index/share) by extension 'colcon_meta'
[0.170s] Level 1:colcon.colcon_core.package_identification:_identify(src2/build/my_robo/ament_cmake_index/share) by extensions ['ros']
[0.170s] Level 1:colcon.colcon_core.package_identification:_identify(src2/build/my_robo/ament_cmake_index/share) by extension 'ros'
[0.170s] Level 1:colcon.colcon_core.package_identification:_identify(src2/build/my_robo/ament_cmake_index/share) by extensions ['cmake', 'python']
[0.170s] Level 1:colcon.colcon_core.package_identification:_identify(src2/build/my_robo/ament_cmake_index/share) by extension 'cmake'
[0.170s] Level 1:colcon.colcon_core.package_identification:_identify(src2/build/my_robo/ament_cmake_index/share) by extension 'python'
[0.170s] Level 1:colcon.colcon_core.package_identification:_identify(src2/build/my_robo/ament_cmake_index/share) by extensions ['python_setup_py']
[0.170s] Level 1:colcon.colcon_core.package_identification:_identify(src2/build/my_robo/ament_cmake_index/share) by extension 'python_setup_py'
[0.170s] Level 1:colcon.colcon_core.package_identification:_identify(src2/build/my_robo/ament_cmake_index/share/ament_index) by extensions ['ignore', 'ignore_ament_install']
[0.170s] Level 1:colcon.colcon_core.package_identification:_identify(src2/build/my_robo/ament_cmake_index/share/ament_index) by extension 'ignore'
[0.170s] Level 1:colcon.colcon_core.package_identification:_identify(src2/build/my_robo/ament_cmake_index/share/ament_index) by extension 'ignore_ament_install'
[0.170s] Level 1:colcon.colcon_core.package_identification:_identify(src2/build/my_robo/ament_cmake_index/share/ament_index) by extensions ['colcon_pkg']
[0.170s] Level 1:colcon.colcon_core.package_identification:_identify(src2/build/my_robo/ament_cmake_index/share/ament_index) by extension 'colcon_pkg'
[0.170s] Level 1:colcon.colcon_core.package_identification:_identify(src2/build/my_robo/ament_cmake_index/share/ament_index) by extensions ['colcon_meta']
[0.170s] Level 1:colcon.colcon_core.package_identification:_identify(src2/build/my_robo/ament_cmake_index/share/ament_index) by extension 'colcon_meta'
[0.170s] Level 1:colcon.colcon_core.package_identification:_identify(src2/build/my_robo/ament_cmake_index/share/ament_index) by extensions ['ros']
[0.170s] Level 1:colcon.colcon_core.package_identification:_identify(src2/build/my_robo/ament_cmake_index/share/ament_index) by extension 'ros'
[0.170s] Level 1:colcon.colcon_core.package_identification:_identify(src2/build/my_robo/ament_cmake_index/share/ament_index) by extensions ['cmake', 'python']
[0.170s] Level 1:colcon.colcon_core.package_identification:_identify(src2/build/my_robo/ament_cmake_index/share/ament_index) by extension 'cmake'
[0.170s] Level 1:colcon.colcon_core.package_identification:_identify(src2/build/my_robo/ament_cmake_index/share/ament_index) by extension 'python'
[0.170s] Level 1:colcon.colcon_core.package_identification:_identify(src2/build/my_robo/ament_cmake_index/share/ament_index) by extensions ['python_setup_py']
[0.170s] Level 1:colcon.colcon_core.package_identification:_identify(src2/build/my_robo/ament_cmake_index/share/ament_index) by extension 'python_setup_py'
[0.170s] Level 1:colcon.colcon_core.package_identification:_identify(src2/build/my_robo/ament_cmake_index/share/ament_index/resource_index) by extensions ['ignore', 'ignore_ament_install']
[0.170s] Level 1:colcon.colcon_core.package_identification:_identify(src2/build/my_robo/ament_cmake_index/share/ament_index/resource_index) by extension 'ignore'
[0.170s] Level 1:colcon.colcon_core.package_identification:_identify(src2/build/my_robo/ament_cmake_index/share/ament_index/resource_index) by extension 'ignore_ament_install'
[0.170s] Level 1:colcon.colcon_core.package_identification:_identify(src2/build/my_robo/ament_cmake_index/share/ament_index/resource_index) by extensions ['colcon_pkg']
[0.170s] Level 1:colcon.colcon_core.package_identification:_identify(src2/build/my_robo/ament_cmake_index/share/ament_index/resource_index) by extension 'colcon_pkg'
[0.171s] Level 1:colcon.colcon_core.package_identification:_identify(src2/build/my_robo/ament_cmake_index/share/ament_index/resource_index) by extensions ['colcon_meta']
[0.171s] Level 1:colcon.colcon_core.package_identification:_identify(src2/build/my_robo/ament_cmake_index/share/ament_index/resource_index) by extension 'colcon_meta'
[0.171s] Level 1:colcon.colcon_core.package_identification:_identify(src2/build/my_robo/ament_cmake_index/share/ament_index/resource_index) by extensions ['ros']
[0.171s] Level 1:colcon.colcon_core.package_identification:_identify(src2/build/my_robo/ament_cmake_index/share/ament_index/resource_index) by extension 'ros'
[0.171s] Level 1:colcon.colcon_core.package_identification:_identify(src2/build/my_robo/ament_cmake_index/share/ament_index/resource_index) by extensions ['cmake', 'python']
[0.171s] Level 1:colcon.colcon_core.package_identification:_identify(src2/build/my_robo/ament_cmake_index/share/ament_index/resource_index) by extension 'cmake'
[0.171s] Level 1:colcon.colcon_core.package_identification:_identify(src2/build/my_robo/ament_cmake_index/share/ament_index/resource_index) by extension 'python'
[0.171s] Level 1:colcon.colcon_core.package_identification:_identify(src2/build/my_robo/ament_cmake_index/share/ament_index/resource_index) by extensions ['python_setup_py']
[0.171s] Level 1:colcon.colcon_core.package_identification:_identify(src2/build/my_robo/ament_cmake_index/share/ament_index/resource_index) by extension 'python_setup_py'
[0.171s] Level 1:colcon.colcon_core.package_identification:_identify(src2/build/my_robo/ament_cmake_index/share/ament_index/resource_index/package_run_dependencies) by extensions ['ignore', 'ignore_ament_install']
[0.171s] Level 1:colcon.colcon_core.package_identification:_identify(src2/build/my_robo/ament_cmake_index/share/ament_index/resource_index/package_run_dependencies) by extension 'ignore'
[0.171s] Level 1:colcon.colcon_core.package_identification:_identify(src2/build/my_robo/ament_cmake_index/share/ament_index/resource_index/package_run_dependencies) by extension 'ignore_ament_install'
[0.171s] Level 1:colcon.colcon_core.package_identification:_identify(src2/build/my_robo/ament_cmake_index/share/ament_index/resource_index/package_run_dependencies) by extensions ['colcon_pkg']
[0.171s] Level 1:colcon.colcon_core.package_identification:_identify(src2/build/my_robo/ament_cmake_index/share/ament_index/resource_index/package_run_dependencies) by extension 'colcon_pkg'
[0.171s] Level 1:colcon.colcon_core.package_identification:_identify(src2/build/my_robo/ament_cmake_index/share/ament_index/resource_index/package_run_dependencies) by extensions ['colcon_meta']
[0.171s] Level 1:colcon.colcon_core.package_identification:_identify(src2/build/my_robo/ament_cmake_index/share/ament_index/resource_index/package_run_dependencies) by extension 'colcon_meta'
[0.171s] Level 1:colcon.colcon_core.package_identification:_identify(src2/build/my_robo/ament_cmake_index/share/ament_index/resource_index/package_run_dependencies) by extensions ['ros']
[0.171s] Level 1:colcon.colcon_core.package_identification:_identify(src2/build/my_robo/ament_cmake_index/share/ament_index/resource_index/package_run_dependencies) by extension 'ros'
[0.171s] Level 1:colcon.colcon_core.package_identification:_identify(src2/build/my_robo/ament_cmake_index/share/ament_index/resource_index/package_run_dependencies) by extensions ['cmake', 'python']
[0.171s] Level 1:colcon.colcon_core.package_identification:_identify(src2/build/my_robo/ament_cmake_index/share/ament_index/resource_index/package_run_dependencies) by extension 'cmake'
[0.171s] Level 1:colcon.colcon_core.package_identification:_identify(src2/build/my_robo/ament_cmake_index/share/ament_index/resource_index/package_run_dependencies) by extension 'python'
[0.171s] Level 1:colcon.colcon_core.package_identification:_identify(src2/build/my_robo/ament_cmake_index/share/ament_index/resource_index/package_run_dependencies) by extensions ['python_setup_py']
[0.171s] Level 1:colcon.colcon_core.package_identification:_identify(src2/build/my_robo/ament_cmake_index/share/ament_index/resource_index/package_run_dependencies) by extension 'python_setup_py'
[0.171s] Level 1:colcon.colcon_core.package_identification:_identify(src2/build/my_robo/ament_cmake_index/share/ament_index/resource_index/packages) by extensions ['ignore', 'ignore_ament_install']
[0.171s] Level 1:colcon.colcon_core.package_identification:_identify(src2/build/my_robo/ament_cmake_index/share/ament_index/resource_index/packages) by extension 'ignore'
[0.171s] Level 1:colcon.colcon_core.package_identification:_identify(src2/build/my_robo/ament_cmake_index/share/ament_index/resource_index/packages) by extension 'ignore_ament_install'
[0.171s] Level 1:colcon.colcon_core.package_identification:_identify(src2/build/my_robo/ament_cmake_index/share/ament_index/resource_index/packages) by extensions ['colcon_pkg']
[0.171s] Level 1:colcon.colcon_core.package_identification:_identify(src2/build/my_robo/ament_cmake_index/share/ament_index/resource_index/packages) by extension 'colcon_pkg'
[0.171s] Level 1:colcon.colcon_core.package_identification:_identify(src2/build/my_robo/ament_cmake_index/share/ament_index/resource_index/packages) by extensions ['colcon_meta']
[0.171s] Level 1:colcon.colcon_core.package_identification:_identify(src2/build/my_robo/ament_cmake_index/share/ament_index/resource_index/packages) by extension 'colcon_meta'
[0.171s] Level 1:colcon.colcon_core.package_identification:_identify(src2/build/my_robo/ament_cmake_index/share/ament_index/resource_index/packages) by extensions ['ros']
[0.171s] Level 1:colcon.colcon_core.package_identification:_identify(src2/build/my_robo/ament_cmake_index/share/ament_index/resource_index/packages) by extension 'ros'
[0.171s] Level 1:colcon.colcon_core.package_identification:_identify(src2/build/my_robo/ament_cmake_index/share/ament_index/resource_index/packages) by extensions ['cmake', 'python']
[0.171s] Level 1:colcon.colcon_core.package_identification:_identify(src2/build/my_robo/ament_cmake_index/share/ament_index/resource_index/packages) by extension 'cmake'
[0.171s] Level 1:colcon.colcon_core.package_identification:_identify(src2/build/my_robo/ament_cmake_index/share/ament_index/resource_index/packages) by extension 'python'
[0.171s] Level 1:colcon.colcon_core.package_identification:_identify(src2/build/my_robo/ament_cmake_index/share/ament_index/resource_index/packages) by extensions ['python_setup_py']
[0.171s] Level 1:colcon.colcon_core.package_identification:_identify(src2/build/my_robo/ament_cmake_index/share/ament_index/resource_index/packages) by extension 'python_setup_py'
[0.171s] Level 1:colcon.colcon_core.package_identification:_identify(src2/build/my_robo/ament_cmake_index/share/ament_index/resource_index/parent_prefix_path) by extensions ['ignore', 'ignore_ament_install']
[0.171s] Level 1:colcon.colcon_core.package_identification:_identify(src2/build/my_robo/ament_cmake_index/share/ament_index/resource_index/parent_prefix_path) by extension 'ignore'
[0.171s] Level 1:colcon.colcon_core.package_identification:_identify(src2/build/my_robo/ament_cmake_index/share/ament_index/resource_index/parent_prefix_path) by extension 'ignore_ament_install'
[0.171s] Level 1:colcon.colcon_core.package_identification:_identify(src2/build/my_robo/ament_cmake_index/share/ament_index/resource_index/parent_prefix_path) by extensions ['colcon_pkg']
[0.171s] Level 1:colcon.colcon_core.package_identification:_identify(src2/build/my_robo/ament_cmake_index/share/ament_index/resource_index/parent_prefix_path) by extension 'colcon_pkg'
[0.171s] Level 1:colcon.colcon_core.package_identification:_identify(src2/build/my_robo/ament_cmake_index/share/ament_index/resource_index/parent_prefix_path) by extensions ['colcon_meta']
[0.171s] Level 1:colcon.colcon_core.package_identification:_identify(src2/build/my_robo/ament_cmake_index/share/ament_index/resource_index/parent_prefix_path) by extension 'colcon_meta'
[0.171s] Level 1:colcon.colcon_core.package_identification:_identify(src2/build/my_robo/ament_cmake_index/share/ament_index/resource_index/parent_prefix_path) by extensions ['ros']
[0.171s] Level 1:colcon.colcon_core.package_identification:_identify(src2/build/my_robo/ament_cmake_index/share/ament_index/resource_index/parent_prefix_path) by extension 'ros'
[0.172s] Level 1:colcon.colcon_core.package_identification:_identify(src2/build/my_robo/ament_cmake_index/share/ament_index/resource_index/parent_prefix_path) by extensions ['cmake', 'python']
[0.172s] Level 1:colcon.colcon_core.package_identification:_identify(src2/build/my_robo/ament_cmake_index/share/ament_index/resource_index/parent_prefix_path) by extension 'cmake'
[0.172s] Level 1:colcon.colcon_core.package_identification:_identify(src2/build/my_robo/ament_cmake_index/share/ament_index/resource_index/parent_prefix_path) by extension 'python'
[0.172s] Level 1:colcon.colcon_core.package_identification:_identify(src2/build/my_robo/ament_cmake_index/share/ament_index/resource_index/parent_prefix_path) by extensions ['python_setup_py']
[0.172s] Level 1:colcon.colcon_core.package_identification:_identify(src2/build/my_robo/ament_cmake_index/share/ament_index/resource_index/parent_prefix_path) by extension 'python_setup_py'
[0.172s] Level 1:colcon.colcon_core.package_identification:_identify(src2/build/my_robo/ament_cmake_package_templates) by extensions ['ignore', 'ignore_ament_install']
[0.172s] Level 1:colcon.colcon_core.package_identification:_identify(src2/build/my_robo/ament_cmake_package_templates) by extension 'ignore'
[0.172s] Level 1:colcon.colcon_core.package_identification:_identify(src2/build/my_robo/ament_cmake_package_templates) by extension 'ignore_ament_install'
[0.172s] Level 1:colcon.colcon_core.package_identification:_identify(src2/build/my_robo/ament_cmake_package_templates) by extensions ['colcon_pkg']
[0.172s] Level 1:colcon.colcon_core.package_identification:_identify(src2/build/my_robo/ament_cmake_package_templates) by extension 'colcon_pkg'
[0.172s] Level 1:colcon.colcon_core.package_identification:_identify(src2/build/my_robo/ament_cmake_package_templates) by extensions ['colcon_meta']
[0.172s] Level 1:colcon.colcon_core.package_identification:_identify(src2/build/my_robo/ament_cmake_package_templates) by extension 'colcon_meta'
[0.172s] Level 1:colcon.colcon_core.package_identification:_identify(src2/build/my_robo/ament_cmake_package_templates) by extensions ['ros']
[0.172s] Level 1:colcon.colcon_core.package_identification:_identify(src2/build/my_robo/ament_cmake_package_templates) by extension 'ros'
[0.172s] Level 1:colcon.colcon_core.package_identification:_identify(src2/build/my_robo/ament_cmake_package_templates) by extensions ['cmake', 'python']
[0.172s] Level 1:colcon.colcon_core.package_identification:_identify(src2/build/my_robo/ament_cmake_package_templates) by extension 'cmake'
[0.172s] Level 1:colcon.colcon_core.package_identification:_identify(src2/build/my_robo/ament_cmake_package_templates) by extension 'python'
[0.172s] Level 1:colcon.colcon_core.package_identification:_identify(src2/build/my_robo/ament_cmake_package_templates) by extensions ['python_setup_py']
[0.172s] Level 1:colcon.colcon_core.package_identification:_identify(src2/build/my_robo/ament_cmake_package_templates) by extension 'python_setup_py'
[0.172s] Level 1:colcon.colcon_core.package_identification:_identify(src2/build/my_robo/ament_cmake_symlink_install) by extensions ['ignore', 'ignore_ament_install']
[0.172s] Level 1:colcon.colcon_core.package_identification:_identify(src2/build/my_robo/ament_cmake_symlink_install) by extension 'ignore'
[0.172s] Level 1:colcon.colcon_core.package_identification:_identify(src2/build/my_robo/ament_cmake_symlink_install) by extension 'ignore_ament_install'
[0.172s] Level 1:colcon.colcon_core.package_identification:_identify(src2/build/my_robo/ament_cmake_symlink_install) by extensions ['colcon_pkg']
[0.172s] Level 1:colcon.colcon_core.package_identification:_identify(src2/build/my_robo/ament_cmake_symlink_install) by extension 'colcon_pkg'
[0.172s] Level 1:colcon.colcon_core.package_identification:_identify(src2/build/my_robo/ament_cmake_symlink_install) by extensions ['colcon_meta']
[0.172s] Level 1:colcon.colcon_core.package_identification:_identify(src2/build/my_robo/ament_cmake_symlink_install) by extension 'colcon_meta'
[0.172s] Level 1:colcon.colcon_core.package_identification:_identify(src2/build/my_robo/ament_cmake_symlink_install) by extensions ['ros']
[0.172s] Level 1:colcon.colcon_core.package_identification:_identify(src2/build/my_robo/ament_cmake_symlink_install) by extension 'ros'
[0.172s] Level 1:colcon.colcon_core.package_identification:_identify(src2/build/my_robo/ament_cmake_symlink_install) by extensions ['cmake', 'python']
[0.172s] Level 1:colcon.colcon_core.package_identification:_identify(src2/build/my_robo/ament_cmake_symlink_install) by extension 'cmake'
[0.172s] Level 1:colcon.colcon_core.package_identification:_identify(src2/build/my_robo/ament_cmake_symlink_install) by extension 'python'
[0.172s] Level 1:colcon.colcon_core.package_identification:_identify(src2/build/my_robo/ament_cmake_symlink_install) by extensions ['python_setup_py']
[0.172s] Level 1:colcon.colcon_core.package_identification:_identify(src2/build/my_robo/ament_cmake_symlink_install) by extension 'python_setup_py'
[0.172s] Level 1:colcon.colcon_core.package_identification:_identify(src2/build/my_robo/ament_cmake_uninstall_target) by extensions ['ignore', 'ignore_ament_install']
[0.173s] Level 1:colcon.colcon_core.package_identification:_identify(src2/build/my_robo/ament_cmake_uninstall_target) by extension 'ignore'
[0.173s] Level 1:colcon.colcon_core.package_identification:_identify(src2/build/my_robo/ament_cmake_uninstall_target) by extension 'ignore_ament_install'
[0.173s] Level 1:colcon.colcon_core.package_identification:_identify(src2/build/my_robo/ament_cmake_uninstall_target) by extensions ['colcon_pkg']
[0.173s] Level 1:colcon.colcon_core.package_identification:_identify(src2/build/my_robo/ament_cmake_uninstall_target) by extension 'colcon_pkg'
[0.173s] Level 1:colcon.colcon_core.package_identification:_identify(src2/build/my_robo/ament_cmake_uninstall_target) by extensions ['colcon_meta']
[0.173s] Level 1:colcon.colcon_core.package_identification:_identify(src2/build/my_robo/ament_cmake_uninstall_target) by extension 'colcon_meta'
[0.173s] Level 1:colcon.colcon_core.package_identification:_identify(src2/build/my_robo/ament_cmake_uninstall_target) by extensions ['ros']
[0.173s] Level 1:colcon.colcon_core.package_identification:_identify(src2/build/my_robo/ament_cmake_uninstall_target) by extension 'ros'
[0.173s] Level 1:colcon.colcon_core.package_identification:_identify(src2/build/my_robo/ament_cmake_uninstall_target) by extensions ['cmake', 'python']
[0.173s] Level 1:colcon.colcon_core.package_identification:_identify(src2/build/my_robo/ament_cmake_uninstall_target) by extension 'cmake'
[0.173s] Level 1:colcon.colcon_core.package_identification:_identify(src2/build/my_robo/ament_cmake_uninstall_target) by extension 'python'
[0.173s] Level 1:colcon.colcon_core.package_identification:_identify(src2/build/my_robo/ament_cmake_uninstall_target) by extensions ['python_setup_py']
[0.173s] Level 1:colcon.colcon_core.package_identification:_identify(src2/build/my_robo/ament_cmake_uninstall_target) by extension 'python_setup_py'
[0.173s] Level 1:colcon.colcon_core.package_identification:_identify(src2/build/my_robo/ament_copyright) by extensions ['ignore', 'ignore_ament_install']
[0.173s] Level 1:colcon.colcon_core.package_identification:_identify(src2/build/my_robo/ament_copyright) by extension 'ignore'
[0.173s] Level 1:colcon.colcon_core.package_identification:_identify(src2/build/my_robo/ament_copyright) by extension 'ignore_ament_install'
[0.173s] Level 1:colcon.colcon_core.package_identification:_identify(src2/build/my_robo/ament_copyright) by extensions ['colcon_pkg']
[0.173s] Level 1:colcon.colcon_core.package_identification:_identify(src2/build/my_robo/ament_copyright) by extension 'colcon_pkg'
[0.173s] Level 1:colcon.colcon_core.package_identification:_identify(src2/build/my_robo/ament_copyright) by extensions ['colcon_meta']
[0.173s] Level 1:colcon.colcon_core.package_identification:_identify(src2/build/my_robo/ament_copyright) by extension 'colcon_meta'
[0.173s] Level 1:colcon.colcon_core.package_identification:_identify(src2/build/my_robo/ament_copyright) by extensions ['ros']
[0.173s] Level 1:colcon.colcon_core.package_identification:_identify(src2/build/my_robo/ament_copyright) by extension 'ros'
[0.173s] Level 1:colcon.colcon_core.package_identification:_identify(src2/build/my_robo/ament_copyright) by extensions ['cmake', 'python']
[0.173s] Level 1:colcon.colcon_core.package_identification:_identify(src2/build/my_robo/ament_copyright) by extension 'cmake'
[0.173s] Level 1:colcon.colcon_core.package_identification:_identify(src2/build/my_robo/ament_copyright) by extension 'python'
[0.173s] Level 1:colcon.colcon_core.package_identification:_identify(src2/build/my_robo/ament_copyright) by extensions ['python_setup_py']
[0.173s] Level 1:colcon.colcon_core.package_identification:_identify(src2/build/my_robo/ament_copyright) by extension 'python_setup_py'
[0.174s] Level 1:colcon.colcon_core.package_identification:_identify(src2/build/my_robo/ament_flake8) by extensions ['ignore', 'ignore_ament_install']
[0.174s] Level 1:colcon.colcon_core.package_identification:_identify(src2/build/my_robo/ament_flake8) by extension 'ignore'
[0.174s] Level 1:colcon.colcon_core.package_identification:_identify(src2/build/my_robo/ament_flake8) by extension 'ignore_ament_install'
[0.174s] Level 1:colcon.colcon_core.package_identification:_identify(src2/build/my_robo/ament_flake8) by extensions ['colcon_pkg']
[0.174s] Level 1:colcon.colcon_core.package_identification:_identify(src2/build/my_robo/ament_flake8) by extension 'colcon_pkg'
[0.174s] Level 1:colcon.colcon_core.package_identification:_identify(src2/build/my_robo/ament_flake8) by extensions ['colcon_meta']
[0.174s] Level 1:colcon.colcon_core.package_identification:_identify(src2/build/my_robo/ament_flake8) by extension 'colcon_meta'
[0.174s] Level 1:colcon.colcon_core.package_identification:_identify(src2/build/my_robo/ament_flake8) by extensions ['ros']
[0.174s] Level 1:colcon.colcon_core.package_identification:_identify(src2/build/my_robo/ament_flake8) by extension 'ros'
[0.174s] Level 1:colcon.colcon_core.package_identification:_identify(src2/build/my_robo/ament_flake8) by extensions ['cmake', 'python']
[0.174s] Level 1:colcon.colcon_core.package_identification:_identify(src2/build/my_robo/ament_flake8) by extension 'cmake'
[0.174s] Level 1:colcon.colcon_core.package_identification:_identify(src2/build/my_robo/ament_flake8) by extension 'python'
[0.174s] Level 1:colcon.colcon_core.package_identification:_identify(src2/build/my_robo/ament_flake8) by extensions ['python_setup_py']
[0.174s] Level 1:colcon.colcon_core.package_identification:_identify(src2/build/my_robo/ament_flake8) by extension 'python_setup_py'
[0.174s] Level 1:colcon.colcon_core.package_identification:_identify(src2/build/my_robo/ament_lint_cmake) by extensions ['ignore', 'ignore_ament_install']
[0.174s] Level 1:colcon.colcon_core.package_identification:_identify(src2/build/my_robo/ament_lint_cmake) by extension 'ignore'
[0.174s] Level 1:colcon.colcon_core.package_identification:_identify(src2/build/my_robo/ament_lint_cmake) by extension 'ignore_ament_install'
[0.174s] Level 1:colcon.colcon_core.package_identification:_identify(src2/build/my_robo/ament_lint_cmake) by extensions ['colcon_pkg']
[0.174s] Level 1:colcon.colcon_core.package_identification:_identify(src2/build/my_robo/ament_lint_cmake) by extension 'colcon_pkg'
[0.174s] Level 1:colcon.colcon_core.package_identification:_identify(src2/build/my_robo/ament_lint_cmake) by extensions ['colcon_meta']
[0.174s] Level 1:colcon.colcon_core.package_identification:_identify(src2/build/my_robo/ament_lint_cmake) by extension 'colcon_meta'
[0.174s] Level 1:colcon.colcon_core.package_identification:_identify(src2/build/my_robo/ament_lint_cmake) by extensions ['ros']
[0.174s] Level 1:colcon.colcon_core.package_identification:_identify(src2/build/my_robo/ament_lint_cmake) by extension 'ros'
[0.174s] Level 1:colcon.colcon_core.package_identification:_identify(src2/build/my_robo/ament_lint_cmake) by extensions ['cmake', 'python']
[0.174s] Level 1:colcon.colcon_core.package_identification:_identify(src2/build/my_robo/ament_lint_cmake) by extension 'cmake'
[0.174s] Level 1:colcon.colcon_core.package_identification:_identify(src2/build/my_robo/ament_lint_cmake) by extension 'python'
[0.174s] Level 1:colcon.colcon_core.package_identification:_identify(src2/build/my_robo/ament_lint_cmake) by extensions ['python_setup_py']
[0.174s] Level 1:colcon.colcon_core.package_identification:_identify(src2/build/my_robo/ament_lint_cmake) by extension 'python_setup_py'
[0.174s] Level 1:colcon.colcon_core.package_identification:_identify(src2/build/my_robo/ament_pep257) by extensions ['ignore', 'ignore_ament_install']
[0.174s] Level 1:colcon.colcon_core.package_identification:_identify(src2/build/my_robo/ament_pep257) by extension 'ignore'
[0.174s] Level 1:colcon.colcon_core.package_identification:_identify(src2/build/my_robo/ament_pep257) by extension 'ignore_ament_install'
[0.174s] Level 1:colcon.colcon_core.package_identification:_identify(src2/build/my_robo/ament_pep257) by extensions ['colcon_pkg']
[0.174s] Level 1:colcon.colcon_core.package_identification:_identify(src2/build/my_robo/ament_pep257) by extension 'colcon_pkg'
[0.174s] Level 1:colcon.colcon_core.package_identification:_identify(src2/build/my_robo/ament_pep257) by extensions ['colcon_meta']
[0.174s] Level 1:colcon.colcon_core.package_identification:_identify(src2/build/my_robo/ament_pep257) by extension 'colcon_meta'
[0.174s] Level 1:colcon.colcon_core.package_identification:_identify(src2/build/my_robo/ament_pep257) by extensions ['ros']
[0.174s] Level 1:colcon.colcon_core.package_identification:_identify(src2/build/my_robo/ament_pep257) by extension 'ros'
[0.174s] Level 1:colcon.colcon_core.package_identification:_identify(src2/build/my_robo/ament_pep257) by extensions ['cmake', 'python']
[0.174s] Level 1:colcon.colcon_core.package_identification:_identify(src2/build/my_robo/ament_pep257) by extension 'cmake'
[0.175s] Level 1:colcon.colcon_core.package_identification:_identify(src2/build/my_robo/ament_pep257) by extension 'python'
[0.175s] Level 1:colcon.colcon_core.package_identification:_identify(src2/build/my_robo/ament_pep257) by extensions ['python_setup_py']
[0.175s] Level 1:colcon.colcon_core.package_identification:_identify(src2/build/my_robo/ament_pep257) by extension 'python_setup_py'
[0.175s] Level 1:colcon.colcon_core.package_identification:_identify(src2/build/my_robo/ament_xmllint) by extensions ['ignore', 'ignore_ament_install']
[0.175s] Level 1:colcon.colcon_core.package_identification:_identify(src2/build/my_robo/ament_xmllint) by extension 'ignore'
[0.175s] Level 1:colcon.colcon_core.package_identification:_identify(src2/build/my_robo/ament_xmllint) by extension 'ignore_ament_install'
[0.175s] Level 1:colcon.colcon_core.package_identification:_identify(src2/build/my_robo/ament_xmllint) by extensions ['colcon_pkg']
[0.175s] Level 1:colcon.colcon_core.package_identification:_identify(src2/build/my_robo/ament_xmllint) by extension 'colcon_pkg'
[0.175s] Level 1:colcon.colcon_core.package_identification:_identify(src2/build/my_robo/ament_xmllint) by extensions ['colcon_meta']
[0.175s] Level 1:colcon.colcon_core.package_identification:_identify(src2/build/my_robo/ament_xmllint) by extension 'colcon_meta'
[0.175s] Level 1:colcon.colcon_core.package_identification:_identify(src2/build/my_robo/ament_xmllint) by extensions ['ros']
[0.175s] Level 1:colcon.colcon_core.package_identification:_identify(src2/build/my_robo/ament_xmllint) by extension 'ros'
[0.175s] Level 1:colcon.colcon_core.package_identification:_identify(src2/build/my_robo/ament_xmllint) by extensions ['cmake', 'python']
[0.175s] Level 1:colcon.colcon_core.package_identification:_identify(src2/build/my_robo/ament_xmllint) by extension 'cmake'
[0.175s] Level 1:colcon.colcon_core.package_identification:_identify(src2/build/my_robo/ament_xmllint) by extension 'python'
[0.175s] Level 1:colcon.colcon_core.package_identification:_identify(src2/build/my_robo/ament_xmllint) by extensions ['python_setup_py']
[0.175s] Level 1:colcon.colcon_core.package_identification:_identify(src2/build/my_robo/ament_xmllint) by extension 'python_setup_py'
[0.175s] Level 1:colcon.colcon_core.package_identification:_identify(src2/install) by extensions ['ignore', 'ignore_ament_install']
[0.175s] Level 1:colcon.colcon_core.package_identification:_identify(src2/install) by extension 'ignore'
[0.175s] Level 1:colcon.colcon_core.package_identification:_identify(src2/install) ignored
[0.175s] Level 1:colcon.colcon_core.package_identification:_identify(src2/log) by extensions ['ignore', 'ignore_ament_install']
[0.175s] Level 1:colcon.colcon_core.package_identification:_identify(src2/log) by extension 'ignore'
[0.175s] Level 1:colcon.colcon_core.package_identification:_identify(src2/log) ignored
[0.175s] Level 1:colcon.colcon_core.package_discovery:discover_packages(recursive) using defaults
[0.175s] Level 1:colcon.colcon_core.package_discovery:discover_packages(ignore) discover
[0.175s] Level 1:colcon.colcon_core.package_discovery:discover_packages(ignore) using defaults
[0.175s] Level 1:colcon.colcon_core.package_discovery:discover_packages(path) discover
[0.175s] Level 1:colcon.colcon_core.package_discovery:discover_packages(path) using defaults
[0.194s] Level 1:colcon.colcon_core.package_discovery:discover_packages(prefix_path) check parameters
[0.194s] Level 1:colcon.colcon_core.package_discovery:discover_packages(prefix_path) discover
[0.195s] DEBUG:colcon.colcon_installed_package_information.package_discovery:Found 1 installed packages in /home/abhishek/my_ws/install
[0.195s] DEBUG:colcon.colcon_installed_package_information.package_discovery:Found 1 installed packages in /home/abhishek/ros2_ws/install
[0.195s] DEBUG:colcon.colcon_installed_package_information.package_discovery:Found 279 installed packages in /opt/ros/humble
[0.196s] Level 1:colcon.colcon_core.package_discovery:discover_packages(prefix_path) using defaults
[0.215s] Level 5:colcon.colcon_core.verb:set package 'my_robo' build argument 'cmake_args' from command line to 'None'
[0.215s] Level 5:colcon.colcon_core.verb:set package 'my_robo' build argument 'cmake_target' from command line to 'None'
[0.215s] Level 5:colcon.colcon_core.verb:set package 'my_robo' build argument 'cmake_target_skip_unavailable' from command line to 'False'
[0.215s] Level 5:colcon.colcon_core.verb:set package 'my_robo' build argument 'cmake_clean_cache' from command line to 'False'
[0.215s] Level 5:colcon.colcon_core.verb:set package 'my_robo' build argument 'cmake_clean_first' from command line to 'False'
[0.215s] Level 5:colcon.colcon_core.verb:set package 'my_robo' build argument 'cmake_force_configure' from command line to 'False'
[0.215s] Level 5:colcon.colcon_core.verb:set package 'my_robo' build argument 'ament_cmake_args' from command line to 'None'
[0.215s] Level 5:colcon.colcon_core.verb:set package 'my_robo' build argument 'catkin_cmake_args' from command line to 'None'
[0.215s] Level 5:colcon.colcon_core.verb:set package 'my_robo' build argument 'catkin_skip_building_tests' from command line to 'False'
[0.215s] DEBUG:colcon.colcon_core.verb:Building package 'my_robo' with the following arguments: {'ament_cmake_args': None, 'build_base': '/home/abhishek/my_ws/build/my_robo', 'catkin_cmake_args': None, 'catkin_skip_building_tests': False, 'cmake_args': None, 'cmake_clean_cache': False, 'cmake_clean_first': False, 'cmake_force_configure': False, 'cmake_target': None, 'cmake_target_skip_unavailable': False, 'install_base': '/home/abhishek/my_ws/install/my_robo', 'merge_install': False, 'path': '/home/abhishek/my_ws/my_robo', 'symlink_install': True, 'test_result_base': None}
[0.216s] INFO:colcon.colcon_core.executor:Executing jobs using 'parallel' executor
[0.216s] DEBUG:colcon.colcon_parallel_executor.executor.parallel:run_until_complete
[0.216s] INFO:colcon.colcon_ros.task.ament_python.build:Building ROS package in '/home/abhishek/my_ws/my_robo' with build type 'ament_python'
[0.216s] Level 1:colcon.colcon_core.shell:create_environment_hook('my_robo', 'ament_prefix_path')
[0.218s] INFO:colcon.colcon_core.plugin_system:Skipping extension 'colcon_core.shell.bat': Not used on non-Windows systems
[0.218s] INFO:colcon.colcon_core.shell:Creating environment hook '/home/abhishek/my_ws/install/my_robo/share/my_robo/hook/ament_prefix_path.ps1'
[0.218s] INFO:colcon.colcon_core.shell:Creating environment descriptor '/home/abhishek/my_ws/install/my_robo/share/my_robo/hook/ament_prefix_path.dsv'
[0.218s] INFO:colcon.colcon_core.shell:Creating environment hook '/home/abhishek/my_ws/install/my_robo/share/my_robo/hook/ament_prefix_path.sh'
[0.219s] INFO:colcon.colcon_core.shell:Skip shell extension 'powershell' for command environment: Not usable outside of PowerShell
[0.219s] DEBUG:colcon.colcon_core.shell:Skip shell extension 'dsv' for command environment
[0.377s] INFO:colcon.colcon_core.task.python.build:Building Python package in '/home/abhishek/my_ws/my_robo'
[0.377s] INFO:colcon.colcon_core.shell:Skip shell extension 'powershell' for command environment: Not usable outside of PowerShell
[0.377s] DEBUG:colcon.colcon_core.shell:Skip shell extension 'dsv' for command environment
[0.603s] DEBUG:colcon.colcon_core.event_handler.log_command:Invoking command in '/home/abhishek/my_ws/build/my_robo': PYTHONPATH=/home/abhishek/my_ws/build/my_robo/prefix_override:/home/abhishek/my_ws/install/my_robo/lib/python3.10/site-packages:${PYTHONPATH} /usr/bin/python3 -W ignore:setup.py install is deprecated setup.py develop --editable --build-directory /home/abhishek/my_ws/build/my_robo/build --no-deps symlink_data
[0.880s] Level 1:colcon.colcon_core.shell:create_environment_hook('my_robo', 'pythonpath_develop')
[0.880s] INFO:colcon.colcon_core.shell:Creating environment hook '/home/abhishek/my_ws/build/my_robo/share/my_robo/hook/pythonpath_develop.ps1'
[0.881s] INFO:colcon.colcon_core.shell:Creating environment descriptor '/home/abhishek/my_ws/build/my_robo/share/my_robo/hook/pythonpath_develop.dsv'
[0.881s] DEBUG:colcon.colcon_core.event_handler.log_command:Invoked command in '/home/abhishek/my_ws/build/my_robo' returned '0': PYTHONPATH=/home/abhishek/my_ws/build/my_robo/prefix_override:/home/abhishek/my_ws/install/my_robo/lib/python3.10/site-packages:${PYTHONPATH} /usr/bin/python3 -W ignore:setup.py install is deprecated setup.py develop --editable --build-directory /home/abhishek/my_ws/build/my_robo/build --no-deps symlink_data
[0.881s] INFO:colcon.colcon_core.shell:Creating environment hook '/home/abhishek/my_ws/build/my_robo/share/my_robo/hook/pythonpath_develop.sh'
[0.883s] Level 1:colcon.colcon_core.environment:checking '/home/abhishek/my_ws/install/my_robo' for CMake module files
[0.883s] Level 1:colcon.colcon_core.environment:checking '/home/abhishek/my_ws/install/my_robo' for CMake config files
[0.883s] Level 1:colcon.colcon_core.environment:checking '/home/abhishek/my_ws/install/my_robo/lib'
[0.883s] Level 1:colcon.colcon_core.environment:checking '/home/abhishek/my_ws/install/my_robo/bin'
[0.884s] Level 1:colcon.colcon_core.environment:checking '/home/abhishek/my_ws/install/my_robo/lib/pkgconfig/my_robo.pc'
[0.884s] Level 1:colcon.colcon_core.environment:checking '/home/abhishek/my_ws/install/my_robo/lib/python3.10/site-packages'
[0.884s] Level 1:colcon.colcon_core.shell:create_environment_hook('my_robo', 'pythonpath')
[0.884s] INFO:colcon.colcon_core.shell:Creating environment hook '/home/abhishek/my_ws/install/my_robo/share/my_robo/hook/pythonpath.ps1'
[0.884s] INFO:colcon.colcon_core.shell:Creating environment descriptor '/home/abhishek/my_ws/install/my_robo/share/my_robo/hook/pythonpath.dsv'
[0.884s] INFO:colcon.colcon_core.shell:Creating environment hook '/home/abhishek/my_ws/install/my_robo/share/my_robo/hook/pythonpath.sh'
[0.885s] Level 1:colcon.colcon_core.environment:checking '/home/abhishek/my_ws/install/my_robo/bin'
[0.885s] Level 1:colcon.colcon_core.environment:create_environment_scripts_only(my_robo)
[0.885s] INFO:colcon.colcon_core.shell:Creating package script '/home/abhishek/my_ws/install/my_robo/share/my_robo/package.ps1'
[0.885s] INFO:colcon.colcon_core.shell:Creating package descriptor '/home/abhishek/my_ws/install/my_robo/share/my_robo/package.dsv'
[0.885s] INFO:colcon.colcon_core.shell:Creating package script '/home/abhishek/my_ws/install/my_robo/share/my_robo/package.sh'
[0.886s] INFO:colcon.colcon_core.shell:Creating package script '/home/abhishek/my_ws/install/my_robo/share/my_robo/package.bash'
[0.886s] INFO:colcon.colcon_core.shell:Creating package script '/home/abhishek/my_ws/install/my_robo/share/my_robo/package.zsh'
[0.886s] Level 1:colcon.colcon_core.environment:create_file_with_runtime_dependencies(/home/abhishek/my_ws/install/my_robo/share/colcon-core/packages/my_robo)
[0.886s] DEBUG:colcon.colcon_parallel_executor.executor.parallel:closing loop
[0.887s] DEBUG:colcon.colcon_parallel_executor.executor.parallel:loop closed
[0.887s] DEBUG:colcon.colcon_parallel_executor.executor.parallel:run_until_complete finished with '0'
[0.887s] DEBUG:colcon.colcon_core.event_reactor:joining thread
[0.891s] INFO:colcon.colcon_core.plugin_system:Skipping extension 'colcon_notification.desktop_notification.terminal_notifier': Not used on non-Darwin systems
[0.891s] INFO:colcon.colcon_core.plugin_system:Skipping extension 'colcon_notification.desktop_notification.win32': Not used on non-Windows systems
[0.891s] INFO:colcon.colcon_notification.desktop_notification:Sending desktop notification using 'notify2'
[0.898s] DEBUG:colcon.colcon_core.event_reactor:joined thread
[0.899s] INFO:colcon.colcon_core.shell:Creating prefix script '/home/abhishek/my_ws/install/local_setup.ps1'
[0.900s] INFO:colcon.colcon_core.shell:Creating prefix util module '/home/abhishek/my_ws/install/_local_setup_util_ps1.py'
[0.900s] INFO:colcon.colcon_core.shell:Creating prefix chain script '/home/abhishek/my_ws/install/setup.ps1'
[0.901s] INFO:colcon.colcon_core.shell:Creating prefix script '/home/abhishek/my_ws/install/local_setup.sh'
[0.901s] INFO:colcon.colcon_core.shell:Creating prefix util module '/home/abhishek/my_ws/install/_local_setup_util_sh.py'
[0.902s] INFO:colcon.colcon_core.shell:Creating prefix chain script '/home/abhishek/my_ws/install/setup.sh'
[0.902s] INFO:colcon.colcon_core.shell:Creating prefix script '/home/abhishek/my_ws/install/local_setup.bash'
[0.903s] INFO:colcon.colcon_core.shell:Creating prefix chain script '/home/abhishek/my_ws/install/setup.bash'
[0.903s] INFO:colcon.colcon_core.shell:Creating prefix script '/home/abhishek/my_ws/install/local_setup.zsh'
[0.903s] INFO:colcon.colcon_core.shell:Creating prefix chain script '/home/abhishek/my_ws/install/setup.zsh'
