[0.194s] DEBUG:colcon:Command line arguments: ['/usr/bin/colcon', 'build', '--symlink-install']
[0.194s] DEBUG:colcon:Parsed command line arguments: Namespace(log_base=None, log_level=None, verb_name='build', build_base='build', install_base='install', merge_install=False, symlink_install=True, test_result_base=None, continue_on_error=False, executor='parallel', parallel_workers=16, event_handlers=None, ignore_user_meta=False, metas=['./colcon.meta'], base_paths=['.'], packages_ignore=None, packages_ignore_regex=None, paths=None, packages_up_to=None, packages_up_to_regex=None, packages_above=None, packages_above_and_dependencies=None, packages_above_depth=None, packages_select_by_dep=None, packages_skip_by_dep=None, packages_skip_up_to=None, packages_select_build_failed=False, packages_skip_build_finished=False, packages_select_test_failures=False, packages_skip_test_passed=False, packages_select=None, packages_skip=None, packages_select_regex=None, packages_skip_regex=None, packages_start=None, packages_end=None, allow_overriding=[], cmake_args=None, cmake_target=None, cmake_target_skip_unavailable=False, cmake_clean_cache=False, cmake_clean_first=False, cmake_force_configure=False, ament_cmake_args=None, catkin_cmake_args=None, catkin_skip_building_tests=False, mixin_files=None, mixin=None, verb_parser=<colcon_mixin.mixin.mixin_argument.MixinArgumentDecorator object at 0x7c08761359f0>, verb_extension=<colcon_core.verb.build.BuildVerb object at 0x7c0876135510>, main=<bound method BuildVerb.main of <colcon_core.verb.build.BuildVerb object at 0x7c0876135510>>, mixin_verb=('build',))
[0.468s] Level 1:colcon.colcon_core.package_discovery:discover_packages(colcon_meta) check parameters
[0.468s] Level 1:colcon.colcon_core.package_discovery:discover_packages(recursive) check parameters
[0.468s] Level 1:colcon.colcon_core.package_discovery:discover_packages(ignore) check parameters
[0.468s] Level 1:colcon.colcon_core.package_discovery:discover_packages(path) check parameters
[0.468s] Level 1:colcon.colcon_core.package_discovery:discover_packages(colcon_meta) discover
[0.468s] Level 1:colcon.colcon_core.package_discovery:discover_packages(recursive) discover
[0.468s] INFO:colcon.colcon_core.package_discovery:Crawling recursively for packages in '/home/abhishek/my_ws'
[0.468s] Level 1:colcon.colcon_core.package_identification:_identify(.) by extensions ['ignore', 'ignore_ament_install']
[0.468s] Level 1:colcon.colcon_core.package_identification:_identify(.) by extension 'ignore'
[0.469s] Level 1:colcon.colcon_core.package_identification:_identify(.) by extension 'ignore_ament_install'
[0.469s] Level 1:colcon.colcon_core.package_identification:_identify(.) by extensions ['colcon_pkg']
[0.469s] Level 1:colcon.colcon_core.package_identification:_identify(.) by extension 'colcon_pkg'
[0.469s] Level 1:colcon.colcon_core.package_identification:_identify(.) by extensions ['colcon_meta']
[0.469s] Level 1:colcon.colcon_core.package_identification:_identify(.) by extension 'colcon_meta'
[0.469s] Level 1:colcon.colcon_core.package_identification:_identify(.) by extensions ['ros']
[0.469s] Level 1:colcon.colcon_core.package_identification:_identify(.) by extension 'ros'
[0.489s] Level 1:colcon.colcon_core.package_identification:_identify(.) by extensions ['cmake', 'python']
[0.489s] Level 1:colcon.colcon_core.package_identification:_identify(.) by extension 'cmake'
[0.489s] Level 1:colcon.colcon_core.package_identification:_identify(.) by extension 'python'
[0.489s] Level 1:colcon.colcon_core.package_identification:_identify(.) by extensions ['python_setup_py']
[0.489s] Level 1:colcon.colcon_core.package_identification:_identify(.) by extension 'python_setup_py'
[0.489s] Level 1:colcon.colcon_core.package_identification:_identify(build) by extensions ['ignore', 'ignore_ament_install']
[0.490s] Level 1:colcon.colcon_core.package_identification:_identify(build) by extension 'ignore'
[0.490s] Level 1:colcon.colcon_core.package_identification:_identify(build) ignored
[0.490s] Level 1:colcon.colcon_core.package_identification:_identify(install) by extensions ['ignore', 'ignore_ament_install']
[0.490s] Level 1:colcon.colcon_core.package_identification:_identify(install) by extension 'ignore'
[0.490s] Level 1:colcon.colcon_core.package_identification:_identify(install) ignored
[0.490s] Level 1:colcon.colcon_core.package_identification:_identify(log) by extensions ['ignore', 'ignore_ament_install']
[0.490s] Level 1:colcon.colcon_core.package_identification:_identify(log) by extension 'ignore'
[0.490s] Level 1:colcon.colcon_core.package_identification:_identify(log) ignored
[0.491s] Level 1:colcon.colcon_core.package_identification:_identify(src2) by extensions ['ignore', 'ignore_ament_install']
[0.491s] Level 1:colcon.colcon_core.package_identification:_identify(src2) by extension 'ignore'
[0.491s] Level 1:colcon.colcon_core.package_identification:_identify(src2) by extension 'ignore_ament_install'
[0.491s] Level 1:colcon.colcon_core.package_identification:_identify(src2) by extensions ['colcon_pkg']
[0.491s] Level 1:colcon.colcon_core.package_identification:_identify(src2) by extension 'colcon_pkg'
[0.491s] Level 1:colcon.colcon_core.package_identification:_identify(src2) by extensions ['colcon_meta']
[0.491s] Level 1:colcon.colcon_core.package_identification:_identify(src2) by extension 'colcon_meta'
[0.491s] Level 1:colcon.colcon_core.package_identification:_identify(src2) by extensions ['ros']
[0.491s] Level 1:colcon.colcon_core.package_identification:_identify(src2) by extension 'ros'
[0.491s] Level 1:colcon.colcon_core.package_identification:_identify(src2) by extensions ['cmake', 'python']
[0.491s] Level 1:colcon.colcon_core.package_identification:_identify(src2) by extension 'cmake'
[0.491s] Level 1:colcon.colcon_core.package_identification:_identify(src2) by extension 'python'
[0.491s] Level 1:colcon.colcon_core.package_identification:_identify(src2) by extensions ['python_setup_py']
[0.491s] Level 1:colcon.colcon_core.package_identification:_identify(src2) by extension 'python_setup_py'
[0.492s] Level 1:colcon.colcon_core.package_identification:_identify(src2/my_robo) by extensions ['ignore', 'ignore_ament_install']
[0.492s] Level 1:colcon.colcon_core.package_identification:_identify(src2/my_robo) by extension 'ignore'
[0.492s] Level 1:colcon.colcon_core.package_identification:_identify(src2/my_robo) by extension 'ignore_ament_install'
[0.492s] Level 1:colcon.colcon_core.package_identification:_identify(src2/my_robo) by extensions ['colcon_pkg']
[0.492s] Level 1:colcon.colcon_core.package_identification:_identify(src2/my_robo) by extension 'colcon_pkg'
[0.492s] Level 1:colcon.colcon_core.package_identification:_identify(src2/my_robo) by extensions ['colcon_meta']
[0.492s] Level 1:colcon.colcon_core.package_identification:_identify(src2/my_robo) by extension 'colcon_meta'
[0.492s] Level 1:colcon.colcon_core.package_identification:_identify(src2/my_robo) by extensions ['ros']
[0.492s] Level 1:colcon.colcon_core.package_identification:_identify(src2/my_robo) by extension 'ros'
[0.496s] DEBUG:colcon.colcon_core.package_identification:Package 'src2/my_robo' with type 'ros.ament_cmake' and name 'my_bot'
[0.496s] Level 1:colcon.colcon_core.package_discovery:discover_packages(recursive) using defaults
[0.496s] Level 1:colcon.colcon_core.package_discovery:discover_packages(ignore) discover
[0.496s] Level 1:colcon.colcon_core.package_discovery:discover_packages(ignore) using defaults
[0.496s] Level 1:colcon.colcon_core.package_discovery:discover_packages(path) discover
[0.496s] Level 1:colcon.colcon_core.package_discovery:discover_packages(path) using defaults
[0.552s] Level 1:colcon.colcon_core.package_discovery:discover_packages(prefix_path) check parameters
[0.552s] Level 1:colcon.colcon_core.package_discovery:discover_packages(prefix_path) discover
[0.555s] DEBUG:colcon.colcon_installed_package_information.package_discovery:Found 1 installed packages in /home/abhishek/my_ws/install
[0.556s] DEBUG:colcon.colcon_installed_package_information.package_discovery:Found 1 installed packages in /home/abhishek/Abhi_ws/install
[0.557s] DEBUG:colcon.colcon_installed_package_information.package_discovery:Found 1 installed packages in /home/abhishek/ros2_ws/install
[0.557s] DEBUG:colcon.colcon_installed_package_information.package_discovery:Found 1 installed packages in /home/abhishek/install
[0.558s] DEBUG:colcon.colcon_installed_package_information.package_discovery:Found 0 installed packages in /home/abhishek/ros2_workspace/install
[0.559s] DEBUG:colcon.colcon_installed_package_information.package_discovery:Found 279 installed packages in /opt/ros/humble
[0.561s] Level 1:colcon.colcon_core.package_discovery:discover_packages(prefix_path) using defaults
[0.620s] Level 5:colcon.colcon_core.verb:set package 'my_bot' build argument 'cmake_args' from command line to 'None'
[0.621s] Level 5:colcon.colcon_core.verb:set package 'my_bot' build argument 'cmake_target' from command line to 'None'
[0.621s] Level 5:colcon.colcon_core.verb:set package 'my_bot' build argument 'cmake_target_skip_unavailable' from command line to 'False'
[0.621s] Level 5:colcon.colcon_core.verb:set package 'my_bot' build argument 'cmake_clean_cache' from command line to 'False'
[0.621s] Level 5:colcon.colcon_core.verb:set package 'my_bot' build argument 'cmake_clean_first' from command line to 'False'
[0.621s] Level 5:colcon.colcon_core.verb:set package 'my_bot' build argument 'cmake_force_configure' from command line to 'False'
[0.621s] Level 5:colcon.colcon_core.verb:set package 'my_bot' build argument 'ament_cmake_args' from command line to 'None'
[0.621s] Level 5:colcon.colcon_core.verb:set package 'my_bot' build argument 'catkin_cmake_args' from command line to 'None'
[0.621s] Level 5:colcon.colcon_core.verb:set package 'my_bot' build argument 'catkin_skip_building_tests' from command line to 'False'
[0.621s] DEBUG:colcon.colcon_core.verb:Building package 'my_bot' with the following arguments: {'ament_cmake_args': None, 'build_base': '/home/abhishek/my_ws/build/my_bot', 'catkin_cmake_args': None, 'catkin_skip_building_tests': False, 'cmake_args': None, 'cmake_clean_cache': False, 'cmake_clean_first': False, 'cmake_force_configure': False, 'cmake_target': None, 'cmake_target_skip_unavailable': False, 'install_base': '/home/abhishek/my_ws/install/my_bot', 'merge_install': False, 'path': '/home/abhishek/my_ws/src2/my_robo', 'symlink_install': True, 'test_result_base': None}
[0.621s] INFO:colcon.colcon_core.executor:Executing jobs using 'parallel' executor
[0.623s] DEBUG:colcon.colcon_parallel_executor.executor.parallel:run_until_complete
[0.623s] INFO:colcon.colcon_ros.task.ament_cmake.build:Building ROS package in '/home/abhishek/my_ws/src2/my_robo' with build type 'ament_cmake'
[0.623s] INFO:colcon.colcon_cmake.task.cmake.build:Building CMake package in '/home/abhishek/my_ws/src2/my_robo'
[0.626s] INFO:colcon.colcon_core.plugin_system:Skipping extension 'colcon_core.shell.bat': Not used on non-Windows systems
[0.626s] INFO:colcon.colcon_core.shell:Skip shell extension 'powershell' for command environment: Not usable outside of PowerShell
[0.626s] DEBUG:colcon.colcon_core.shell:Skip shell extension 'dsv' for command environment
[0.643s] DEBUG:colcon.colcon_core.event_handler.log_command:Invoking command in '/home/abhishek/my_ws/build/my_bot': CMAKE_PREFIX_PATH=${CMAKE_PREFIX_PATH}:/home/abhishek/install/my_robot_cont:/home/abhishek/ros2_ws/install/my_robot_control:/opt/ros/humble /usr/bin/cmake --build /home/abhishek/my_ws/build/my_bot -- -j16 -l16
[0.711s] DEBUG:colcon.colcon_core.event_handler.log_command:Invoked command in '/home/abhishek/my_ws/build/my_bot' returned '0': CMAKE_PREFIX_PATH=${CMAKE_PREFIX_PATH}:/home/abhishek/install/my_robot_cont:/home/abhishek/ros2_ws/install/my_robot_control:/opt/ros/humble /usr/bin/cmake --build /home/abhishek/my_ws/build/my_bot -- -j16 -l16
[0.768s] DEBUG:colcon.colcon_core.event_handler.log_command:Invoking command in '/home/abhishek/my_ws/build/my_bot': CMAKE_PREFIX_PATH=${CMAKE_PREFIX_PATH}:/home/abhishek/install/my_robot_cont:/home/abhishek/ros2_ws/install/my_robot_control:/opt/ros/humble /usr/bin/cmake --install /home/abhishek/my_ws/build/my_bot
[0.824s] Level 1:colcon.colcon_core.environment:create_environment_scripts_only(my_bot)
[0.825s] DEBUG:colcon.colcon_core.event_handler.log_command:Invoked command in '/home/abhishek/my_ws/build/my_bot' returned '0': CMAKE_PREFIX_PATH=${CMAKE_PREFIX_PATH}:/home/abhishek/install/my_robot_cont:/home/abhishek/ros2_ws/install/my_robot_control:/opt/ros/humble /usr/bin/cmake --install /home/abhishek/my_ws/build/my_bot
[0.828s] Level 1:colcon.colcon_core.environment:checking '/home/abhishek/my_ws/install/my_bot' for CMake module files
[0.829s] Level 1:colcon.colcon_core.environment:checking '/home/abhishek/my_ws/install/my_bot' for CMake config files
[0.830s] Level 1:colcon.colcon_core.shell:create_environment_hook('my_bot', 'cmake_prefix_path')
[0.830s] INFO:colcon.colcon_core.shell:Creating environment hook '/home/abhishek/my_ws/install/my_bot/share/my_bot/hook/cmake_prefix_path.ps1'
[0.832s] INFO:colcon.colcon_core.shell:Creating environment descriptor '/home/abhishek/my_ws/install/my_bot/share/my_bot/hook/cmake_prefix_path.dsv'
[0.832s] INFO:colcon.colcon_core.shell:Creating environment hook '/home/abhishek/my_ws/install/my_bot/share/my_bot/hook/cmake_prefix_path.sh'
[0.833s] Level 1:colcon.colcon_core.environment:checking '/home/abhishek/my_ws/install/my_bot/bin'
[0.834s] Level 1:colcon.colcon_core.environment:checking '/home/abhishek/my_ws/install/my_bot/lib/pkgconfig/my_bot.pc'
[0.834s] Level 1:colcon.colcon_core.environment:checking '/home/abhishek/my_ws/install/my_bot/lib/python3.10/site-packages'
[0.834s] Level 1:colcon.colcon_core.environment:checking '/home/abhishek/my_ws/install/my_bot/bin'
[0.835s] INFO:colcon.colcon_core.shell:Creating package script '/home/abhishek/my_ws/install/my_bot/share/my_bot/package.ps1'
[0.836s] INFO:colcon.colcon_core.shell:Creating package descriptor '/home/abhishek/my_ws/install/my_bot/share/my_bot/package.dsv'
[0.837s] INFO:colcon.colcon_core.shell:Creating package script '/home/abhishek/my_ws/install/my_bot/share/my_bot/package.sh'
[0.838s] INFO:colcon.colcon_core.shell:Creating package script '/home/abhishek/my_ws/install/my_bot/share/my_bot/package.bash'
[0.840s] INFO:colcon.colcon_core.shell:Creating package script '/home/abhishek/my_ws/install/my_bot/share/my_bot/package.zsh'
[0.841s] Level 1:colcon.colcon_core.environment:create_file_with_runtime_dependencies(/home/abhishek/my_ws/install/my_bot/share/colcon-core/packages/my_bot)
[0.880s] Level 1:colcon.colcon_core.environment:create_environment_scripts_only(my_bot)
[0.881s] Level 1:colcon.colcon_core.environment:checking '/home/abhishek/my_ws/install/my_bot' for CMake module files
[0.882s] Level 1:colcon.colcon_core.environment:checking '/home/abhishek/my_ws/install/my_bot' for CMake config files
[0.883s] Level 1:colcon.colcon_core.shell:create_environment_hook('my_bot', 'cmake_prefix_path')
[0.883s] INFO:colcon.colcon_core.shell:Creating environment hook '/home/abhishek/my_ws/install/my_bot/share/my_bot/hook/cmake_prefix_path.ps1'
[0.884s] INFO:colcon.colcon_core.shell:Creating environment descriptor '/home/abhishek/my_ws/install/my_bot/share/my_bot/hook/cmake_prefix_path.dsv'
[0.885s] INFO:colcon.colcon_core.shell:Creating environment hook '/home/abhishek/my_ws/install/my_bot/share/my_bot/hook/cmake_prefix_path.sh'
[0.886s] Level 1:colcon.colcon_core.environment:checking '/home/abhishek/my_ws/install/my_bot/bin'
[0.886s] Level 1:colcon.colcon_core.environment:checking '/home/abhishek/my_ws/install/my_bot/lib/pkgconfig/my_bot.pc'
[0.887s] Level 1:colcon.colcon_core.environment:checking '/home/abhishek/my_ws/install/my_bot/lib/python3.10/site-packages'
[0.887s] Level 1:colcon.colcon_core.environment:checking '/home/abhishek/my_ws/install/my_bot/bin'
[0.888s] INFO:colcon.colcon_core.shell:Creating package script '/home/abhishek/my_ws/install/my_bot/share/my_bot/package.ps1'
[0.889s] INFO:colcon.colcon_core.shell:Creating package descriptor '/home/abhishek/my_ws/install/my_bot/share/my_bot/package.dsv'
[0.889s] INFO:colcon.colcon_core.shell:Creating package script '/home/abhishek/my_ws/install/my_bot/share/my_bot/package.sh'
[0.890s] INFO:colcon.colcon_core.shell:Creating package script '/home/abhishek/my_ws/install/my_bot/share/my_bot/package.bash'
[0.890s] INFO:colcon.colcon_core.shell:Creating package script '/home/abhishek/my_ws/install/my_bot/share/my_bot/package.zsh'
[0.891s] Level 1:colcon.colcon_core.environment:create_file_with_runtime_dependencies(/home/abhishek/my_ws/install/my_bot/share/colcon-core/packages/my_bot)
[0.891s] DEBUG:colcon.colcon_parallel_executor.executor.parallel:closing loop
[0.891s] DEBUG:colcon.colcon_parallel_executor.executor.parallel:loop closed
[0.892s] DEBUG:colcon.colcon_parallel_executor.executor.parallel:run_until_complete finished with '0'
[0.892s] DEBUG:colcon.colcon_core.event_reactor:joining thread
[0.902s] INFO:colcon.colcon_core.plugin_system:Skipping extension 'colcon_notification.desktop_notification.terminal_notifier': Not used on non-Darwin systems
[0.902s] INFO:colcon.colcon_core.plugin_system:Skipping extension 'colcon_notification.desktop_notification.win32': Not used on non-Windows systems
[0.902s] INFO:colcon.colcon_notification.desktop_notification:Sending desktop notification using 'notify2'
[0.928s] DEBUG:colcon.colcon_core.event_reactor:joined thread
[0.929s] INFO:colcon.colcon_core.shell:Creating prefix script '/home/abhishek/my_ws/install/local_setup.ps1'
[0.930s] INFO:colcon.colcon_core.shell:Creating prefix util module '/home/abhishek/my_ws/install/_local_setup_util_ps1.py'
[0.932s] INFO:colcon.colcon_core.shell:Creating prefix chain script '/home/abhishek/my_ws/install/setup.ps1'
[0.935s] INFO:colcon.colcon_core.shell:Creating prefix script '/home/abhishek/my_ws/install/local_setup.sh'
[0.937s] INFO:colcon.colcon_core.shell:Creating prefix util module '/home/abhishek/my_ws/install/_local_setup_util_sh.py'
[0.938s] INFO:colcon.colcon_core.shell:Creating prefix chain script '/home/abhishek/my_ws/install/setup.sh'
[0.941s] INFO:colcon.colcon_core.shell:Creating prefix script '/home/abhishek/my_ws/install/local_setup.bash'
[0.942s] INFO:colcon.colcon_core.shell:Creating prefix chain script '/home/abhishek/my_ws/install/setup.bash'
[0.946s] INFO:colcon.colcon_core.shell:Creating prefix script '/home/abhishek/my_ws/install/local_setup.zsh'
[0.947s] INFO:colcon.colcon_core.shell:Creating prefix chain script '/home/abhishek/my_ws/install/setup.zsh'
