[0.259s] DEBUG:colcon:Command line arguments: ['/usr/bin/colcon', 'build']
[0.259s] DEBUG:colcon:Parsed command line arguments: Namespace(log_base=None, log_level=None, verb_name='build', build_base='build', install_base='install', merge_install=False, symlink_install=False, test_result_base=None, continue_on_error=False, executor='parallel', parallel_workers=16, event_handlers=None, ignore_user_meta=False, metas=['./colcon.meta'], base_paths=['.'], packages_ignore=None, packages_ignore_regex=None, paths=None, packages_up_to=None, packages_up_to_regex=None, packages_above=None, packages_above_and_dependencies=None, packages_above_depth=None, packages_select_by_dep=None, packages_skip_by_dep=None, packages_skip_up_to=None, packages_select_build_failed=False, packages_skip_build_finished=False, packages_select_test_failures=False, packages_skip_test_passed=False, packages_select=None, packages_skip=None, packages_select_regex=None, packages_skip_regex=None, packages_start=None, packages_end=None, allow_overriding=[], cmake_args=None, cmake_target=None, cmake_target_skip_unavailable=False, cmake_clean_cache=False, cmake_clean_first=False, cmake_force_configure=False, ament_cmake_args=None, catkin_cmake_args=None, catkin_skip_building_tests=False, verb_parser=<colcon_defaults.argument_parser.defaults.DefaultArgumentsDecorator object at 0x78c7df43d0f0>, verb_extension=<colcon_core.verb.build.BuildVerb object at 0x78c7df43cc70>, main=<bound method BuildVerb.main of <colcon_core.verb.build.BuildVerb object at 0x78c7df43cc70>>)
[0.561s] Level 1:colcon.colcon_core.package_discovery:discover_packages(colcon_meta) check parameters
[0.561s] Level 1:colcon.colcon_core.package_discovery:discover_packages(recursive) check parameters
[0.561s] Level 1:colcon.colcon_core.package_discovery:discover_packages(ignore) check parameters
[0.561s] Level 1:colcon.colcon_core.package_discovery:discover_packages(path) check parameters
[0.561s] Level 1:colcon.colcon_core.package_discovery:discover_packages(colcon_meta) discover
[0.562s] Level 1:colcon.colcon_core.package_discovery:discover_packages(recursive) discover
[0.562s] INFO:colcon.colcon_core.package_discovery:Crawling recursively for packages in '/home/abhishek/my_ws'
[0.562s] Level 1:colcon.colcon_core.package_identification:_identify(.) by extensions ['ignore', 'ignore_ament_install']
[0.562s] Level 1:colcon.colcon_core.package_identification:_identify(.) by extension 'ignore'
[0.562s] Level 1:colcon.colcon_core.package_identification:_identify(.) by extension 'ignore_ament_install'
[0.562s] Level 1:colcon.colcon_core.package_identification:_identify(.) by extensions ['colcon_pkg']
[0.562s] Level 1:colcon.colcon_core.package_identification:_identify(.) by extension 'colcon_pkg'
[0.562s] Level 1:colcon.colcon_core.package_identification:_identify(.) by extensions ['colcon_meta']
[0.562s] Level 1:colcon.colcon_core.package_identification:_identify(.) by extension 'colcon_meta'
[0.562s] Level 1:colcon.colcon_core.package_identification:_identify(.) by extensions ['ros']
[0.562s] Level 1:colcon.colcon_core.package_identification:_identify(.) by extension 'ros'
[0.578s] Level 1:colcon.colcon_core.package_identification:_identify(.) by extensions ['cmake', 'python']
[0.578s] Level 1:colcon.colcon_core.package_identification:_identify(.) by extension 'cmake'
[0.578s] Level 1:colcon.colcon_core.package_identification:_identify(.) by extension 'python'
[0.578s] Level 1:colcon.colcon_core.package_identification:_identify(.) by extensions ['python_setup_py']
[0.578s] Level 1:colcon.colcon_core.package_identification:_identify(.) by extension 'python_setup_py'
[0.578s] Level 1:colcon.colcon_core.package_identification:_identify(build) by extensions ['ignore', 'ignore_ament_install']
[0.578s] Level 1:colcon.colcon_core.package_identification:_identify(build) by extension 'ignore'
[0.578s] Level 1:colcon.colcon_core.package_identification:_identify(build) ignored
[0.579s] Level 1:colcon.colcon_core.package_identification:_identify(install) by extensions ['ignore', 'ignore_ament_install']
[0.579s] Level 1:colcon.colcon_core.package_identification:_identify(install) by extension 'ignore'
[0.579s] Level 1:colcon.colcon_core.package_identification:_identify(install) ignored
[0.579s] Level 1:colcon.colcon_core.package_identification:_identify(log) by extensions ['ignore', 'ignore_ament_install']
[0.579s] Level 1:colcon.colcon_core.package_identification:_identify(log) by extension 'ignore'
[0.579s] Level 1:colcon.colcon_core.package_identification:_identify(log) ignored
[0.579s] Level 1:colcon.colcon_core.package_identification:_identify(src2) by extensions ['ignore', 'ignore_ament_install']
[0.579s] Level 1:colcon.colcon_core.package_identification:_identify(src2) by extension 'ignore'
[0.579s] Level 1:colcon.colcon_core.package_identification:_identify(src2) by extension 'ignore_ament_install'
[0.579s] Level 1:colcon.colcon_core.package_identification:_identify(src2) by extensions ['colcon_pkg']
[0.579s] Level 1:colcon.colcon_core.package_identification:_identify(src2) by extension 'colcon_pkg'
[0.579s] Level 1:colcon.colcon_core.package_identification:_identify(src2) by extensions ['colcon_meta']
[0.580s] Level 1:colcon.colcon_core.package_identification:_identify(src2) by extension 'colcon_meta'
[0.580s] Level 1:colcon.colcon_core.package_identification:_identify(src2) by extensions ['ros']
[0.580s] Level 1:colcon.colcon_core.package_identification:_identify(src2) by extension 'ros'
[0.580s] Level 1:colcon.colcon_core.package_identification:_identify(src2) by extensions ['cmake', 'python']
[0.580s] Level 1:colcon.colcon_core.package_identification:_identify(src2) by extension 'cmake'
[0.580s] Level 1:colcon.colcon_core.package_identification:_identify(src2) by extension 'python'
[0.580s] Level 1:colcon.colcon_core.package_identification:_identify(src2) by extensions ['python_setup_py']
[0.580s] Level 1:colcon.colcon_core.package_identification:_identify(src2) by extension 'python_setup_py'
[0.580s] Level 1:colcon.colcon_core.package_identification:_identify(src2/my_robo) by extensions ['ignore', 'ignore_ament_install']
[0.580s] Level 1:colcon.colcon_core.package_identification:_identify(src2/my_robo) by extension 'ignore'
[0.580s] Level 1:colcon.colcon_core.package_identification:_identify(src2/my_robo) by extension 'ignore_ament_install'
[0.580s] Level 1:colcon.colcon_core.package_identification:_identify(src2/my_robo) by extensions ['colcon_pkg']
[0.580s] Level 1:colcon.colcon_core.package_identification:_identify(src2/my_robo) by extension 'colcon_pkg'
[0.580s] Level 1:colcon.colcon_core.package_identification:_identify(src2/my_robo) by extensions ['colcon_meta']
[0.580s] Level 1:colcon.colcon_core.package_identification:_identify(src2/my_robo) by extension 'colcon_meta'
[0.580s] Level 1:colcon.colcon_core.package_identification:_identify(src2/my_robo) by extensions ['ros']
[0.580s] Level 1:colcon.colcon_core.package_identification:_identify(src2/my_robo) by extension 'ros'
[0.583s] DEBUG:colcon.colcon_core.package_identification:Package 'src2/my_robo' with type 'ros.ament_cmake' and name 'my_bot'
[0.583s] Level 1:colcon.colcon_core.package_discovery:discover_packages(recursive) using defaults
[0.583s] Level 1:colcon.colcon_core.package_discovery:discover_packages(ignore) discover
[0.583s] Level 1:colcon.colcon_core.package_discovery:discover_packages(ignore) using defaults
[0.583s] Level 1:colcon.colcon_core.package_discovery:discover_packages(path) discover
[0.583s] Level 1:colcon.colcon_core.package_discovery:discover_packages(path) using defaults
[0.634s] Level 1:colcon.colcon_core.package_discovery:discover_packages(prefix_path) check parameters
[0.634s] Level 1:colcon.colcon_core.package_discovery:discover_packages(prefix_path) discover
[0.639s] DEBUG:colcon.colcon_installed_package_information.package_discovery:Found 1 installed packages in /home/abhishek/my_ws/install
[0.641s] DEBUG:colcon.colcon_installed_package_information.package_discovery:Found 1 installed packages in /home/abhishek/Abhi_ws/install
[0.642s] DEBUG:colcon.colcon_installed_package_information.package_discovery:Found 1 installed packages in /home/abhishek/ros2_ws/install
[0.643s] DEBUG:colcon.colcon_installed_package_information.package_discovery:Found 1 installed packages in /home/abhishek/install
[0.647s] DEBUG:colcon.colcon_installed_package_information.package_discovery:Found 331 installed packages in /opt/ros/humble
[0.650s] Level 1:colcon.colcon_core.package_discovery:discover_packages(prefix_path) using defaults
[0.746s] Level 5:colcon.colcon_core.verb:set package 'my_bot' build argument 'cmake_args' from command line to 'None'
[0.746s] Level 5:colcon.colcon_core.verb:set package 'my_bot' build argument 'cmake_target' from command line to 'None'
[0.746s] Level 5:colcon.colcon_core.verb:set package 'my_bot' build argument 'cmake_target_skip_unavailable' from command line to 'False'
[0.746s] Level 5:colcon.colcon_core.verb:set package 'my_bot' build argument 'cmake_clean_cache' from command line to 'False'
[0.746s] Level 5:colcon.colcon_core.verb:set package 'my_bot' build argument 'cmake_clean_first' from command line to 'False'
[0.746s] Level 5:colcon.colcon_core.verb:set package 'my_bot' build argument 'cmake_force_configure' from command line to 'False'
[0.746s] Level 5:colcon.colcon_core.verb:set package 'my_bot' build argument 'ament_cmake_args' from command line to 'None'
[0.746s] Level 5:colcon.colcon_core.verb:set package 'my_bot' build argument 'catkin_cmake_args' from command line to 'None'
[0.746s] Level 5:colcon.colcon_core.verb:set package 'my_bot' build argument 'catkin_skip_building_tests' from command line to 'False'
[0.746s] DEBUG:colcon.colcon_core.verb:Building package 'my_bot' with the following arguments: {'ament_cmake_args': None, 'build_base': '/home/abhishek/my_ws/build/my_bot', 'catkin_cmake_args': None, 'catkin_skip_building_tests': False, 'cmake_args': None, 'cmake_clean_cache': False, 'cmake_clean_first': False, 'cmake_force_configure': False, 'cmake_target': None, 'cmake_target_skip_unavailable': False, 'install_base': '/home/abhishek/my_ws/install/my_bot', 'merge_install': False, 'path': '/home/abhishek/my_ws/src2/my_robo', 'symlink_install': False, 'test_result_base': None}
[0.747s] INFO:colcon.colcon_core.executor:Executing jobs using 'parallel' executor
[0.748s] DEBUG:colcon.colcon_parallel_executor.executor.parallel:run_until_complete
[0.748s] INFO:colcon.colcon_ros.task.ament_cmake.build:Building ROS package in '/home/abhishek/my_ws/src2/my_robo' with build type 'ament_cmake'
[0.748s] INFO:colcon.colcon_cmake.task.cmake.build:Building CMake package in '/home/abhishek/my_ws/src2/my_robo'
[0.752s] INFO:colcon.colcon_core.plugin_system:Skipping extension 'colcon_core.shell.bat': Not used on non-Windows systems
[0.753s] INFO:colcon.colcon_core.shell:Skip shell extension 'powershell' for command environment: Not usable outside of PowerShell
[0.753s] DEBUG:colcon.colcon_core.shell:Skip shell extension 'dsv' for command environment
[0.767s] DEBUG:colcon.colcon_core.event_handler.log_command:Invoking command in '/home/abhishek/my_ws/build/my_bot': CMAKE_PREFIX_PATH=${CMAKE_PREFIX_PATH}:/home/abhishek/ros2_ws/install/my_robot_control:/home/abhishek/install/my_robot_cont:/opt/ros/humble /usr/bin/cmake --build /home/abhishek/my_ws/build/my_bot -- -j16 -l16
[0.836s] DEBUG:colcon.colcon_core.event_handler.log_command:Invoked command in '/home/abhishek/my_ws/build/my_bot' returned '0': CMAKE_PREFIX_PATH=${CMAKE_PREFIX_PATH}:/home/abhishek/ros2_ws/install/my_robot_control:/home/abhishek/install/my_robot_cont:/opt/ros/humble /usr/bin/cmake --build /home/abhishek/my_ws/build/my_bot -- -j16 -l16
[0.880s] DEBUG:colcon.colcon_core.event_handler.log_command:Invoking command in '/home/abhishek/my_ws/build/my_bot': CMAKE_PREFIX_PATH=${CMAKE_PREFIX_PATH}:/home/abhishek/ros2_ws/install/my_robot_control:/home/abhishek/install/my_robot_cont:/opt/ros/humble /usr/bin/cmake --install /home/abhishek/my_ws/build/my_bot
[0.931s] Level 1:colcon.colcon_core.environment:create_environment_scripts_only(my_bot)
[0.932s] DEBUG:colcon.colcon_core.event_handler.log_command:Invoked command in '/home/abhishek/my_ws/build/my_bot' returned '0': CMAKE_PREFIX_PATH=${CMAKE_PREFIX_PATH}:/home/abhishek/ros2_ws/install/my_robot_control:/home/abhishek/install/my_robot_cont:/opt/ros/humble /usr/bin/cmake --install /home/abhishek/my_ws/build/my_bot
[0.937s] Level 1:colcon.colcon_core.environment:checking '/home/abhishek/my_ws/install/my_bot' for CMake module files
[0.938s] Level 1:colcon.colcon_core.environment:checking '/home/abhishek/my_ws/install/my_bot' for CMake config files
[0.938s] Level 1:colcon.colcon_core.shell:create_environment_hook('my_bot', 'cmake_prefix_path')
[0.939s] INFO:colcon.colcon_core.shell:Creating environment hook '/home/abhishek/my_ws/install/my_bot/share/my_bot/hook/cmake_prefix_path.ps1'
[0.941s] INFO:colcon.colcon_core.shell:Creating environment descriptor '/home/abhishek/my_ws/install/my_bot/share/my_bot/hook/cmake_prefix_path.dsv'
[0.943s] INFO:colcon.colcon_core.shell:Creating environment hook '/home/abhishek/my_ws/install/my_bot/share/my_bot/hook/cmake_prefix_path.sh'
[0.946s] Level 1:colcon.colcon_core.environment:checking '/home/abhishek/my_ws/install/my_bot/bin'
[0.946s] Level 1:colcon.colcon_core.environment:checking '/home/abhishek/my_ws/install/my_bot/lib/pkgconfig/my_bot.pc'
[0.946s] Level 1:colcon.colcon_core.environment:checking '/home/abhishek/my_ws/install/my_bot/lib/python3.10/site-packages'
[0.947s] Level 1:colcon.colcon_core.environment:checking '/home/abhishek/my_ws/install/my_bot/bin'
[0.948s] INFO:colcon.colcon_core.shell:Creating package script '/home/abhishek/my_ws/install/my_bot/share/my_bot/package.ps1'
[0.950s] INFO:colcon.colcon_core.shell:Creating package descriptor '/home/abhishek/my_ws/install/my_bot/share/my_bot/package.dsv'
[0.951s] INFO:colcon.colcon_core.shell:Creating package script '/home/abhishek/my_ws/install/my_bot/share/my_bot/package.sh'
[0.952s] INFO:colcon.colcon_core.shell:Creating package script '/home/abhishek/my_ws/install/my_bot/share/my_bot/package.bash'
[0.953s] INFO:colcon.colcon_core.shell:Creating package script '/home/abhishek/my_ws/install/my_bot/share/my_bot/package.zsh'
[0.954s] Level 1:colcon.colcon_core.environment:create_file_with_runtime_dependencies(/home/abhishek/my_ws/install/my_bot/share/colcon-core/packages/my_bot)
[0.987s] Level 1:colcon.colcon_core.environment:create_environment_scripts_only(my_bot)
[0.987s] Level 1:colcon.colcon_core.environment:checking '/home/abhishek/my_ws/install/my_bot' for CMake module files
[0.988s] Level 1:colcon.colcon_core.environment:checking '/home/abhishek/my_ws/install/my_bot' for CMake config files
[0.989s] Level 1:colcon.colcon_core.shell:create_environment_hook('my_bot', 'cmake_prefix_path')
[0.990s] INFO:colcon.colcon_core.shell:Creating environment hook '/home/abhishek/my_ws/install/my_bot/share/my_bot/hook/cmake_prefix_path.ps1'
[0.992s] INFO:colcon.colcon_core.shell:Creating environment descriptor '/home/abhishek/my_ws/install/my_bot/share/my_bot/hook/cmake_prefix_path.dsv'
[0.992s] INFO:colcon.colcon_core.shell:Creating environment hook '/home/abhishek/my_ws/install/my_bot/share/my_bot/hook/cmake_prefix_path.sh'
[0.994s] Level 1:colcon.colcon_core.environment:checking '/home/abhishek/my_ws/install/my_bot/bin'
[0.994s] Level 1:colcon.colcon_core.environment:checking '/home/abhishek/my_ws/install/my_bot/lib/pkgconfig/my_bot.pc'
[0.994s] Level 1:colcon.colcon_core.environment:checking '/home/abhishek/my_ws/install/my_bot/lib/python3.10/site-packages'
[0.995s] Level 1:colcon.colcon_core.environment:checking '/home/abhishek/my_ws/install/my_bot/bin'
[0.996s] INFO:colcon.colcon_core.shell:Creating package script '/home/abhishek/my_ws/install/my_bot/share/my_bot/package.ps1'
[0.996s] INFO:colcon.colcon_core.shell:Creating package descriptor '/home/abhishek/my_ws/install/my_bot/share/my_bot/package.dsv'
[0.997s] INFO:colcon.colcon_core.shell:Creating package script '/home/abhishek/my_ws/install/my_bot/share/my_bot/package.sh'
[0.998s] INFO:colcon.colcon_core.shell:Creating package script '/home/abhishek/my_ws/install/my_bot/share/my_bot/package.bash'
[0.999s] INFO:colcon.colcon_core.shell:Creating package script '/home/abhishek/my_ws/install/my_bot/share/my_bot/package.zsh'
[0.999s] Level 1:colcon.colcon_core.environment:create_file_with_runtime_dependencies(/home/abhishek/my_ws/install/my_bot/share/colcon-core/packages/my_bot)
[1.000s] DEBUG:colcon.colcon_parallel_executor.executor.parallel:closing loop
[1.000s] DEBUG:colcon.colcon_parallel_executor.executor.parallel:loop closed
[1.000s] DEBUG:colcon.colcon_parallel_executor.executor.parallel:run_until_complete finished with '0'
[1.001s] DEBUG:colcon.colcon_core.event_reactor:joining thread
[1.010s] INFO:colcon.colcon_core.plugin_system:Skipping extension 'colcon_notification.desktop_notification.terminal_notifier': Not used on non-Darwin systems
[1.010s] INFO:colcon.colcon_core.plugin_system:Skipping extension 'colcon_notification.desktop_notification.win32': Not used on non-Windows systems
[1.010s] INFO:colcon.colcon_notification.desktop_notification:Sending desktop notification using 'notify2'
[1.029s] DEBUG:colcon.colcon_core.event_reactor:joined thread
[1.030s] INFO:colcon.colcon_core.shell:Creating prefix script '/home/abhishek/my_ws/install/local_setup.ps1'
[1.032s] INFO:colcon.colcon_core.shell:Creating prefix util module '/home/abhishek/my_ws/install/_local_setup_util_ps1.py'
[1.035s] INFO:colcon.colcon_core.shell:Creating prefix chain script '/home/abhishek/my_ws/install/setup.ps1'
[1.037s] INFO:colcon.colcon_core.shell:Creating prefix script '/home/abhishek/my_ws/install/local_setup.sh'
[1.039s] INFO:colcon.colcon_core.shell:Creating prefix util module '/home/abhishek/my_ws/install/_local_setup_util_sh.py'
[1.039s] INFO:colcon.colcon_core.shell:Creating prefix chain script '/home/abhishek/my_ws/install/setup.sh'
[1.041s] INFO:colcon.colcon_core.shell:Creating prefix script '/home/abhishek/my_ws/install/local_setup.bash'
[1.042s] INFO:colcon.colcon_core.shell:Creating prefix chain script '/home/abhishek/my_ws/install/setup.bash'
[1.044s] INFO:colcon.colcon_core.shell:Creating prefix script '/home/abhishek/my_ws/install/local_setup.zsh'
[1.045s] INFO:colcon.colcon_core.shell:Creating prefix chain script '/home/abhishek/my_ws/install/setup.zsh'
