running develop
running egg_info
creating ball_tracker.egg-info
writing ball_tracker.egg-info/PKG-INFO
writing dependency_links to ball_tracker.egg-info/dependency_links.txt
writing entry points to ball_tracker.egg-info/entry_points.txt
writing requirements to ball_tracker.egg-info/requires.txt
writing top-level names to ball_tracker.egg-info/top_level.txt
writing manifest file 'ball_tracker.egg-info/SOURCES.txt'
reading manifest file 'ball_tracker.egg-info/SOURCES.txt'
writing manifest file 'ball_tracker.egg-info/SOURCES.txt'
running build_ext
Creating /home/abhishek/my_ws/install/ball_tracker/lib/python3.10/site-packages/ball-tracker.egg-link (link to .)
Installing detect_ball script to /home/abhishek/my_ws/install/ball_tracker/lib/ball_tracker
Installing detect_ball_3d script to /home/abhishek/my_ws/install/ball_tracker/lib/ball_tracker
Installing follow_ball script to /home/abhishek/my_ws/install/ball_tracker/lib/ball_tracker

Installed /home/abhishek/my_ws/build/ball_tracker
running symlink_data
creating /home/abhishek/my_ws/install/ball_tracker/share/ament_index
creating /home/abhishek/my_ws/install/ball_tracker/share/ament_index/resource_index
creating /home/abhishek/my_ws/install/ball_tracker/share/ament_index/resource_index/packages
symbolically linking /home/abhishek/my_ws/build/ball_tracker/resource/ball_tracker -> /home/abhishek/my_ws/install/ball_tracker/share/ament_index/resource_index/packages
symbolically linking /home/abhishek/my_ws/build/ball_tracker/package.xml -> /home/abhishek/my_ws/install/ball_tracker/share/ball_tracker
creating /home/abhishek/my_ws/install/ball_tracker/share/ball_tracker/launch
symbolically linking /home/abhishek/my_ws/build/ball_tracker/launch/example_launch_include.launch.py -> /home/abhishek/my_ws/install/ball_tracker/share/ball_tracker/launch
symbolically linking /home/abhishek/my_ws/build/ball_tracker/launch/ball_tracker.launch.py -> /home/abhishek/my_ws/install/ball_tracker/share/ball_tracker/launch
creating /home/abhishek/my_ws/install/ball_tracker/share/ball_tracker/config
symbolically linking /home/abhishek/my_ws/build/ball_tracker/config/ball_tracker_params_example.yaml -> /home/abhishek/my_ws/install/ball_tracker/share/ball_tracker/config
