[0.121s] DEBUG:colcon:Command line arguments: ['/usr/bin/colcon', 'build', '--symlink-install']
[0.121s] DEBUG:colcon:Parsed command line arguments: Namespace(log_base=None, log_level=None, verb_name='build', build_base='build', install_base='install', merge_install=False, symlink_install=True, test_result_base=None, continue_on_error=False, executor='parallel', parallel_workers=16, event_handlers=None, ignore_user_meta=False, metas=['./colcon.meta'], base_paths=['.'], packages_ignore=None, packages_ignore_regex=None, paths=None, packages_up_to=None, packages_up_to_regex=None, packages_above=None, packages_above_and_dependencies=None, packages_above_depth=None, packages_select_by_dep=None, packages_skip_by_dep=None, packages_skip_up_to=None, packages_select_build_failed=False, packages_skip_build_finished=False, packages_select_test_failures=False, packages_skip_test_passed=False, packages_select=None, packages_skip=None, packages_select_regex=None, packages_skip_regex=None, packages_start=None, packages_end=None, allow_overriding=[], cmake_args=None, cmake_target=None, cmake_target_skip_unavailable=False, cmake_clean_cache=False, cmake_clean_first=False, cmake_force_configure=False, ament_cmake_args=None, catkin_cmake_args=None, catkin_skip_building_tests=False, verb_parser=<colcon_defaults.argument_parser.defaults.DefaultArgumentsDecorator object at 0x75583884a1a0>, verb_extension=<colcon_core.verb.build.BuildVerb object at 0x755838849d20>, main=<bound method BuildVerb.main of <colcon_core.verb.build.BuildVerb object at 0x755838849d20>>)
[0.165s] Level 1:colcon.colcon_core.package_discovery:discover_packages(colcon_meta) check parameters
[0.165s] Level 1:colcon.colcon_core.package_discovery:discover_packages(recursive) check parameters
[0.165s] Level 1:colcon.colcon_core.package_discovery:discover_packages(ignore) check parameters
[0.165s] Level 1:colcon.colcon_core.package_discovery:discover_packages(path) check parameters
[0.165s] Level 1:colcon.colcon_core.package_discovery:discover_packages(colcon_meta) discover
[0.165s] Level 1:colcon.colcon_core.package_discovery:discover_packages(recursive) discover
[0.165s] INFO:colcon.colcon_core.package_discovery:Crawling recursively for packages in '/home/abhishek/my_ws'
[0.165s] Level 1:colcon.colcon_core.package_identification:_identify(.) by extensions ['ignore', 'ignore_ament_install']
[0.165s] Level 1:colcon.colcon_core.package_identification:_identify(.) by extension 'ignore'
[0.165s] Level 1:colcon.colcon_core.package_identification:_identify(.) by extension 'ignore_ament_install'
[0.165s] Level 1:colcon.colcon_core.package_identification:_identify(.) by extensions ['colcon_pkg']
[0.165s] Level 1:colcon.colcon_core.package_identification:_identify(.) by extension 'colcon_pkg'
[0.166s] Level 1:colcon.colcon_core.package_identification:_identify(.) by extensions ['colcon_meta']
[0.166s] Level 1:colcon.colcon_core.package_identification:_identify(.) by extension 'colcon_meta'
[0.166s] Level 1:colcon.colcon_core.package_identification:_identify(.) by extensions ['ros']
[0.166s] Level 1:colcon.colcon_core.package_identification:_identify(.) by extension 'ros'
[0.183s] Level 1:colcon.colcon_core.package_identification:_identify(.) by extensions ['cmake', 'python']
[0.183s] Level 1:colcon.colcon_core.package_identification:_identify(.) by extension 'cmake'
[0.183s] Level 1:colcon.colcon_core.package_identification:_identify(.) by extension 'python'
[0.183s] Level 1:colcon.colcon_core.package_identification:_identify(.) by extensions ['python_setup_py']
[0.184s] Level 1:colcon.colcon_core.package_identification:_identify(.) by extension 'python_setup_py'
[0.184s] Level 1:colcon.colcon_core.package_identification:_identify(build) by extensions ['ignore', 'ignore_ament_install']
[0.184s] Level 1:colcon.colcon_core.package_identification:_identify(build) by extension 'ignore'
[0.184s] Level 1:colcon.colcon_core.package_identification:_identify(build) ignored
[0.184s] Level 1:colcon.colcon_core.package_identification:_identify(install) by extensions ['ignore', 'ignore_ament_install']
[0.184s] Level 1:colcon.colcon_core.package_identification:_identify(install) by extension 'ignore'
[0.184s] Level 1:colcon.colcon_core.package_identification:_identify(install) ignored
[0.184s] Level 1:colcon.colcon_core.package_identification:_identify(log) by extensions ['ignore', 'ignore_ament_install']
[0.184s] Level 1:colcon.colcon_core.package_identification:_identify(log) by extension 'ignore'
[0.184s] Level 1:colcon.colcon_core.package_identification:_identify(log) ignored
[0.184s] Level 1:colcon.colcon_core.package_identification:_identify(src2) by extensions ['ignore', 'ignore_ament_install']
[0.185s] Level 1:colcon.colcon_core.package_identification:_identify(src2) by extension 'ignore'
[0.185s] Level 1:colcon.colcon_core.package_identification:_identify(src2) by extension 'ignore_ament_install'
[0.185s] Level 1:colcon.colcon_core.package_identification:_identify(src2) by extensions ['colcon_pkg']
[0.185s] Level 1:colcon.colcon_core.package_identification:_identify(src2) by extension 'colcon_pkg'
[0.185s] Level 1:colcon.colcon_core.package_identification:_identify(src2) by extensions ['colcon_meta']
[0.185s] Level 1:colcon.colcon_core.package_identification:_identify(src2) by extension 'colcon_meta'
[0.185s] Level 1:colcon.colcon_core.package_identification:_identify(src2) by extensions ['ros']
[0.185s] Level 1:colcon.colcon_core.package_identification:_identify(src2) by extension 'ros'
[0.185s] Level 1:colcon.colcon_core.package_identification:_identify(src2) by extensions ['cmake', 'python']
[0.185s] Level 1:colcon.colcon_core.package_identification:_identify(src2) by extension 'cmake'
[0.185s] Level 1:colcon.colcon_core.package_identification:_identify(src2) by extension 'python'
[0.185s] Level 1:colcon.colcon_core.package_identification:_identify(src2) by extensions ['python_setup_py']
[0.185s] Level 1:colcon.colcon_core.package_identification:_identify(src2) by extension 'python_setup_py'
[0.185s] Level 1:colcon.colcon_core.package_identification:_identify(src2/ball_tracker) by extensions ['ignore', 'ignore_ament_install']
[0.185s] Level 1:colcon.colcon_core.package_identification:_identify(src2/ball_tracker) by extension 'ignore'
[0.185s] Level 1:colcon.colcon_core.package_identification:_identify(src2/ball_tracker) by extension 'ignore_ament_install'
[0.185s] Level 1:colcon.colcon_core.package_identification:_identify(src2/ball_tracker) by extensions ['colcon_pkg']
[0.185s] Level 1:colcon.colcon_core.package_identification:_identify(src2/ball_tracker) by extension 'colcon_pkg'
[0.185s] Level 1:colcon.colcon_core.package_identification:_identify(src2/ball_tracker) by extensions ['colcon_meta']
[0.185s] Level 1:colcon.colcon_core.package_identification:_identify(src2/ball_tracker) by extension 'colcon_meta'
[0.185s] Level 1:colcon.colcon_core.package_identification:_identify(src2/ball_tracker) by extensions ['ros']
[0.185s] Level 1:colcon.colcon_core.package_identification:_identify(src2/ball_tracker) by extension 'ros'
[0.188s] DEBUG:colcon.colcon_core.package_identification:Package 'src2/ball_tracker' with type 'ros.ament_python' and name 'ball_tracker'
[0.189s] Level 1:colcon.colcon_core.package_identification:_identify(src2/my_robo) by extensions ['ignore', 'ignore_ament_install']
[0.189s] Level 1:colcon.colcon_core.package_identification:_identify(src2/my_robo) by extension 'ignore'
[0.189s] Level 1:colcon.colcon_core.package_identification:_identify(src2/my_robo) by extension 'ignore_ament_install'
[0.189s] Level 1:colcon.colcon_core.package_identification:_identify(src2/my_robo) by extensions ['colcon_pkg']
[0.189s] Level 1:colcon.colcon_core.package_identification:_identify(src2/my_robo) by extension 'colcon_pkg'
[0.189s] Level 1:colcon.colcon_core.package_identification:_identify(src2/my_robo) by extensions ['colcon_meta']
[0.189s] Level 1:colcon.colcon_core.package_identification:_identify(src2/my_robo) by extension 'colcon_meta'
[0.189s] Level 1:colcon.colcon_core.package_identification:_identify(src2/my_robo) by extensions ['ros']
[0.189s] Level 1:colcon.colcon_core.package_identification:_identify(src2/my_robo) by extension 'ros'
[0.190s] DEBUG:colcon.colcon_core.package_identification:Package 'src2/my_robo' with type 'ros.ament_cmake' and name 'my_bot'
[0.190s] Level 1:colcon.colcon_core.package_discovery:discover_packages(recursive) using defaults
[0.190s] Level 1:colcon.colcon_core.package_discovery:discover_packages(ignore) discover
[0.190s] Level 1:colcon.colcon_core.package_discovery:discover_packages(ignore) using defaults
[0.190s] Level 1:colcon.colcon_core.package_discovery:discover_packages(path) discover
[0.190s] Level 1:colcon.colcon_core.package_discovery:discover_packages(path) using defaults
[0.215s] Level 1:colcon.colcon_core.package_discovery:discover_packages(prefix_path) check parameters
[0.215s] Level 1:colcon.colcon_core.package_discovery:discover_packages(prefix_path) discover
[0.217s] DEBUG:colcon.colcon_installed_package_information.package_discovery:Found 1 installed packages in /home/abhishek/path_planning_ws/install
[0.217s] DEBUG:colcon.colcon_installed_package_information.package_discovery:Found 1 installed packages in /home/abhishek/ros2_ws/install
[0.217s] DEBUG:colcon.colcon_installed_package_information.package_discovery:Found 2 installed packages in /home/abhishek/my_ws/install
[0.218s] DEBUG:colcon.colcon_installed_package_information.package_discovery:Found 1 installed packages in /home/abhishek/Abhi_ws/install
[0.218s] DEBUG:colcon.colcon_installed_package_information.package_discovery:Found 1 installed packages in /home/abhishek/install
[0.220s] DEBUG:colcon.colcon_installed_package_information.package_discovery:Found 419 installed packages in /opt/ros/humble
[0.222s] Level 1:colcon.colcon_core.package_discovery:discover_packages(prefix_path) using defaults
[0.273s] Level 5:colcon.colcon_core.verb:set package 'ball_tracker' build argument 'cmake_args' from command line to 'None'
[0.273s] Level 5:colcon.colcon_core.verb:set package 'ball_tracker' build argument 'cmake_target' from command line to 'None'
[0.273s] Level 5:colcon.colcon_core.verb:set package 'ball_tracker' build argument 'cmake_target_skip_unavailable' from command line to 'False'
[0.273s] Level 5:colcon.colcon_core.verb:set package 'ball_tracker' build argument 'cmake_clean_cache' from command line to 'False'
[0.273s] Level 5:colcon.colcon_core.verb:set package 'ball_tracker' build argument 'cmake_clean_first' from command line to 'False'
[0.273s] Level 5:colcon.colcon_core.verb:set package 'ball_tracker' build argument 'cmake_force_configure' from command line to 'False'
[0.273s] Level 5:colcon.colcon_core.verb:set package 'ball_tracker' build argument 'ament_cmake_args' from command line to 'None'
[0.273s] Level 5:colcon.colcon_core.verb:set package 'ball_tracker' build argument 'catkin_cmake_args' from command line to 'None'
[0.273s] Level 5:colcon.colcon_core.verb:set package 'ball_tracker' build argument 'catkin_skip_building_tests' from command line to 'False'
[0.273s] DEBUG:colcon.colcon_core.verb:Building package 'ball_tracker' with the following arguments: {'ament_cmake_args': None, 'build_base': '/home/abhishek/my_ws/build/ball_tracker', 'catkin_cmake_args': None, 'catkin_skip_building_tests': False, 'cmake_args': None, 'cmake_clean_cache': False, 'cmake_clean_first': False, 'cmake_force_configure': False, 'cmake_target': None, 'cmake_target_skip_unavailable': False, 'install_base': '/home/abhishek/my_ws/install/ball_tracker', 'merge_install': False, 'path': '/home/abhishek/my_ws/src2/ball_tracker', 'symlink_install': True, 'test_result_base': None}
[0.274s] Level 5:colcon.colcon_core.verb:set package 'my_bot' build argument 'cmake_args' from command line to 'None'
[0.274s] Level 5:colcon.colcon_core.verb:set package 'my_bot' build argument 'cmake_target' from command line to 'None'
[0.274s] Level 5:colcon.colcon_core.verb:set package 'my_bot' build argument 'cmake_target_skip_unavailable' from command line to 'False'
[0.274s] Level 5:colcon.colcon_core.verb:set package 'my_bot' build argument 'cmake_clean_cache' from command line to 'False'
[0.274s] Level 5:colcon.colcon_core.verb:set package 'my_bot' build argument 'cmake_clean_first' from command line to 'False'
[0.274s] Level 5:colcon.colcon_core.verb:set package 'my_bot' build argument 'cmake_force_configure' from command line to 'False'
[0.274s] Level 5:colcon.colcon_core.verb:set package 'my_bot' build argument 'ament_cmake_args' from command line to 'None'
[0.274s] Level 5:colcon.colcon_core.verb:set package 'my_bot' build argument 'catkin_cmake_args' from command line to 'None'
[0.274s] Level 5:colcon.colcon_core.verb:set package 'my_bot' build argument 'catkin_skip_building_tests' from command line to 'False'
[0.274s] DEBUG:colcon.colcon_core.verb:Building package 'my_bot' with the following arguments: {'ament_cmake_args': None, 'build_base': '/home/abhishek/my_ws/build/my_bot', 'catkin_cmake_args': None, 'catkin_skip_building_tests': False, 'cmake_args': None, 'cmake_clean_cache': False, 'cmake_clean_first': False, 'cmake_force_configure': False, 'cmake_target': None, 'cmake_target_skip_unavailable': False, 'install_base': '/home/abhishek/my_ws/install/my_bot', 'merge_install': False, 'path': '/home/abhishek/my_ws/src2/my_robo', 'symlink_install': True, 'test_result_base': None}
[0.274s] INFO:colcon.colcon_core.executor:Executing jobs using 'parallel' executor
[0.275s] DEBUG:colcon.colcon_parallel_executor.executor.parallel:run_until_complete
[0.276s] INFO:colcon.colcon_ros.task.ament_python.build:Building ROS package in '/home/abhishek/my_ws/src2/ball_tracker' with build type 'ament_python'
[0.276s] Level 1:colcon.colcon_core.shell:create_environment_hook('ball_tracker', 'ament_prefix_path')
[0.278s] INFO:colcon.colcon_core.plugin_system:Skipping extension 'colcon_core.shell.bat': Not used on non-Windows systems
[0.278s] INFO:colcon.colcon_core.shell:Creating environment hook '/home/abhishek/my_ws/install/ball_tracker/share/ball_tracker/hook/ament_prefix_path.ps1'
[0.279s] INFO:colcon.colcon_core.shell:Creating environment descriptor '/home/abhishek/my_ws/install/ball_tracker/share/ball_tracker/hook/ament_prefix_path.dsv'
[0.279s] INFO:colcon.colcon_core.shell:Creating environment hook '/home/abhishek/my_ws/install/ball_tracker/share/ball_tracker/hook/ament_prefix_path.sh'
[0.280s] INFO:colcon.colcon_core.shell:Skip shell extension 'powershell' for command environment: Not usable outside of PowerShell
[0.280s] DEBUG:colcon.colcon_core.shell:Skip shell extension 'dsv' for command environment
[0.285s] INFO:colcon.colcon_ros.task.ament_cmake.build:Building ROS package in '/home/abhishek/my_ws/src2/my_robo' with build type 'ament_cmake'
[0.286s] INFO:colcon.colcon_cmake.task.cmake.build:Building CMake package in '/home/abhishek/my_ws/src2/my_robo'
[0.286s] INFO:colcon.colcon_core.shell:Skip shell extension 'powershell' for command environment: Not usable outside of PowerShell
[0.286s] DEBUG:colcon.colcon_core.shell:Skip shell extension 'dsv' for command environment
[0.545s] INFO:colcon.colcon_core.task.python.build:Building Python package in '/home/abhishek/my_ws/src2/ball_tracker'
[0.546s] INFO:colcon.colcon_core.shell:Skip shell extension 'powershell' for command environment: Not usable outside of PowerShell
[0.546s] DEBUG:colcon.colcon_core.shell:Skip shell extension 'dsv' for command environment
[0.554s] DEBUG:colcon.colcon_core.event_handler.log_command:Invoking command in '/home/abhishek/my_ws/build/my_bot': CMAKE_PREFIX_PATH=${CMAKE_PREFIX_PATH}:/home/abhishek/path_planning_ws/install/maze_bot:/home/abhishek/ros2_ws/install/my_robot_control:/home/abhishek/my_ws/install/ball_tracker:/home/abhishek/install/my_robot_cont:/opt/ros/humble /usr/bin/cmake /home/abhishek/my_ws/src2/my_robo -DAMENT_CMAKE_SYMLINK_INSTALL=1 -DCMAKE_INSTALL_PREFIX=/home/abhishek/my_ws/install/my_bot
[0.978s] DEBUG:colcon.colcon_core.event_handler.log_command:Invoked command in '/home/abhishek/my_ws/build/my_bot' returned '0': CMAKE_PREFIX_PATH=${CMAKE_PREFIX_PATH}:/home/abhishek/path_planning_ws/install/maze_bot:/home/abhishek/ros2_ws/install/my_robot_control:/home/abhishek/my_ws/install/ball_tracker:/home/abhishek/install/my_robot_cont:/opt/ros/humble /usr/bin/cmake /home/abhishek/my_ws/src2/my_robo -DAMENT_CMAKE_SYMLINK_INSTALL=1 -DCMAKE_INSTALL_PREFIX=/home/abhishek/my_ws/install/my_bot
[0.981s] DEBUG:colcon.colcon_core.event_handler.log_command:Invoking command in '/home/abhishek/my_ws/build/my_bot': CMAKE_PREFIX_PATH=${CMAKE_PREFIX_PATH}:/home/abhishek/path_planning_ws/install/maze_bot:/home/abhishek/ros2_ws/install/my_robot_control:/home/abhishek/my_ws/install/ball_tracker:/home/abhishek/install/my_robot_cont:/opt/ros/humble /usr/bin/cmake --build /home/abhishek/my_ws/build/my_bot -- -j16 -l16
[1.039s] DEBUG:colcon.colcon_core.event_handler.log_command:Invoked command in '/home/abhishek/my_ws/build/my_bot' returned '0': CMAKE_PREFIX_PATH=${CMAKE_PREFIX_PATH}:/home/abhishek/path_planning_ws/install/maze_bot:/home/abhishek/ros2_ws/install/my_robot_control:/home/abhishek/my_ws/install/ball_tracker:/home/abhishek/install/my_robot_cont:/opt/ros/humble /usr/bin/cmake --build /home/abhishek/my_ws/build/my_bot -- -j16 -l16
[1.083s] DEBUG:colcon.colcon_core.event_handler.log_command:Invoking command in '/home/abhishek/my_ws/build/my_bot': CMAKE_PREFIX_PATH=${CMAKE_PREFIX_PATH}:/home/abhishek/path_planning_ws/install/maze_bot:/home/abhishek/ros2_ws/install/my_robot_control:/home/abhishek/my_ws/install/ball_tracker:/home/abhishek/install/my_robot_cont:/opt/ros/humble /usr/bin/cmake --install /home/abhishek/my_ws/build/my_bot
[1.117s] Level 1:colcon.colcon_core.environment:create_environment_scripts_only(my_bot)
[1.118s] DEBUG:colcon.colcon_core.event_handler.log_command:Invoked command in '/home/abhishek/my_ws/build/my_bot' returned '0': CMAKE_PREFIX_PATH=${CMAKE_PREFIX_PATH}:/home/abhishek/path_planning_ws/install/maze_bot:/home/abhishek/ros2_ws/install/my_robot_control:/home/abhishek/my_ws/install/ball_tracker:/home/abhishek/install/my_robot_cont:/opt/ros/humble /usr/bin/cmake --install /home/abhishek/my_ws/build/my_bot
[1.122s] Level 1:colcon.colcon_core.environment:checking '/home/abhishek/my_ws/install/my_bot' for CMake module files
[1.124s] Level 1:colcon.colcon_core.environment:checking '/home/abhishek/my_ws/install/my_bot' for CMake config files
[1.124s] Level 1:colcon.colcon_core.shell:create_environment_hook('my_bot', 'cmake_prefix_path')
[1.125s] INFO:colcon.colcon_core.shell:Creating environment hook '/home/abhishek/my_ws/install/my_bot/share/my_bot/hook/cmake_prefix_path.ps1'
[1.125s] INFO:colcon.colcon_core.shell:Creating environment descriptor '/home/abhishek/my_ws/install/my_bot/share/my_bot/hook/cmake_prefix_path.dsv'
[1.126s] INFO:colcon.colcon_core.shell:Creating environment hook '/home/abhishek/my_ws/install/my_bot/share/my_bot/hook/cmake_prefix_path.sh'
[1.127s] Level 1:colcon.colcon_core.environment:checking '/home/abhishek/my_ws/install/my_bot/bin'
[1.127s] Level 1:colcon.colcon_core.environment:checking '/home/abhishek/my_ws/install/my_bot/lib/pkgconfig/my_bot.pc'
[1.127s] Level 1:colcon.colcon_core.environment:checking '/home/abhishek/my_ws/install/my_bot/lib/python3.10/site-packages'
[1.128s] Level 1:colcon.colcon_core.environment:checking '/home/abhishek/my_ws/install/my_bot/bin'
[1.128s] INFO:colcon.colcon_core.shell:Creating package script '/home/abhishek/my_ws/install/my_bot/share/my_bot/package.ps1'
[1.129s] INFO:colcon.colcon_core.shell:Creating package descriptor '/home/abhishek/my_ws/install/my_bot/share/my_bot/package.dsv'
[1.130s] INFO:colcon.colcon_core.shell:Creating package script '/home/abhishek/my_ws/install/my_bot/share/my_bot/package.sh'
[1.131s] INFO:colcon.colcon_core.shell:Creating package script '/home/abhishek/my_ws/install/my_bot/share/my_bot/package.bash'
[1.132s] INFO:colcon.colcon_core.shell:Creating package script '/home/abhishek/my_ws/install/my_bot/share/my_bot/package.zsh'
[1.133s] Level 1:colcon.colcon_core.environment:create_file_with_runtime_dependencies(/home/abhishek/my_ws/install/my_bot/share/colcon-core/packages/my_bot)
[1.165s] Level 1:colcon.colcon_core.environment:create_environment_scripts_only(my_bot)
[1.165s] Level 1:colcon.colcon_core.environment:checking '/home/abhishek/my_ws/install/my_bot' for CMake module files
[1.166s] Level 1:colcon.colcon_core.environment:checking '/home/abhishek/my_ws/install/my_bot' for CMake config files
[1.166s] Level 1:colcon.colcon_core.shell:create_environment_hook('my_bot', 'cmake_prefix_path')
[1.167s] INFO:colcon.colcon_core.shell:Creating environment hook '/home/abhishek/my_ws/install/my_bot/share/my_bot/hook/cmake_prefix_path.ps1'
[1.167s] INFO:colcon.colcon_core.shell:Creating environment descriptor '/home/abhishek/my_ws/install/my_bot/share/my_bot/hook/cmake_prefix_path.dsv'
[1.168s] INFO:colcon.colcon_core.shell:Creating environment hook '/home/abhishek/my_ws/install/my_bot/share/my_bot/hook/cmake_prefix_path.sh'
[1.168s] Level 1:colcon.colcon_core.environment:checking '/home/abhishek/my_ws/install/my_bot/bin'
[1.169s] Level 1:colcon.colcon_core.environment:checking '/home/abhishek/my_ws/install/my_bot/lib/pkgconfig/my_bot.pc'
[1.169s] Level 1:colcon.colcon_core.environment:checking '/home/abhishek/my_ws/install/my_bot/lib/python3.10/site-packages'
[1.169s] Level 1:colcon.colcon_core.environment:checking '/home/abhishek/my_ws/install/my_bot/bin'
[1.170s] INFO:colcon.colcon_core.shell:Creating package script '/home/abhishek/my_ws/install/my_bot/share/my_bot/package.ps1'
[1.171s] INFO:colcon.colcon_core.shell:Creating package descriptor '/home/abhishek/my_ws/install/my_bot/share/my_bot/package.dsv'
[1.171s] INFO:colcon.colcon_core.shell:Creating package script '/home/abhishek/my_ws/install/my_bot/share/my_bot/package.sh'
[1.172s] INFO:colcon.colcon_core.shell:Creating package script '/home/abhishek/my_ws/install/my_bot/share/my_bot/package.bash'
[1.172s] INFO:colcon.colcon_core.shell:Creating package script '/home/abhishek/my_ws/install/my_bot/share/my_bot/package.zsh'
[1.173s] Level 1:colcon.colcon_core.environment:create_file_with_runtime_dependencies(/home/abhishek/my_ws/install/my_bot/share/colcon-core/packages/my_bot)
[1.384s] DEBUG:colcon.colcon_core.task.python.build:While undoing a previous installation files outside the Python library path are being ignored: /home/abhishek/my_ws/install/ball_tracker/share/ament_index/resource_index/packages/ball_tracker
[1.384s] DEBUG:colcon.colcon_core.task.python.build:While undoing a previous installation files outside the Python library path are being ignored: /home/abhishek/my_ws/install/ball_tracker/share/ball_tracker/package.xml
[1.384s] DEBUG:colcon.colcon_core.task.python.build:While undoing a previous installation files outside the Python library path are being ignored: /home/abhishek/my_ws/install/ball_tracker/share/ball_tracker/launch/example_launch_include.launch.py
[1.384s] DEBUG:colcon.colcon_core.task.python.build:While undoing a previous installation files outside the Python library path are being ignored: /home/abhishek/my_ws/install/ball_tracker/share/ball_tracker/launch/ball_tracker.launch.py
[1.384s] DEBUG:colcon.colcon_core.task.python.build:While undoing a previous installation files outside the Python library path are being ignored: /home/abhishek/my_ws/install/ball_tracker/share/ball_tracker/config/ball_tracker_params_example.yaml
[1.384s] DEBUG:colcon.colcon_core.task.python.build:While undoing a previous installation files outside the Python library path are being ignored: /home/abhishek/my_ws/install/ball_tracker/lib/ball_tracker/detect_ball
[1.384s] DEBUG:colcon.colcon_core.task.python.build:While undoing a previous installation files outside the Python library path are being ignored: /home/abhishek/my_ws/install/ball_tracker/lib/ball_tracker/detect_ball_3d
[1.384s] DEBUG:colcon.colcon_core.task.python.build:While undoing a previous installation files outside the Python library path are being ignored: /home/abhishek/my_ws/install/ball_tracker/lib/ball_tracker/follow_ball
[1.386s] DEBUG:colcon.colcon_core.event_handler.log_command:Invoking command in '/home/abhishek/my_ws/build/ball_tracker': PYTHONPATH=/home/abhishek/my_ws/build/ball_tracker/prefix_override:/home/abhishek/my_ws/install/ball_tracker/lib/python3.10/site-packages:${PYTHONPATH} /usr/bin/python3 -W ignore:setup.py install is deprecated setup.py develop --editable --build-directory /home/abhishek/my_ws/build/ball_tracker/build --no-deps symlink_data --force
[2.097s] Level 1:colcon.colcon_core.shell:create_environment_hook('ball_tracker', 'pythonpath_develop')
[2.097s] INFO:colcon.colcon_core.shell:Creating environment hook '/home/abhishek/my_ws/build/ball_tracker/share/ball_tracker/hook/pythonpath_develop.ps1'
[2.098s] DEBUG:colcon.colcon_core.event_handler.log_command:Invoked command in '/home/abhishek/my_ws/build/ball_tracker' returned '0': PYTHONPATH=/home/abhishek/my_ws/build/ball_tracker/prefix_override:/home/abhishek/my_ws/install/ball_tracker/lib/python3.10/site-packages:${PYTHONPATH} /usr/bin/python3 -W ignore:setup.py install is deprecated setup.py develop --editable --build-directory /home/abhishek/my_ws/build/ball_tracker/build --no-deps symlink_data --force
[2.099s] INFO:colcon.colcon_core.shell:Creating environment descriptor '/home/abhishek/my_ws/build/ball_tracker/share/ball_tracker/hook/pythonpath_develop.dsv'
[2.099s] INFO:colcon.colcon_core.shell:Creating environment hook '/home/abhishek/my_ws/build/ball_tracker/share/ball_tracker/hook/pythonpath_develop.sh'
[2.099s] Level 1:colcon.colcon_core.environment:checking '/home/abhishek/my_ws/install/ball_tracker' for CMake module files
[2.100s] Level 1:colcon.colcon_core.environment:checking '/home/abhishek/my_ws/install/ball_tracker' for CMake config files
[2.101s] Level 1:colcon.colcon_core.environment:checking '/home/abhishek/my_ws/install/ball_tracker/lib'
[2.101s] Level 1:colcon.colcon_core.environment:checking '/home/abhishek/my_ws/install/ball_tracker/bin'
[2.101s] Level 1:colcon.colcon_core.environment:checking '/home/abhishek/my_ws/install/ball_tracker/lib/pkgconfig/ball_tracker.pc'
[2.101s] Level 1:colcon.colcon_core.environment:checking '/home/abhishek/my_ws/install/ball_tracker/lib/python3.10/site-packages'
[2.101s] Level 1:colcon.colcon_core.shell:create_environment_hook('ball_tracker', 'pythonpath')
[2.102s] INFO:colcon.colcon_core.shell:Creating environment hook '/home/abhishek/my_ws/install/ball_tracker/share/ball_tracker/hook/pythonpath.ps1'
[2.102s] INFO:colcon.colcon_core.shell:Creating environment descriptor '/home/abhishek/my_ws/install/ball_tracker/share/ball_tracker/hook/pythonpath.dsv'
[2.102s] INFO:colcon.colcon_core.shell:Creating environment hook '/home/abhishek/my_ws/install/ball_tracker/share/ball_tracker/hook/pythonpath.sh'
[2.103s] Level 1:colcon.colcon_core.environment:checking '/home/abhishek/my_ws/install/ball_tracker/bin'
[2.103s] Level 1:colcon.colcon_core.environment:create_environment_scripts_only(ball_tracker)
[2.103s] INFO:colcon.colcon_core.shell:Creating package script '/home/abhishek/my_ws/install/ball_tracker/share/ball_tracker/package.ps1'
[2.104s] INFO:colcon.colcon_core.shell:Creating package descriptor '/home/abhishek/my_ws/install/ball_tracker/share/ball_tracker/package.dsv'
[2.104s] INFO:colcon.colcon_core.shell:Creating package script '/home/abhishek/my_ws/install/ball_tracker/share/ball_tracker/package.sh'
[2.105s] INFO:colcon.colcon_core.shell:Creating package script '/home/abhishek/my_ws/install/ball_tracker/share/ball_tracker/package.bash'
[2.105s] INFO:colcon.colcon_core.shell:Creating package script '/home/abhishek/my_ws/install/ball_tracker/share/ball_tracker/package.zsh'
[2.106s] Level 1:colcon.colcon_core.environment:create_file_with_runtime_dependencies(/home/abhishek/my_ws/install/ball_tracker/share/colcon-core/packages/ball_tracker)
[2.106s] DEBUG:colcon.colcon_parallel_executor.executor.parallel:closing loop
[2.106s] DEBUG:colcon.colcon_parallel_executor.executor.parallel:loop closed
[2.106s] DEBUG:colcon.colcon_parallel_executor.executor.parallel:run_until_complete finished with '0'
[2.106s] DEBUG:colcon.colcon_core.event_reactor:joining thread
[2.114s] INFO:colcon.colcon_core.plugin_system:Skipping extension 'colcon_notification.desktop_notification.terminal_notifier': Not used on non-Darwin systems
[2.114s] INFO:colcon.colcon_core.plugin_system:Skipping extension 'colcon_notification.desktop_notification.win32': Not used on non-Windows systems
[2.114s] INFO:colcon.colcon_notification.desktop_notification:Sending desktop notification using 'notify2'
[2.130s] DEBUG:colcon.colcon_core.event_reactor:joined thread
[2.131s] INFO:colcon.colcon_core.shell:Creating prefix script '/home/abhishek/my_ws/install/local_setup.ps1'
[2.132s] INFO:colcon.colcon_core.shell:Creating prefix util module '/home/abhishek/my_ws/install/_local_setup_util_ps1.py'
[2.133s] INFO:colcon.colcon_core.shell:Creating prefix chain script '/home/abhishek/my_ws/install/setup.ps1'
[2.135s] INFO:colcon.colcon_core.shell:Creating prefix script '/home/abhishek/my_ws/install/local_setup.sh'
[2.136s] INFO:colcon.colcon_core.shell:Creating prefix util module '/home/abhishek/my_ws/install/_local_setup_util_sh.py'
[2.136s] INFO:colcon.colcon_core.shell:Creating prefix chain script '/home/abhishek/my_ws/install/setup.sh'
[2.137s] INFO:colcon.colcon_core.shell:Creating prefix script '/home/abhishek/my_ws/install/local_setup.bash'
[2.138s] INFO:colcon.colcon_core.shell:Creating prefix chain script '/home/abhishek/my_ws/install/setup.bash'
[2.140s] INFO:colcon.colcon_core.shell:Creating prefix script '/home/abhishek/my_ws/install/local_setup.zsh'
[2.141s] INFO:colcon.colcon_core.shell:Creating prefix chain script '/home/abhishek/my_ws/install/setup.zsh'
