[0.239s] DEBUG:colcon:Command line arguments: ['/usr/bin/colcon', 'build', '--symlink-install']
[0.239s] DEBUG:colcon:Parsed command line arguments: Namespace(log_base=None, log_level=None, verb_name='build', build_base='build', install_base='install', merge_install=False, symlink_install=True, test_result_base=None, continue_on_error=False, executor='parallel', parallel_workers=16, event_handlers=None, ignore_user_meta=False, metas=['./colcon.meta'], base_paths=['.'], packages_ignore=None, packages_ignore_regex=None, paths=None, packages_up_to=None, packages_up_to_regex=None, packages_above=None, packages_above_and_dependencies=None, packages_above_depth=None, packages_select_by_dep=None, packages_skip_by_dep=None, packages_skip_up_to=None, packages_select_build_failed=False, packages_skip_build_finished=False, packages_select_test_failures=False, packages_skip_test_passed=False, packages_select=None, packages_skip=None, packages_select_regex=None, packages_skip_regex=None, packages_start=None, packages_end=None, allow_overriding=[], cmake_args=None, cmake_target=None, cmake_target_skip_unavailable=False, cmake_clean_cache=False, cmake_clean_first=False, cmake_force_configure=False, ament_cmake_args=None, catkin_cmake_args=None, catkin_skip_building_tests=False, verb_parser=<colcon_defaults.argument_parser.defaults.DefaultArgumentsDecorator object at 0x7b67ea63e1a0>, verb_extension=<colcon_core.verb.build.BuildVerb object at 0x7b67ea63dd20>, main=<bound method BuildVerb.main of <colcon_core.verb.build.BuildVerb object at 0x7b67ea63dd20>>)
[0.336s] Level 1:colcon.colcon_core.package_discovery:discover_packages(colcon_meta) check parameters
[0.336s] Level 1:colcon.colcon_core.package_discovery:discover_packages(recursive) check parameters
[0.336s] Level 1:colcon.colcon_core.package_discovery:discover_packages(ignore) check parameters
[0.336s] Level 1:colcon.colcon_core.package_discovery:discover_packages(path) check parameters
[0.336s] Level 1:colcon.colcon_core.package_discovery:discover_packages(colcon_meta) discover
[0.336s] Level 1:colcon.colcon_core.package_discovery:discover_packages(recursive) discover
[0.336s] INFO:colcon.colcon_core.package_discovery:Crawling recursively for packages in '/home/abhishek/my_ws'
[0.336s] Level 1:colcon.colcon_core.package_identification:_identify(.) by extensions ['ignore', 'ignore_ament_install']
[0.337s] Level 1:colcon.colcon_core.package_identification:_identify(.) by extension 'ignore'
[0.337s] Level 1:colcon.colcon_core.package_identification:_identify(.) by extension 'ignore_ament_install'
[0.337s] Level 1:colcon.colcon_core.package_identification:_identify(.) by extensions ['colcon_pkg']
[0.337s] Level 1:colcon.colcon_core.package_identification:_identify(.) by extension 'colcon_pkg'
[0.337s] Level 1:colcon.colcon_core.package_identification:_identify(.) by extensions ['colcon_meta']
[0.337s] Level 1:colcon.colcon_core.package_identification:_identify(.) by extension 'colcon_meta'
[0.337s] Level 1:colcon.colcon_core.package_identification:_identify(.) by extensions ['ros']
[0.337s] Level 1:colcon.colcon_core.package_identification:_identify(.) by extension 'ros'
[0.360s] Level 1:colcon.colcon_core.package_identification:_identify(.) by extensions ['cmake', 'python']
[0.360s] Level 1:colcon.colcon_core.package_identification:_identify(.) by extension 'cmake'
[0.360s] Level 1:colcon.colcon_core.package_identification:_identify(.) by extension 'python'
[0.360s] Level 1:colcon.colcon_core.package_identification:_identify(.) by extensions ['python_setup_py']
[0.360s] Level 1:colcon.colcon_core.package_identification:_identify(.) by extension 'python_setup_py'
[0.360s] Level 1:colcon.colcon_core.package_identification:_identify(build) by extensions ['ignore', 'ignore_ament_install']
[0.361s] Level 1:colcon.colcon_core.package_identification:_identify(build) by extension 'ignore'
[0.361s] Level 1:colcon.colcon_core.package_identification:_identify(build) ignored
[0.361s] Level 1:colcon.colcon_core.package_identification:_identify(install) by extensions ['ignore', 'ignore_ament_install']
[0.361s] Level 1:colcon.colcon_core.package_identification:_identify(install) by extension 'ignore'
[0.361s] Level 1:colcon.colcon_core.package_identification:_identify(install) ignored
[0.361s] Level 1:colcon.colcon_core.package_identification:_identify(log) by extensions ['ignore', 'ignore_ament_install']
[0.361s] Level 1:colcon.colcon_core.package_identification:_identify(log) by extension 'ignore'
[0.361s] Level 1:colcon.colcon_core.package_identification:_identify(log) ignored
[0.362s] Level 1:colcon.colcon_core.package_identification:_identify(src2) by extensions ['ignore', 'ignore_ament_install']
[0.362s] Level 1:colcon.colcon_core.package_identification:_identify(src2) by extension 'ignore'
[0.362s] Level 1:colcon.colcon_core.package_identification:_identify(src2) by extension 'ignore_ament_install'
[0.362s] Level 1:colcon.colcon_core.package_identification:_identify(src2) by extensions ['colcon_pkg']
[0.362s] Level 1:colcon.colcon_core.package_identification:_identify(src2) by extension 'colcon_pkg'
[0.362s] Level 1:colcon.colcon_core.package_identification:_identify(src2) by extensions ['colcon_meta']
[0.362s] Level 1:colcon.colcon_core.package_identification:_identify(src2) by extension 'colcon_meta'
[0.362s] Level 1:colcon.colcon_core.package_identification:_identify(src2) by extensions ['ros']
[0.362s] Level 1:colcon.colcon_core.package_identification:_identify(src2) by extension 'ros'
[0.362s] Level 1:colcon.colcon_core.package_identification:_identify(src2) by extensions ['cmake', 'python']
[0.362s] Level 1:colcon.colcon_core.package_identification:_identify(src2) by extension 'cmake'
[0.362s] Level 1:colcon.colcon_core.package_identification:_identify(src2) by extension 'python'
[0.362s] Level 1:colcon.colcon_core.package_identification:_identify(src2) by extensions ['python_setup_py']
[0.362s] Level 1:colcon.colcon_core.package_identification:_identify(src2) by extension 'python_setup_py'
[0.363s] Level 1:colcon.colcon_core.package_identification:_identify(src2/ball_tracker) by extensions ['ignore', 'ignore_ament_install']
[0.363s] Level 1:colcon.colcon_core.package_identification:_identify(src2/ball_tracker) by extension 'ignore'
[0.363s] Level 1:colcon.colcon_core.package_identification:_identify(src2/ball_tracker) by extension 'ignore_ament_install'
[0.363s] Level 1:colcon.colcon_core.package_identification:_identify(src2/ball_tracker) by extensions ['colcon_pkg']
[0.363s] Level 1:colcon.colcon_core.package_identification:_identify(src2/ball_tracker) by extension 'colcon_pkg'
[0.363s] Level 1:colcon.colcon_core.package_identification:_identify(src2/ball_tracker) by extensions ['colcon_meta']
[0.363s] Level 1:colcon.colcon_core.package_identification:_identify(src2/ball_tracker) by extension 'colcon_meta'
[0.363s] Level 1:colcon.colcon_core.package_identification:_identify(src2/ball_tracker) by extensions ['ros']
[0.363s] Level 1:colcon.colcon_core.package_identification:_identify(src2/ball_tracker) by extension 'ros'
[0.368s] DEBUG:colcon.colcon_core.package_identification:Package 'src2/ball_tracker' with type 'ros.ament_python' and name 'ball_tracker'
[0.368s] Level 1:colcon.colcon_core.package_identification:_identify(src2/my_robo) by extensions ['ignore', 'ignore_ament_install']
[0.368s] Level 1:colcon.colcon_core.package_identification:_identify(src2/my_robo) by extension 'ignore'
[0.368s] Level 1:colcon.colcon_core.package_identification:_identify(src2/my_robo) by extension 'ignore_ament_install'
[0.368s] Level 1:colcon.colcon_core.package_identification:_identify(src2/my_robo) by extensions ['colcon_pkg']
[0.368s] Level 1:colcon.colcon_core.package_identification:_identify(src2/my_robo) by extension 'colcon_pkg'
[0.368s] Level 1:colcon.colcon_core.package_identification:_identify(src2/my_robo) by extensions ['colcon_meta']
[0.368s] Level 1:colcon.colcon_core.package_identification:_identify(src2/my_robo) by extension 'colcon_meta'
[0.368s] Level 1:colcon.colcon_core.package_identification:_identify(src2/my_robo) by extensions ['ros']
[0.369s] Level 1:colcon.colcon_core.package_identification:_identify(src2/my_robo) by extension 'ros'
[0.369s] DEBUG:colcon.colcon_core.package_identification:Package 'src2/my_robo' with type 'ros.ament_cmake' and name 'my_bot'
[0.369s] Level 1:colcon.colcon_core.package_discovery:discover_packages(recursive) using defaults
[0.369s] Level 1:colcon.colcon_core.package_discovery:discover_packages(ignore) discover
[0.369s] Level 1:colcon.colcon_core.package_discovery:discover_packages(ignore) using defaults
[0.369s] Level 1:colcon.colcon_core.package_discovery:discover_packages(path) discover
[0.370s] Level 1:colcon.colcon_core.package_discovery:discover_packages(path) using defaults
[0.406s] Level 1:colcon.colcon_core.package_discovery:discover_packages(prefix_path) check parameters
[0.406s] Level 1:colcon.colcon_core.package_discovery:discover_packages(prefix_path) discover
[0.412s] DEBUG:colcon.colcon_installed_package_information.package_discovery:Found 1 installed packages in /home/abhishek/path_planning_ws/install
[0.412s] DEBUG:colcon.colcon_installed_package_information.package_discovery:Found 1 installed packages in /home/abhishek/ros2_ws/install
[0.413s] DEBUG:colcon.colcon_installed_package_information.package_discovery:Found 2 installed packages in /home/abhishek/my_ws/install
[0.413s] DEBUG:colcon.colcon_installed_package_information.package_discovery:Found 1 installed packages in /home/abhishek/Abhi_ws/install
[0.414s] DEBUG:colcon.colcon_installed_package_information.package_discovery:Found 1 installed packages in /home/abhishek/install
[0.416s] DEBUG:colcon.colcon_installed_package_information.package_discovery:Found 419 installed packages in /opt/ros/humble
[0.419s] Level 1:colcon.colcon_core.package_discovery:discover_packages(prefix_path) using defaults
[0.476s] Level 5:colcon.colcon_core.verb:set package 'ball_tracker' build argument 'cmake_args' from command line to 'None'
[0.476s] Level 5:colcon.colcon_core.verb:set package 'ball_tracker' build argument 'cmake_target' from command line to 'None'
[0.476s] Level 5:colcon.colcon_core.verb:set package 'ball_tracker' build argument 'cmake_target_skip_unavailable' from command line to 'False'
[0.476s] Level 5:colcon.colcon_core.verb:set package 'ball_tracker' build argument 'cmake_clean_cache' from command line to 'False'
[0.476s] Level 5:colcon.colcon_core.verb:set package 'ball_tracker' build argument 'cmake_clean_first' from command line to 'False'
[0.476s] Level 5:colcon.colcon_core.verb:set package 'ball_tracker' build argument 'cmake_force_configure' from command line to 'False'
[0.476s] Level 5:colcon.colcon_core.verb:set package 'ball_tracker' build argument 'ament_cmake_args' from command line to 'None'
[0.476s] Level 5:colcon.colcon_core.verb:set package 'ball_tracker' build argument 'catkin_cmake_args' from command line to 'None'
[0.476s] Level 5:colcon.colcon_core.verb:set package 'ball_tracker' build argument 'catkin_skip_building_tests' from command line to 'False'
[0.477s] DEBUG:colcon.colcon_core.verb:Building package 'ball_tracker' with the following arguments: {'ament_cmake_args': None, 'build_base': '/home/abhishek/my_ws/build/ball_tracker', 'catkin_cmake_args': None, 'catkin_skip_building_tests': False, 'cmake_args': None, 'cmake_clean_cache': False, 'cmake_clean_first': False, 'cmake_force_configure': False, 'cmake_target': None, 'cmake_target_skip_unavailable': False, 'install_base': '/home/abhishek/my_ws/install/ball_tracker', 'merge_install': False, 'path': '/home/abhishek/my_ws/src2/ball_tracker', 'symlink_install': True, 'test_result_base': None}
[0.477s] Level 5:colcon.colcon_core.verb:set package 'my_bot' build argument 'cmake_args' from command line to 'None'
[0.477s] Level 5:colcon.colcon_core.verb:set package 'my_bot' build argument 'cmake_target' from command line to 'None'
[0.477s] Level 5:colcon.colcon_core.verb:set package 'my_bot' build argument 'cmake_target_skip_unavailable' from command line to 'False'
[0.477s] Level 5:colcon.colcon_core.verb:set package 'my_bot' build argument 'cmake_clean_cache' from command line to 'False'
[0.477s] Level 5:colcon.colcon_core.verb:set package 'my_bot' build argument 'cmake_clean_first' from command line to 'False'
[0.477s] Level 5:colcon.colcon_core.verb:set package 'my_bot' build argument 'cmake_force_configure' from command line to 'False'
[0.477s] Level 5:colcon.colcon_core.verb:set package 'my_bot' build argument 'ament_cmake_args' from command line to 'None'
[0.477s] Level 5:colcon.colcon_core.verb:set package 'my_bot' build argument 'catkin_cmake_args' from command line to 'None'
[0.477s] Level 5:colcon.colcon_core.verb:set package 'my_bot' build argument 'catkin_skip_building_tests' from command line to 'False'
[0.477s] DEBUG:colcon.colcon_core.verb:Building package 'my_bot' with the following arguments: {'ament_cmake_args': None, 'build_base': '/home/abhishek/my_ws/build/my_bot', 'catkin_cmake_args': None, 'catkin_skip_building_tests': False, 'cmake_args': None, 'cmake_clean_cache': False, 'cmake_clean_first': False, 'cmake_force_configure': False, 'cmake_target': None, 'cmake_target_skip_unavailable': False, 'install_base': '/home/abhishek/my_ws/install/my_bot', 'merge_install': False, 'path': '/home/abhishek/my_ws/src2/my_robo', 'symlink_install': True, 'test_result_base': None}
[0.477s] INFO:colcon.colcon_core.executor:Executing jobs using 'parallel' executor
[0.478s] DEBUG:colcon.colcon_parallel_executor.executor.parallel:run_until_complete
[0.479s] INFO:colcon.colcon_ros.task.ament_python.build:Building ROS package in '/home/abhishek/my_ws/src2/ball_tracker' with build type 'ament_python'
[0.479s] Level 1:colcon.colcon_core.shell:create_environment_hook('ball_tracker', 'ament_prefix_path')
[0.483s] INFO:colcon.colcon_core.plugin_system:Skipping extension 'colcon_core.shell.bat': Not used on non-Windows systems
[0.483s] INFO:colcon.colcon_core.shell:Creating environment hook '/home/abhishek/my_ws/install/ball_tracker/share/ball_tracker/hook/ament_prefix_path.ps1'
[0.485s] INFO:colcon.colcon_core.shell:Creating environment descriptor '/home/abhishek/my_ws/install/ball_tracker/share/ball_tracker/hook/ament_prefix_path.dsv'
[0.485s] INFO:colcon.colcon_core.shell:Creating environment hook '/home/abhishek/my_ws/install/ball_tracker/share/ball_tracker/hook/ament_prefix_path.sh'
[0.487s] INFO:colcon.colcon_core.shell:Skip shell extension 'powershell' for command environment: Not usable outside of PowerShell
[0.487s] DEBUG:colcon.colcon_core.shell:Skip shell extension 'dsv' for command environment
[0.492s] INFO:colcon.colcon_ros.task.ament_cmake.build:Building ROS package in '/home/abhishek/my_ws/src2/my_robo' with build type 'ament_cmake'
[0.492s] INFO:colcon.colcon_cmake.task.cmake.build:Building CMake package in '/home/abhishek/my_ws/src2/my_robo'
[0.493s] INFO:colcon.colcon_core.shell:Skip shell extension 'powershell' for command environment: Not usable outside of PowerShell
[0.493s] DEBUG:colcon.colcon_core.shell:Skip shell extension 'dsv' for command environment
[0.767s] INFO:colcon.colcon_core.task.python.build:Building Python package in '/home/abhishek/my_ws/src2/ball_tracker'
[0.767s] INFO:colcon.colcon_core.shell:Skip shell extension 'powershell' for command environment: Not usable outside of PowerShell
[0.767s] DEBUG:colcon.colcon_core.shell:Skip shell extension 'dsv' for command environment
[0.777s] DEBUG:colcon.colcon_core.event_handler.log_command:Invoking command in '/home/abhishek/my_ws/build/my_bot': CMAKE_PREFIX_PATH=${CMAKE_PREFIX_PATH}:/home/abhishek/path_planning_ws/install/maze_bot:/home/abhishek/ros2_ws/install/my_robot_control:/home/abhishek/my_ws/install/ball_tracker:/home/abhishek/install/my_robot_cont:/opt/ros/humble /usr/bin/cmake --build /home/abhishek/my_ws/build/my_bot -- -j16 -l16
[0.846s] DEBUG:colcon.colcon_core.event_handler.log_command:Invoked command in '/home/abhishek/my_ws/build/my_bot' returned '0': CMAKE_PREFIX_PATH=${CMAKE_PREFIX_PATH}:/home/abhishek/path_planning_ws/install/maze_bot:/home/abhishek/ros2_ws/install/my_robot_control:/home/abhishek/my_ws/install/ball_tracker:/home/abhishek/install/my_robot_cont:/opt/ros/humble /usr/bin/cmake --build /home/abhishek/my_ws/build/my_bot -- -j16 -l16
[0.885s] DEBUG:colcon.colcon_core.event_handler.log_command:Invoking command in '/home/abhishek/my_ws/build/my_bot': CMAKE_PREFIX_PATH=${CMAKE_PREFIX_PATH}:/home/abhishek/path_planning_ws/install/maze_bot:/home/abhishek/ros2_ws/install/my_robot_control:/home/abhishek/my_ws/install/ball_tracker:/home/abhishek/install/my_robot_cont:/opt/ros/humble /usr/bin/cmake --install /home/abhishek/my_ws/build/my_bot
[0.926s] Level 1:colcon.colcon_core.environment:create_environment_scripts_only(my_bot)
[0.927s] DEBUG:colcon.colcon_core.event_handler.log_command:Invoked command in '/home/abhishek/my_ws/build/my_bot' returned '0': CMAKE_PREFIX_PATH=${CMAKE_PREFIX_PATH}:/home/abhishek/path_planning_ws/install/maze_bot:/home/abhishek/ros2_ws/install/my_robot_control:/home/abhishek/my_ws/install/ball_tracker:/home/abhishek/install/my_robot_cont:/opt/ros/humble /usr/bin/cmake --install /home/abhishek/my_ws/build/my_bot
[0.936s] Level 1:colcon.colcon_core.environment:checking '/home/abhishek/my_ws/install/my_bot' for CMake module files
[0.939s] Level 1:colcon.colcon_core.environment:checking '/home/abhishek/my_ws/install/my_bot' for CMake config files
[0.940s] Level 1:colcon.colcon_core.shell:create_environment_hook('my_bot', 'cmake_prefix_path')
[0.941s] INFO:colcon.colcon_core.shell:Creating environment hook '/home/abhishek/my_ws/install/my_bot/share/my_bot/hook/cmake_prefix_path.ps1'
[0.942s] INFO:colcon.colcon_core.shell:Creating environment descriptor '/home/abhishek/my_ws/install/my_bot/share/my_bot/hook/cmake_prefix_path.dsv'
[0.943s] INFO:colcon.colcon_core.shell:Creating environment hook '/home/abhishek/my_ws/install/my_bot/share/my_bot/hook/cmake_prefix_path.sh'
[0.944s] Level 1:colcon.colcon_core.environment:checking '/home/abhishek/my_ws/install/my_bot/bin'
[0.944s] Level 1:colcon.colcon_core.environment:checking '/home/abhishek/my_ws/install/my_bot/lib/pkgconfig/my_bot.pc'
[0.945s] Level 1:colcon.colcon_core.environment:checking '/home/abhishek/my_ws/install/my_bot/lib/python3.10/site-packages'
[0.945s] Level 1:colcon.colcon_core.environment:checking '/home/abhishek/my_ws/install/my_bot/bin'
[0.946s] INFO:colcon.colcon_core.shell:Creating package script '/home/abhishek/my_ws/install/my_bot/share/my_bot/package.ps1'
[0.947s] INFO:colcon.colcon_core.shell:Creating package descriptor '/home/abhishek/my_ws/install/my_bot/share/my_bot/package.dsv'
[0.948s] INFO:colcon.colcon_core.shell:Creating package script '/home/abhishek/my_ws/install/my_bot/share/my_bot/package.sh'
[0.949s] INFO:colcon.colcon_core.shell:Creating package script '/home/abhishek/my_ws/install/my_bot/share/my_bot/package.bash'
[0.951s] INFO:colcon.colcon_core.shell:Creating package script '/home/abhishek/my_ws/install/my_bot/share/my_bot/package.zsh'
[0.952s] Level 1:colcon.colcon_core.environment:create_file_with_runtime_dependencies(/home/abhishek/my_ws/install/my_bot/share/colcon-core/packages/my_bot)
[0.985s] Level 1:colcon.colcon_core.environment:create_environment_scripts_only(my_bot)
[0.985s] Level 1:colcon.colcon_core.environment:checking '/home/abhishek/my_ws/install/my_bot' for CMake module files
[0.986s] Level 1:colcon.colcon_core.environment:checking '/home/abhishek/my_ws/install/my_bot' for CMake config files
[0.986s] Level 1:colcon.colcon_core.shell:create_environment_hook('my_bot', 'cmake_prefix_path')
[0.987s] INFO:colcon.colcon_core.shell:Creating environment hook '/home/abhishek/my_ws/install/my_bot/share/my_bot/hook/cmake_prefix_path.ps1'
[0.987s] INFO:colcon.colcon_core.shell:Creating environment descriptor '/home/abhishek/my_ws/install/my_bot/share/my_bot/hook/cmake_prefix_path.dsv'
[0.988s] INFO:colcon.colcon_core.shell:Creating environment hook '/home/abhishek/my_ws/install/my_bot/share/my_bot/hook/cmake_prefix_path.sh'
[0.988s] Level 1:colcon.colcon_core.environment:checking '/home/abhishek/my_ws/install/my_bot/bin'
[0.989s] Level 1:colcon.colcon_core.environment:checking '/home/abhishek/my_ws/install/my_bot/lib/pkgconfig/my_bot.pc'
[0.989s] Level 1:colcon.colcon_core.environment:checking '/home/abhishek/my_ws/install/my_bot/lib/python3.10/site-packages'
[0.989s] Level 1:colcon.colcon_core.environment:checking '/home/abhishek/my_ws/install/my_bot/bin'
[0.990s] INFO:colcon.colcon_core.shell:Creating package script '/home/abhishek/my_ws/install/my_bot/share/my_bot/package.ps1'
[0.990s] INFO:colcon.colcon_core.shell:Creating package descriptor '/home/abhishek/my_ws/install/my_bot/share/my_bot/package.dsv'
[0.991s] INFO:colcon.colcon_core.shell:Creating package script '/home/abhishek/my_ws/install/my_bot/share/my_bot/package.sh'
[0.991s] INFO:colcon.colcon_core.shell:Creating package script '/home/abhishek/my_ws/install/my_bot/share/my_bot/package.bash'
[0.992s] INFO:colcon.colcon_core.shell:Creating package script '/home/abhishek/my_ws/install/my_bot/share/my_bot/package.zsh'
[0.992s] Level 1:colcon.colcon_core.environment:create_file_with_runtime_dependencies(/home/abhishek/my_ws/install/my_bot/share/colcon-core/packages/my_bot)
[1.700s] DEBUG:colcon.colcon_core.event_handler.log_command:Invoking command in '/home/abhishek/my_ws/build/ball_tracker': PYTHONPATH=/home/abhishek/my_ws/build/ball_tracker/prefix_override:/home/abhishek/my_ws/install/ball_tracker/lib/python3.10/site-packages:${PYTHONPATH} /usr/bin/python3 -W ignore:setup.py install is deprecated setup.py develop --editable --build-directory /home/abhishek/my_ws/build/ball_tracker/build --no-deps symlink_data
[2.478s] Level 1:colcon.colcon_core.shell:create_environment_hook('ball_tracker', 'pythonpath_develop')
[2.479s] INFO:colcon.colcon_core.shell:Creating environment hook '/home/abhishek/my_ws/build/ball_tracker/share/ball_tracker/hook/pythonpath_develop.ps1'
[2.480s] DEBUG:colcon.colcon_core.event_handler.log_command:Invoked command in '/home/abhishek/my_ws/build/ball_tracker' returned '0': PYTHONPATH=/home/abhishek/my_ws/build/ball_tracker/prefix_override:/home/abhishek/my_ws/install/ball_tracker/lib/python3.10/site-packages:${PYTHONPATH} /usr/bin/python3 -W ignore:setup.py install is deprecated setup.py develop --editable --build-directory /home/abhishek/my_ws/build/ball_tracker/build --no-deps symlink_data
[2.481s] INFO:colcon.colcon_core.shell:Creating environment descriptor '/home/abhishek/my_ws/build/ball_tracker/share/ball_tracker/hook/pythonpath_develop.dsv'
[2.481s] INFO:colcon.colcon_core.shell:Creating environment hook '/home/abhishek/my_ws/build/ball_tracker/share/ball_tracker/hook/pythonpath_develop.sh'
[2.482s] Level 1:colcon.colcon_core.environment:checking '/home/abhishek/my_ws/install/ball_tracker' for CMake module files
[2.483s] Level 1:colcon.colcon_core.environment:checking '/home/abhishek/my_ws/install/ball_tracker' for CMake config files
[2.484s] Level 1:colcon.colcon_core.environment:checking '/home/abhishek/my_ws/install/ball_tracker/lib'
[2.484s] Level 1:colcon.colcon_core.environment:checking '/home/abhishek/my_ws/install/ball_tracker/bin'
[2.484s] Level 1:colcon.colcon_core.environment:checking '/home/abhishek/my_ws/install/ball_tracker/lib/pkgconfig/ball_tracker.pc'
[2.485s] Level 1:colcon.colcon_core.environment:checking '/home/abhishek/my_ws/install/ball_tracker/lib/python3.10/site-packages'
[2.485s] Level 1:colcon.colcon_core.shell:create_environment_hook('ball_tracker', 'pythonpath')
[2.485s] INFO:colcon.colcon_core.shell:Creating environment hook '/home/abhishek/my_ws/install/ball_tracker/share/ball_tracker/hook/pythonpath.ps1'
[2.486s] INFO:colcon.colcon_core.shell:Creating environment descriptor '/home/abhishek/my_ws/install/ball_tracker/share/ball_tracker/hook/pythonpath.dsv'
[2.486s] INFO:colcon.colcon_core.shell:Creating environment hook '/home/abhishek/my_ws/install/ball_tracker/share/ball_tracker/hook/pythonpath.sh'
[2.487s] Level 1:colcon.colcon_core.environment:checking '/home/abhishek/my_ws/install/ball_tracker/bin'
[2.487s] Level 1:colcon.colcon_core.environment:create_environment_scripts_only(ball_tracker)
[2.488s] INFO:colcon.colcon_core.shell:Creating package script '/home/abhishek/my_ws/install/ball_tracker/share/ball_tracker/package.ps1'
[2.488s] INFO:colcon.colcon_core.shell:Creating package descriptor '/home/abhishek/my_ws/install/ball_tracker/share/ball_tracker/package.dsv'
[2.489s] INFO:colcon.colcon_core.shell:Creating package script '/home/abhishek/my_ws/install/ball_tracker/share/ball_tracker/package.sh'
[2.489s] INFO:colcon.colcon_core.shell:Creating package script '/home/abhishek/my_ws/install/ball_tracker/share/ball_tracker/package.bash'
[2.490s] INFO:colcon.colcon_core.shell:Creating package script '/home/abhishek/my_ws/install/ball_tracker/share/ball_tracker/package.zsh'
[2.490s] Level 1:colcon.colcon_core.environment:create_file_with_runtime_dependencies(/home/abhishek/my_ws/install/ball_tracker/share/colcon-core/packages/ball_tracker)
[2.490s] DEBUG:colcon.colcon_parallel_executor.executor.parallel:closing loop
[2.491s] DEBUG:colcon.colcon_parallel_executor.executor.parallel:loop closed
[2.491s] DEBUG:colcon.colcon_parallel_executor.executor.parallel:run_until_complete finished with '0'
[2.491s] DEBUG:colcon.colcon_core.event_reactor:joining thread
[2.500s] INFO:colcon.colcon_core.plugin_system:Skipping extension 'colcon_notification.desktop_notification.terminal_notifier': Not used on non-Darwin systems
[2.500s] INFO:colcon.colcon_core.plugin_system:Skipping extension 'colcon_notification.desktop_notification.win32': Not used on non-Windows systems
[2.500s] INFO:colcon.colcon_notification.desktop_notification:Sending desktop notification using 'notify2'
[2.528s] DEBUG:colcon.colcon_core.event_reactor:joined thread
[2.528s] INFO:colcon.colcon_core.shell:Creating prefix script '/home/abhishek/my_ws/install/local_setup.ps1'
[2.530s] INFO:colcon.colcon_core.shell:Creating prefix util module '/home/abhishek/my_ws/install/_local_setup_util_ps1.py'
[2.532s] INFO:colcon.colcon_core.shell:Creating prefix chain script '/home/abhishek/my_ws/install/setup.ps1'
[2.534s] INFO:colcon.colcon_core.shell:Creating prefix script '/home/abhishek/my_ws/install/local_setup.sh'
[2.535s] INFO:colcon.colcon_core.shell:Creating prefix util module '/home/abhishek/my_ws/install/_local_setup_util_sh.py'
[2.536s] INFO:colcon.colcon_core.shell:Creating prefix chain script '/home/abhishek/my_ws/install/setup.sh'
[2.539s] INFO:colcon.colcon_core.shell:Creating prefix script '/home/abhishek/my_ws/install/local_setup.bash'
[2.540s] INFO:colcon.colcon_core.shell:Creating prefix chain script '/home/abhishek/my_ws/install/setup.bash'
[2.542s] INFO:colcon.colcon_core.shell:Creating prefix script '/home/abhishek/my_ws/install/local_setup.zsh'
[2.543s] INFO:colcon.colcon_core.shell:Creating prefix chain script '/home/abhishek/my_ws/install/setup.zsh'
