[0.013s] Invoking command in '/home/abhishek/my_ws/build/my_bot': /usr/bin/cmake /home/abhishek/my_ws/src2/my_robo -DCMAKE_INSTALL_PREFIX=/home/abhishek/my_ws/install/my_bot
[0.056s] -- Found ament_cmake: 1.3.9 (/opt/ros/humble/share/ament_cmake/cmake)
[0.212s] -- Override CMake install command with custom implementation using symlinks instead of copying resources
[0.245s] [31mCMake Error at CMakeLists.txt:25 (find_package):
[0.245s]   By not providing "Findament_lint_auto.cmake" in CMAKE_MODULE_PATH this
[0.245s]   project has asked CMake to find a package configuration file provided by
[0.245s]   "ament_lint_auto", but CMake did not find one.
[0.245s] 
[0.245s]   Could not find a package configuration file provided by "ament_lint_auto"
[0.245s]   with any of the following names:
[0.245s] 
[0.245s]     ament_lint_autoConfig.cmake
[0.245s]     ament_lint_auto-config.cmake
[0.245s] 
[0.245s]   Add the installation prefix of "ament_lint_auto" to CMAKE_PREFIX_PATH or
[0.246s]   set "ament_lint_auto_DIR" to a directory containing one of the above files.
[0.246s]   If "ament_lint_auto" provides a separate development package or SDK, be
[0.246s]   sure it has been installed.
[0.246s] 
[0.246s] [0m
[0.246s] -- Configuring incomplete, errors occurred!
[0.246s] See also "/home/abhishek/my_ws/build/my_bot/CMakeFiles/CMakeOutput.log".
[0.249s] Invoked command in '/home/abhishek/my_ws/build/my_bot' returned '1': /usr/bin/cmake /home/abhishek/my_ws/src2/my_robo -DCMAKE_INSTALL_PREFIX=/home/abhishek/my_ws/install/my_bot
