[1.221s] Invoking command in '/home/abhishek/my_ws/build/ball_tracker': PYTHONPATH=/home/abhishek/my_ws/build/ball_tracker/prefix_override:/home/abhishek/my_ws/install/ball_tracker/lib/python3.10/site-packages:${PYTHONPATH} /usr/bin/python3 -W ignore:setup.py install is deprecated setup.py develop --editable --build-directory /home/abhishek/my_ws/build/ball_tracker/build --no-deps symlink_data
[1.389s] /home/abhishek/.local/lib/python3.10/site-packages/setuptools/dist.py:478: SetuptoolsDeprecationWarning: Invalid dash-separated options
[1.390s] !!
[1.390s] 
[1.390s]         ********************************************************************************
[1.390s]         Usage of dash-separated 'script-dir' will not be supported in future
[1.390s]         versions. Please use the underscore name 'script_dir' instead.
[1.390s] 
[1.390s]         By 2024-Sep-26, you need to update your project and remove deprecated calls
[1.390s]         or your builds will no longer be supported.
[1.390s] 
[1.390s]         See https://setuptools.pypa.io/en/latest/userguide/declarative_config.html for details.
[1.390s]         ********************************************************************************
[1.390s] 
[1.390s] !!
[1.390s]   opt = self.warn_dash_deprecation(opt, section)
[1.599s] running develop
[1.601s] /home/abhishek/.local/lib/python3.10/site-packages/setuptools/command/develop.py:42: EasyInstallDeprecationWarning: easy_install command is deprecated.
[1.601s] !!
[1.601s] 
[1.601s]         ********************************************************************************
[1.601s]         Please avoid running ``setup.py`` and ``easy_install``.
[1.601s]         Instead, use pypa/build, pypa/installer or other
[1.601s]         standards-based tools.
[1.601s] 
[1.602s]         See https://github.com/pypa/setuptools/issues/917 for details.
[1.602s]         ********************************************************************************
[1.602s] 
[1.602s] !!
[1.602s]   easy_install.initialize_options(self)
[1.879s] running egg_info
[1.897s] writing ball_tracker.egg-info/PKG-INFO
[1.897s] writing dependency_links to ball_tracker.egg-info/dependency_links.txt
[1.897s] writing entry points to ball_tracker.egg-info/entry_points.txt
[1.898s] writing requirements to ball_tracker.egg-info/requires.txt
[1.898s] writing top-level names to ball_tracker.egg-info/top_level.txt
[1.930s] reading manifest file 'ball_tracker.egg-info/SOURCES.txt'
[1.932s] writing manifest file 'ball_tracker.egg-info/SOURCES.txt'
[1.955s] running build_ext
[1.955s] Creating /home/abhishek/my_ws/install/ball_tracker/lib/python3.10/site-packages/ball-tracker.egg-link (link to .)
[1.957s] Installing detect_ball script to /home/abhishek/my_ws/install/ball_tracker/lib/ball_tracker
[1.957s] Installing detect_ball_3d script to /home/abhishek/my_ws/install/ball_tracker/lib/ball_tracker
[1.957s] Installing follow_ball script to /home/abhishek/my_ws/install/ball_tracker/lib/ball_tracker
[1.957s] 
[1.957s] Installed /home/abhishek/my_ws/build/ball_tracker
[1.957s] running symlink_data
[2.000s] Invoked command in '/home/abhishek/my_ws/build/ball_tracker' returned '0': PYTHONPATH=/home/abhishek/my_ws/build/ball_tracker/prefix_override:/home/abhishek/my_ws/install/ball_tracker/lib/python3.10/site-packages:${PYTHONPATH} /usr/bin/python3 -W ignore:setup.py install is deprecated setup.py develop --editable --build-directory /home/abhishek/my_ws/build/ball_tracker/build --no-deps symlink_data
