/home/abhishek/.local/lib/python3.10/site-packages/setuptools/dist.py:478: SetuptoolsDeprecationWarning: Invalid dash-separated options
!!

        ********************************************************************************
        Usage of dash-separated 'script-dir' will not be supported in future
        versions. Please use the underscore name 'script_dir' instead.

        By 2024-Sep-26, you need to update your project and remove deprecated calls
        or your builds will no longer be supported.

        See https://setuptools.pypa.io/en/latest/userguide/declarative_config.html for details.
        ********************************************************************************

!!
  opt = self.warn_dash_deprecation(opt, section)
running develop
/home/abhishek/.local/lib/python3.10/site-packages/setuptools/command/develop.py:42: EasyInstallDeprecationWarning: easy_install command is deprecated.
!!

        ********************************************************************************
        Please avoid running ``setup.py`` and ``easy_install``.
        Instead, use pypa/build, pypa/installer or other
        standards-based tools.

        See https://github.com/pypa/setuptools/issues/917 for details.
        ********************************************************************************

!!
  easy_install.initialize_options(self)
running egg_info
writing ball_tracker.egg-info/PKG-INFO
writing dependency_links to ball_tracker.egg-info/dependency_links.txt
writing entry points to ball_tracker.egg-info/entry_points.txt
writing requirements to ball_tracker.egg-info/requires.txt
writing top-level names to ball_tracker.egg-info/top_level.txt
reading manifest file 'ball_tracker.egg-info/SOURCES.txt'
writing manifest file 'ball_tracker.egg-info/SOURCES.txt'
running build_ext
Creating /home/abhishek/my_ws/install/ball_tracker/lib/python3.10/site-packages/ball-tracker.egg-link (link to .)
Installing detect_ball script to /home/abhishek/my_ws/install/ball_tracker/lib/ball_tracker
Installing detect_ball_3d script to /home/abhishek/my_ws/install/ball_tracker/lib/ball_tracker
Installing follow_ball script to /home/abhishek/my_ws/install/ball_tracker/lib/ball_tracker

Installed /home/abhishek/my_ws/build/ball_tracker
running symlink_data
symbolically linking /home/abhishek/my_ws/build/ball_tracker/resource/ball_tracker -> /home/abhishek/my_ws/install/ball_tracker/share/ament_index/resource_index/packages
symbolically linking /home/abhishek/my_ws/build/ball_tracker/package.xml -> /home/abhishek/my_ws/install/ball_tracker/share/ball_tracker
symbolically linking /home/abhishek/my_ws/build/ball_tracker/launch/example_launch_include.launch.py -> /home/abhishek/my_ws/install/ball_tracker/share/ball_tracker/launch
symbolically linking /home/abhishek/my_ws/build/ball_tracker/launch/ball_tracker.launch.py -> /home/abhishek/my_ws/install/ball_tracker/share/ball_tracker/launch
symbolically linking /home/abhishek/my_ws/build/ball_tracker/config/ball_tracker_params_example.yaml -> /home/abhishek/my_ws/install/ball_tracker/share/ball_tracker/config
