[1.110s] Invoking command in '/home/abhishek/my_ws/build/ball_tracker': PYTHONPATH=/home/abhishek/my_ws/build/ball_tracker/prefix_override:/home/abhishek/my_ws/install/ball_tracker/lib/python3.10/site-packages:${PYTHONPATH} /usr/bin/python3 -W ignore:setup.py install is deprecated setup.py develop --editable --build-directory /home/abhishek/my_ws/build/ball_tracker/build --no-deps symlink_data --force
[1.271s] /home/abhishek/.local/lib/python3.10/site-packages/setuptools/dist.py:478: SetuptoolsDeprecationWarning: Invalid dash-separated options
[1.271s] !!
[1.271s] 
[1.271s]         ********************************************************************************
[1.271s]         Usage of dash-separated 'script-dir' will not be supported in future
[1.271s]         versions. Please use the underscore name 'script_dir' instead.
[1.271s] 
[1.271s]         By 2024-Sep-26, you need to update your project and remove deprecated calls
[1.271s]         or your builds will no longer be supported.
[1.272s] 
[1.272s]         See https://setuptools.pypa.io/en/latest/userguide/declarative_config.html for details.
[1.272s]         ********************************************************************************
[1.272s] 
[1.272s] !!
[1.272s]   opt = self.warn_dash_deprecation(opt, section)
[1.479s] running develop
[1.479s] /home/abhishek/.local/lib/python3.10/site-packages/setuptools/command/develop.py:42: EasyInstallDeprecationWarning: easy_install command is deprecated.
[1.479s] !!
[1.480s] 
[1.480s]         ********************************************************************************
[1.480s]         Please avoid running ``setup.py`` and ``easy_install``.
[1.480s]         Instead, use pypa/build, pypa/installer or other
[1.480s]         standards-based tools.
[1.480s] 
[1.480s]         See https://github.com/pypa/setuptools/issues/917 for details.
[1.480s]         ********************************************************************************
[1.480s] 
[1.480s] !!
[1.480s]   easy_install.initialize_options(self)
[1.710s] running egg_info
[1.725s] writing ball_tracker.egg-info/PKG-INFO
[1.726s] writing dependency_links to ball_tracker.egg-info/dependency_links.txt
[1.726s] writing entry points to ball_tracker.egg-info/entry_points.txt
[1.727s] writing requirements to ball_tracker.egg-info/requires.txt
[1.727s] writing top-level names to ball_tracker.egg-info/top_level.txt
[1.762s] reading manifest file 'ball_tracker.egg-info/SOURCES.txt'
[1.763s] writing manifest file 'ball_tracker.egg-info/SOURCES.txt'
[1.780s] running build_ext
[1.780s] Creating /home/abhishek/my_ws/install/ball_tracker/lib/python3.10/site-packages/ball-tracker.egg-link (link to .)
[1.781s] Installing detect_ball script to /home/abhishek/my_ws/install/ball_tracker/lib/ball_tracker
[1.781s] Installing detect_ball_3d script to /home/abhishek/my_ws/install/ball_tracker/lib/ball_tracker
[1.782s] Installing follow_ball script to /home/abhishek/my_ws/install/ball_tracker/lib/ball_tracker
[1.782s] 
[1.782s] Installed /home/abhishek/my_ws/build/ball_tracker
[1.782s] running symlink_data
[1.782s] symbolically linking /home/abhishek/my_ws/build/ball_tracker/resource/ball_tracker -> /home/abhishek/my_ws/install/ball_tracker/share/ament_index/resource_index/packages
[1.782s] symbolically linking /home/abhishek/my_ws/build/ball_tracker/package.xml -> /home/abhishek/my_ws/install/ball_tracker/share/ball_tracker
[1.782s] symbolically linking /home/abhishek/my_ws/build/ball_tracker/launch/example_launch_include.launch.py -> /home/abhishek/my_ws/install/ball_tracker/share/ball_tracker/launch
[1.782s] symbolically linking /home/abhishek/my_ws/build/ball_tracker/launch/ball_tracker.launch.py -> /home/abhishek/my_ws/install/ball_tracker/share/ball_tracker/launch
[1.783s] symbolically linking /home/abhishek/my_ws/build/ball_tracker/config/ball_tracker_params_example.yaml -> /home/abhishek/my_ws/install/ball_tracker/share/ball_tracker/config
[1.821s] Invoked command in '/home/abhishek/my_ws/build/ball_tracker' returned '0': PYTHONPATH=/home/abhishek/my_ws/build/ball_tracker/prefix_override:/home/abhishek/my_ws/install/ball_tracker/lib/python3.10/site-packages:${PYTHONPATH} /usr/bin/python3 -W ignore:setup.py install is deprecated setup.py develop --editable --build-directory /home/abhishek/my_ws/build/ball_tracker/build --no-deps symlink_data --force
