[0.010s] Invoking command in '/home/abhishek/my_ws/build/my_bot': /usr/bin/cmake /home/abhishek/my_ws/src2/my_robo -DCMAKE_INSTALL_PREFIX=/home/abhishek/my_ws/install/my_bot
[0.032s] [31mCMake Error at CMakeLists.txt:19 (find_package):
[0.032s]   By not providing "Findament_cmake.cmake" in CMAKE_MODULE_PATH this project
[0.032s]   has asked CMake to find a package configuration file provided by
[0.032s]   "ament_cmake", but CMake did not find one.
[0.032s] 
[0.032s]   Could not find a package configuration file provided by "ament_cmake" with
[0.032s]   any of the following names:
[0.032s] 
[0.032s]     ament_cmakeConfig.cmake
[0.032s]     ament_cmake-config.cmake
[0.033s] 
[0.033s]   Add the installation prefix of "ament_cmake" to CMAKE_PREFIX_PATH or set
[0.033s]   "ament_cmake_DIR" to a directory containing one of the above files.  If
[0.033s]   "ament_cmake" provides a separate development package or SDK, be sure it
[0.033s]   has been installed.
[0.033s] 
[0.033s] [0m
[0.033s] -- Configuring incomplete, errors occurred!
[0.033s] See also "/home/abhishek/my_ws/build/my_bot/CMakeFiles/CMakeOutput.log".
[0.035s] Invoked command in '/home/abhishek/my_ws/build/my_bot' returned '1': /usr/bin/cmake /home/abhishek/my_ws/src2/my_robo -DCMAKE_INSTALL_PREFIX=/home/abhishek/my_ws/install/my_bot
